Apache Maven 3.8.6 (84538c9988a25aec085021c365c560670ad80f63)
Maven home: /Users/msl/.sdkman/candidates/maven/current
Java version: 18.0.2, vendor: Azul Systems, Inc., runtime: /Users/msl/.sdkman/candidates/java/18.0.2-zulu/zulu-18.jdk/Contents/Home
Default locale: en_AU, platform encoding: UTF-8
OS name: "mac os x", version: "12.5.1", arch: "aarch64", family: "mac"
[DEBUG] Created new class realm maven.api
[DEBUG] Importing foreign packages into class realm maven.api
[DEBUG]   Imported: javax.annotation.* < plexus.core
[DEBUG]   Imported: javax.annotation.security.* < plexus.core
[DEBUG]   Imported: javax.inject.* < plexus.core
[DEBUG]   Imported: org.apache.maven.* < plexus.core
[DEBUG]   Imported: org.apache.maven.artifact < plexus.core
[DEBUG]   Imported: org.apache.maven.classrealm < plexus.core
[DEBUG]   Imported: org.apache.maven.cli < plexus.core
[DEBUG]   Imported: org.apache.maven.configuration < plexus.core
[DEBUG]   Imported: org.apache.maven.exception < plexus.core
[DEBUG]   Imported: org.apache.maven.execution < plexus.core
[DEBUG]   Imported: org.apache.maven.execution.scope < plexus.core
[DEBUG]   Imported: org.apache.maven.lifecycle < plexus.core
[DEBUG]   Imported: org.apache.maven.model < plexus.core
[DEBUG]   Imported: org.apache.maven.monitor < plexus.core
[DEBUG]   Imported: org.apache.maven.plugin < plexus.core
[DEBUG]   Imported: org.apache.maven.profiles < plexus.core
[DEBUG]   Imported: org.apache.maven.project < plexus.core
[DEBUG]   Imported: org.apache.maven.reporting < plexus.core
[DEBUG]   Imported: org.apache.maven.repository < plexus.core
[DEBUG]   Imported: org.apache.maven.rtinfo < plexus.core
[DEBUG]   Imported: org.apache.maven.settings < plexus.core
[DEBUG]   Imported: org.apache.maven.toolchain < plexus.core
[DEBUG]   Imported: org.apache.maven.usability < plexus.core
[DEBUG]   Imported: org.apache.maven.wagon.* < plexus.core
[DEBUG]   Imported: org.apache.maven.wagon.authentication < plexus.core
[DEBUG]   Imported: org.apache.maven.wagon.authorization < plexus.core
[DEBUG]   Imported: org.apache.maven.wagon.events < plexus.core
[DEBUG]   Imported: org.apache.maven.wagon.observers < plexus.core
[DEBUG]   Imported: org.apache.maven.wagon.proxy < plexus.core
[DEBUG]   Imported: org.apache.maven.wagon.repository < plexus.core
[DEBUG]   Imported: org.apache.maven.wagon.resource < plexus.core
[DEBUG]   Imported: org.codehaus.classworlds < plexus.core
[DEBUG]   Imported: org.codehaus.plexus.* < plexus.core
[DEBUG]   Imported: org.codehaus.plexus.classworlds < plexus.core
[DEBUG]   Imported: org.codehaus.plexus.component < plexus.core
[DEBUG]   Imported: org.codehaus.plexus.configuration < plexus.core
[DEBUG]   Imported: org.codehaus.plexus.container < plexus.core
[DEBUG]   Imported: org.codehaus.plexus.context < plexus.core
[DEBUG]   Imported: org.codehaus.plexus.lifecycle < plexus.core
[DEBUG]   Imported: org.codehaus.plexus.logging < plexus.core
[DEBUG]   Imported: org.codehaus.plexus.personality < plexus.core
[DEBUG]   Imported: org.codehaus.plexus.util.xml.Xpp3Dom < plexus.core
[DEBUG]   Imported: org.codehaus.plexus.util.xml.pull.XmlPullParser < plexus.core
[DEBUG]   Imported: org.codehaus.plexus.util.xml.pull.XmlPullParserException < plexus.core
[DEBUG]   Imported: org.codehaus.plexus.util.xml.pull.XmlSerializer < plexus.core
[DEBUG]   Imported: org.eclipse.aether.* < plexus.core
[DEBUG]   Imported: org.eclipse.aether.artifact < plexus.core
[DEBUG]   Imported: org.eclipse.aether.collection < plexus.core
[DEBUG]   Imported: org.eclipse.aether.deployment < plexus.core
[DEBUG]   Imported: org.eclipse.aether.graph < plexus.core
[DEBUG]   Imported: org.eclipse.aether.impl < plexus.core
[DEBUG]   Imported: org.eclipse.aether.installation < plexus.core
[DEBUG]   Imported: org.eclipse.aether.internal.impl < plexus.core
[DEBUG]   Imported: org.eclipse.aether.metadata < plexus.core
[DEBUG]   Imported: org.eclipse.aether.repository < plexus.core
[DEBUG]   Imported: org.eclipse.aether.resolution < plexus.core
[DEBUG]   Imported: org.eclipse.aether.spi < plexus.core
[DEBUG]   Imported: org.eclipse.aether.transfer < plexus.core
[DEBUG]   Imported: org.eclipse.aether.version < plexus.core
[DEBUG]   Imported: org.fusesource.jansi.* < plexus.core
[DEBUG]   Imported: org.slf4j.* < plexus.core
[DEBUG]   Imported: org.slf4j.event.* < plexus.core
[DEBUG]   Imported: org.slf4j.helpers.* < plexus.core
[DEBUG]   Imported: org.slf4j.spi.* < plexus.core
[DEBUG] Populating class realm maven.api
[INFO] Error stacktraces are turned on.
[DEBUG] Message scheme: plain
[DEBUG] Reading global settings from /Users/msl/.sdkman/candidates/maven/current/conf/settings.xml
[DEBUG] Reading user settings from /Users/msl/.m2/settings.xml
[DEBUG] Reading global toolchains from /Users/msl/.sdkman/candidates/maven/current/conf/toolchains.xml
[DEBUG] Reading user toolchains from /Users/msl/.m2/toolchains.xml
[DEBUG] Using local repository at /Users/msl/.m2/repository
[DEBUG] Using manager EnhancedLocalRepositoryManager with priority 10.0 for /Users/msl/.m2/repository
[INFO] Scanning for projects...
[DEBUG] Extension realms for project org.example.dependency.check:dependency-check-issue:pom:1.0-SNAPSHOT: (none)
[DEBUG] Looking up lifecycle mappings for packaging pom from ClassRealm[plexus.core, parent: null]
[DEBUG] Extension realms for project org.example.dependency.check:parent:pom:1.0-SNAPSHOT: (none)
[DEBUG] Looking up lifecycle mappings for packaging pom from ClassRealm[plexus.core, parent: null]
[DEBUG] Extension realms for project org.example.dependency.check:module-1:jar:1.0-SNAPSHOT: (none)
[DEBUG] Looking up lifecycle mappings for packaging jar from ClassRealm[plexus.core, parent: null]
[DEBUG] Extension realms for project org.example.dependency.check:module-2:jar:1.0-SNAPSHOT: (none)
[DEBUG] Looking up lifecycle mappings for packaging jar from ClassRealm[plexus.core, parent: null]
[INFO] ------------------------------------------------------------------------
[INFO] Reactor Build Order:
[INFO] 
[INFO] parent                                                             [pom]
[INFO] module-1                                                           [jar]
[INFO] module-2                                                           [jar]
[INFO] dependency-check-issue                                             [pom]
[DEBUG] === REACTOR BUILD PLAN ================================================
[DEBUG] Project: org.example.dependency.check:parent:pom:1.0-SNAPSHOT
[DEBUG] Tasks:   [clean, install]
[DEBUG] Style:   Regular
[DEBUG] -----------------------------------------------------------------------
[DEBUG] Project: org.example.dependency.check:module-1:jar:1.0-SNAPSHOT
[DEBUG] Tasks:   [clean, install]
[DEBUG] Style:   Regular
[DEBUG] -----------------------------------------------------------------------
[DEBUG] Project: org.example.dependency.check:module-2:jar:1.0-SNAPSHOT
[DEBUG] Tasks:   [clean, install]
[DEBUG] Style:   Regular
[DEBUG] -----------------------------------------------------------------------
[DEBUG] Project: org.example.dependency.check:dependency-check-issue:pom:1.0-SNAPSHOT
[DEBUG] Tasks:   [clean, install]
[DEBUG] Style:   Regular
[DEBUG] =======================================================================
[INFO] 
[INFO] ----------------< org.example.dependency.check:parent >-----------------
[INFO] Building parent 1.0-SNAPSHOT                                       [1/4]
[INFO] --------------------------------[ pom ]---------------------------------
[DEBUG] Lifecycle default -> [validate, initialize, generate-sources, process-sources, generate-resources, process-resources, compile, process-classes, generate-test-sources, process-test-sources, generate-test-resources, process-test-resources, test-compile, process-test-classes, test, prepare-package, package, pre-integration-test, integration-test, post-integration-test, verify, install, deploy]
[DEBUG] Lifecycle clean -> [pre-clean, clean, post-clean]
[DEBUG] Lifecycle site -> [pre-site, site, post-site, site-deploy]
[DEBUG] Lifecycle default -> [validate, initialize, generate-sources, process-sources, generate-resources, process-resources, compile, process-classes, generate-test-sources, process-test-sources, generate-test-resources, process-test-resources, test-compile, process-test-classes, test, prepare-package, package, pre-integration-test, integration-test, post-integration-test, verify, install, deploy]
[DEBUG] Lifecycle clean -> [pre-clean, clean, post-clean]
[DEBUG] Lifecycle site -> [pre-site, site, post-site, site-deploy]
[DEBUG] Using mirror maven-default-http-blocker (http://0.0.0.0/) for apache.snapshots (http://repository.apache.org/snapshots).
[DEBUG] Lifecycle default -> [validate, initialize, generate-sources, process-sources, generate-resources, process-resources, compile, process-classes, generate-test-sources, process-test-sources, generate-test-resources, process-test-resources, test-compile, process-test-classes, test, prepare-package, package, pre-integration-test, integration-test, post-integration-test, verify, install, deploy]
[DEBUG] Lifecycle clean -> [pre-clean, clean, post-clean]
[DEBUG] Lifecycle site -> [pre-site, site, post-site, site-deploy]
[DEBUG] Lifecycle default -> [validate, initialize, generate-sources, process-sources, generate-resources, process-resources, compile, process-classes, generate-test-sources, process-test-sources, generate-test-resources, process-test-resources, test-compile, process-test-classes, test, prepare-package, package, pre-integration-test, integration-test, post-integration-test, verify, install, deploy]
[DEBUG] Lifecycle clean -> [pre-clean, clean, post-clean]
[DEBUG] Lifecycle site -> [pre-site, site, post-site, site-deploy]
[DEBUG] Lifecycle default -> [validate, initialize, generate-sources, process-sources, generate-resources, process-resources, compile, process-classes, generate-test-sources, process-test-sources, generate-test-resources, process-test-resources, test-compile, process-test-classes, test, prepare-package, package, pre-integration-test, integration-test, post-integration-test, verify, install, deploy]
[DEBUG] Lifecycle clean -> [pre-clean, clean, post-clean]
[DEBUG] Lifecycle site -> [pre-site, site, post-site, site-deploy]
[DEBUG] === PROJECT BUILD PLAN ================================================
[DEBUG] Project:       org.example.dependency.check:parent:1.0-SNAPSHOT
[DEBUG] Dependencies (collect): []
[DEBUG] Dependencies (resolve): [compile+runtime]
[DEBUG] Repositories (dependencies): [central (https://repo.maven.apache.org/maven2, default, releases)]
[DEBUG] Repositories (plugins)     : [central (https://repo.maven.apache.org/maven2, default, releases)]
[DEBUG] -----------------------------------------------------------------------
[DEBUG] Goal:          org.apache.maven.plugins:maven-clean-plugin:2.5:clean (default-clean)
[DEBUG] Style:         Regular
[DEBUG] Configuration: <?xml version="1.0" encoding="UTF-8"?>
<configuration>
  <directory default-value="${project.build.directory}"/>
  <excludeDefaultDirectories default-value="false">${clean.excludeDefaultDirectories}</excludeDefaultDirectories>
  <failOnError default-value="true">${maven.clean.failOnError}</failOnError>
  <followSymLinks default-value="false">${clean.followSymLinks}</followSymLinks>
  <outputDirectory default-value="${project.build.outputDirectory}"/>
  <reportDirectory default-value="${project.reporting.outputDirectory}"/>
  <retryOnError default-value="true">${maven.clean.retryOnError}</retryOnError>
  <skip default-value="false">${clean.skip}</skip>
  <testOutputDirectory default-value="${project.build.testOutputDirectory}"/>
  <verbose>${clean.verbose}</verbose>
</configuration>
[DEBUG] -----------------------------------------------------------------------
[DEBUG] Goal:          org.owasp:dependency-check-maven:7.1.2:check (default)
[DEBUG] Style:         Regular
[DEBUG] Configuration: <?xml version="1.0" encoding="UTF-8"?>
<configuration>
  <archiveAnalyzerEnabled>${archiveAnalyzerEnabled}</archiveAnalyzerEnabled>
  <artifactoryAnalyzerApiToken>${artifactoryAnalyzerApiToken}</artifactoryAnalyzerApiToken>
  <artifactoryAnalyzerBearerToken>${artifactoryAnalyzerBearerToken}</artifactoryAnalyzerBearerToken>
  <artifactoryAnalyzerEnabled>${artifactoryAnalyzerEnabled}</artifactoryAnalyzerEnabled>
  <artifactoryAnalyzerParallelAnalysis default-value="true">${artifactoryAnalyzerParallelAnalysis}</artifactoryAnalyzerParallelAnalysis>
  <artifactoryAnalyzerServerId>${artifactoryAnalyzerServerId}</artifactoryAnalyzerServerId>
  <artifactoryAnalyzerUrl>${artifactoryAnalyzerUrl}</artifactoryAnalyzerUrl>
  <artifactoryAnalyzerUseProxy>${artifactoryAnalyzerUseProxy}</artifactoryAnalyzerUseProxy>
  <artifactoryAnalyzerUsername>${artifactoryAnalyzerUsername}</artifactoryAnalyzerUsername>
  <assemblyAnalyzerEnabled>${assemblyAnalyzerEnabled}</assemblyAnalyzerEnabled>
  <autoUpdate>${autoUpdate}</autoUpdate>
  <autoconfAnalyzerEnabled>${autoconfAnalyzerEnabled}</autoconfAnalyzerEnabled>
  <bundleAuditAnalyzerEnabled>${bundleAuditAnalyzerEnabled}</bundleAuditAnalyzerEnabled>
  <bundleAuditPath>${bundleAuditPath}</bundleAuditPath>
  <bundleAuditWorkingDirectory>${bundleAuditWorkingDirectory}</bundleAuditWorkingDirectory>
  <centralAnalyzerEnabled>${centralAnalyzerEnabled}</centralAnalyzerEnabled>
  <centralAnalyzerUseCache>${centralAnalyzerUseCache}</centralAnalyzerUseCache>
  <cmakeAnalyzerEnabled>${cmakeAnalyzerEnabled}</cmakeAnalyzerEnabled>
  <cocoapodsAnalyzerEnabled>${cocoapodsAnalyzerEnabled}</cocoapodsAnalyzerEnabled>
  <composerAnalyzerEnabled>${composerAnalyzerEnabled}</composerAnalyzerEnabled>
  <connectionString>${connectionString}</connectionString>
  <connectionTimeout>${connectionTimeout}</connectionTimeout>
  <cpanfileAnalyzerEnabled>${cpanfileAnalyzerEnabled}</cpanfileAnalyzerEnabled>
  <cvePassword>${cvePassword}</cvePassword>
  <cveServerId>${cveServerId}</cveServerId>
  <cveStartYear>${cveStartYear}</cveStartYear>
  <cveUrlBase>${cveUrlBase}</cveUrlBase>
  <cveUrlModified>${cveUrlModified}</cveUrlModified>
  <cveUser>${cveUser}</cveUser>
  <cveValidForHours>${cveValidForHours}</cveValidForHours>
  <cveWaitTime>${cveWaitTime}</cveWaitTime>
  <dataDirectory>${dataDirectory}</dataDirectory>
  <databaseDriverName>${databaseDriverName}</databaseDriverName>
  <databaseDriverPath>${databaseDriverPath}</databaseDriverPath>
  <databasePassword>${databasePassword}</databasePassword>
  <databaseUser>${databaseUser}</databaseUser>
  <dbFilename>${dbFilename}</dbFilename>
  <enableExperimental>${enableExperimental}</enableExperimental>
  <enableRetired>${enableRetired}</enableRetired>
  <excludes>${odc.excludes}</excludes>
  <failBuildOnAnyVulnerability default-value="false">true</failBuildOnAnyVulnerability>
  <failBuildOnCVSS default-value="11">${failBuildOnCVSS}</failBuildOnCVSS>
  <failOnError default-value="true">${failOnError}</failOnError>
  <format default-value="HTML">${format}</format>
  <formats>${formats}</formats>
  <golangDepEnabled>${golangDepEnabled}</golangDepEnabled>
  <golangModEnabled>${golangModEnabled}</golangModEnabled>
  <hintsFile>${hintsFile}</hintsFile>
  <jarAnalyzerEnabled>${jarAnalyzerEnabled}</jarAnalyzerEnabled>
  <junitFailOnCVSS default-value="0">${junitFailOnCVSS}</junitFailOnCVSS>
  <mavenSettings default-value="${settings}">${mavenSettings}</mavenSettings>
  <mavenSettingsProxyId>${mavenSettingsProxyId}</mavenSettingsProxyId>
  <mixAuditAnalyzerEnabled>${mixAuditAnalyzerEnabled}</mixAuditAnalyzerEnabled>
  <mixAuditPath>${mixAuditPath}</mixAuditPath>
  <msbuildAnalyzerEnabled>${msbuildAnalyzerEnabled}</msbuildAnalyzerEnabled>
  <name default-value="dependency-check">${name}</name>
  <nexusAnalyzerEnabled>${nexusAnalyzerEnabled}</nexusAnalyzerEnabled>
  <nexusServerId>${nexusServerId}</nexusServerId>
  <nexusUrl>${nexusUrl}</nexusUrl>
  <nexusUsesProxy>${nexusUsesProxy}</nexusUsesProxy>
  <nodeAnalyzerEnabled>${nodeAnalyzerEnabled}</nodeAnalyzerEnabled>
  <nodeAuditAnalyzerEnabled>${nodeAuditAnalyzerEnabled}</nodeAuditAnalyzerEnabled>
  <nodeAuditAnalyzerUseCache>${nodeAuditAnalyzerUseCache}</nodeAuditAnalyzerUseCache>
  <nodeAuditSkipDevDependencies>${nodeAuditSkipDevDependencies}</nodeAuditSkipDevDependencies>
  <nodePackageSkipDevDependencies>${nodePackageSkipDevDependencies}</nodePackageSkipDevDependencies>
  <nugetconfAnalyzerEnabled>${nugetconfAnalyzerEnabled}</nugetconfAnalyzerEnabled>
  <nuspecAnalyzerEnabled>${nuspecAnalyzerEnabled}</nuspecAnalyzerEnabled>
  <opensslAnalyzerEnabled>${opensslAnalyzerEnabled}</opensslAnalyzerEnabled>
  <ossIndexServerId>${ossIndexServerId}</ossIndexServerId>
  <ossIndexWarnOnlyOnRemoteErrors>${ossIndexWarnOnlyOnRemoteErrors}</ossIndexWarnOnlyOnRemoteErrors>
  <ossindexAnalyzerEnabled>${ossindexAnalyzerEnabled}</ossindexAnalyzerEnabled>
  <ossindexAnalyzerUrl>${ossindexAnalyzerUrl}</ossindexAnalyzerUrl>
  <ossindexAnalyzerUseCache>${ossindexAnalyzerUseCache}</ossindexAnalyzerUseCache>
  <outputDirectory default-value="${project.build.directory}">${odc.outputDirectory}</outputDirectory>
  <pathToCore>${pathToCore}</pathToCore>
  <pathToGo>${pathToGo}</pathToGo>
  <pathToPnpm>${pathToPnpm}</pathToPnpm>
  <pathToYarn>${pathToYarn}</pathToYarn>
  <pipAnalyzerEnabled>${pipAnalyzerEnabled}</pipAnalyzerEnabled>
  <pipfileAnalyzerEnabled>${pipfileAnalyzerEnabled}</pipfileAnalyzerEnabled>
  <pnpmAuditAnalyzerEnabled>${pnpmAuditAnalyzerEnabled}</pnpmAuditAnalyzerEnabled>
  <prettyPrint>${prettyPrint}</prettyPrint>
  <project>${project}</project>
  <pyDistributionAnalyzerEnabled>${pyDistributionAnalyzerEnabled}</pyDistributionAnalyzerEnabled>
  <pyPackageAnalyzerEnabled>${pyPackageAnalyzerEnabled}</pyPackageAnalyzerEnabled>
  <reactorProjects>${reactorProjects}</reactorProjects>
  <readTimeout>${readTimeout}</readTimeout>
  <reportOutputDirectory>${project.reporting.outputDirectory}</reportOutputDirectory>
  <retireJsAnalyzerEnabled>${retireJsAnalyzerEnabled}</retireJsAnalyzerEnabled>
  <retireJsForceUpdate>${retireJsForceUpdate}</retireJsForceUpdate>
  <retireJsUrl>${retireJsUrl}</retireJsUrl>
  <retirejs>${retirejs}</retirejs>
  <rubygemsAnalyzerEnabled>${rubygemsAnalyzerEnabled}</rubygemsAnalyzerEnabled>
  <scanDirectory>${scanDirectory}</scanDirectory>
  <serverId>${serverId}</serverId>
  <session default-value="${session}"/>
  <settingsXml default-value="${settings}"/>
  <showSummary default-value="true">${showSummary}</showSummary>
  <skip default-value="false">${dependency-check.skip}</skip>
  <skipArtifactType>${skipArtifactType}</skipArtifactType>
  <skipDependencyManagement default-value="true">${skipDependencyManagement}</skipDependencyManagement>
  <skipProvidedScope default-value="false">${skipProvidedScope}</skipProvidedScope>
  <skipRuntimeScope default-value="false">${skipRuntimeScope}</skipRuntimeScope>
  <skipSystemScope default-value="false">${skipSystemScope}</skipSystemScope>
  <skipTestScope default-value="true">${skipTestScope}</skipTestScope>
  <suppressionFile>${suppressionFile}</suppressionFile>
  <suppressionFilePassword>${suppressionFilePassword}</suppressionFilePassword>
  <suppressionFileServerId>${suppressionFileServerId}</suppressionFileServerId>
  <suppressionFileUser>${suppressionFileUser}</suppressionFileUser>
  <suppressionFiles>${suppressionFiles}</suppressionFiles>
  <swiftPackageManagerAnalyzerEnabled>${swiftPackageManagerAnalyzerEnabled}</swiftPackageManagerAnalyzerEnabled>
  <swiftPackageResolvedAnalyzerEnabled>${swiftPackageResolvedAnalyzerEnabled}</swiftPackageResolvedAnalyzerEnabled>
  <versionCheckEnabled default-value="true">${versionCheckEnabled}</versionCheckEnabled>
  <virtualSnapshotsFromReactor default-value="true">${dependency-check.virtualSnapshotsFromReactor}</virtualSnapshotsFromReactor>
  <yarnAuditAnalyzerEnabled>${yarnAuditAnalyzerEnabled}</yarnAuditAnalyzerEnabled>
  <zipExtensions>${zipExtensions}</zipExtensions>
</configuration>
[DEBUG] -----------------------------------------------------------------------
[DEBUG] Goal:          org.apache.maven.plugins:maven-install-plugin:2.4:install (default-install)
[DEBUG] Style:         Regular
[DEBUG] Configuration: <?xml version="1.0" encoding="UTF-8"?>
<configuration>
  <artifact default-value="${project.artifact}"/>
  <attachedArtifacts default-value="${project.attachedArtifacts}"/>
  <createChecksum default-value="false">${createChecksum}</createChecksum>
  <localRepository>${localRepository}</localRepository>
  <packaging default-value="${project.packaging}"/>
  <pomFile default-value="${project.file}"/>
  <skip default-value="false">${maven.install.skip}</skip>
  <updateReleaseInfo default-value="false">${updateReleaseInfo}</updateReleaseInfo>
</configuration>
[DEBUG] =======================================================================
[DEBUG] Dependency collection stats {ConflictMarker.analyzeTime=33792, ConflictMarker.markTime=52542, ConflictMarker.nodeCount=1, ConflictIdSorter.graphTime=6916, ConflictIdSorter.topsortTime=196625, ConflictIdSorter.conflictIdCount=0, ConflictIdSorter.conflictIdCycleCount=0, ConflictResolver.totalTime=411750, ConflictResolver.conflictItemCount=0, DefaultDependencyCollector.collectTime=52708, DefaultDependencyCollector.transformTime=1452833}
[DEBUG] org.example.dependency.check:parent:pom:1.0-SNAPSHOT
[INFO] 
[INFO] --- maven-clean-plugin:2.5:clean (default-clean) @ parent ---
[DEBUG] Using mirror maven-default-http-blocker (http://0.0.0.0/) for apache.snapshots (http://people.apache.org/repo/m2-snapshot-repository).
[DEBUG] Dependency collection stats {ConflictMarker.analyzeTime=244000, ConflictMarker.markTime=28542, ConflictMarker.nodeCount=3, ConflictIdSorter.graphTime=69667, ConflictIdSorter.topsortTime=12500, ConflictIdSorter.conflictIdCount=3, ConflictIdSorter.conflictIdCycleCount=0, ConflictResolver.totalTime=685750, ConflictResolver.conflictItemCount=3, DefaultDependencyCollector.collectTime=10516625, DefaultDependencyCollector.transformTime=1074000}
[DEBUG] org.apache.maven.plugins:maven-clean-plugin:jar:2.5
[DEBUG]    org.apache.maven:maven-plugin-api:jar:2.0.6:compile
[DEBUG]    org.codehaus.plexus:plexus-utils:jar:3.0:compile
[DEBUG] Created new class realm plugin>org.apache.maven.plugins:maven-clean-plugin:2.5
[DEBUG] Importing foreign packages into class realm plugin>org.apache.maven.plugins:maven-clean-plugin:2.5
[DEBUG]   Imported:  < maven.api
[DEBUG] Populating class realm plugin>org.apache.maven.plugins:maven-clean-plugin:2.5
[DEBUG]   Included: org.apache.maven.plugins:maven-clean-plugin:jar:2.5
[DEBUG]   Included: org.codehaus.plexus:plexus-utils:jar:3.0
[DEBUG] Configuring mojo org.apache.maven.plugins:maven-clean-plugin:2.5:clean from plugin realm ClassRealm[plugin>org.apache.maven.plugins:maven-clean-plugin:2.5, parent: jdk.internal.loader.ClassLoaders$AppClassLoader@1de0aca6]
[DEBUG] Configuring mojo 'org.apache.maven.plugins:maven-clean-plugin:2.5:clean' with basic configurator -->
[DEBUG]   (f) directory = /Users/msl/Projects/dependency-check-issue/parent/target
[DEBUG]   (f) excludeDefaultDirectories = false
[DEBUG]   (f) failOnError = true
[DEBUG]   (f) followSymLinks = false
[DEBUG]   (f) outputDirectory = /Users/msl/Projects/dependency-check-issue/parent/target/classes
[DEBUG]   (f) reportDirectory = /Users/msl/Projects/dependency-check-issue/parent/target/site
[DEBUG]   (f) retryOnError = true
[DEBUG]   (f) skip = false
[DEBUG]   (f) testOutputDirectory = /Users/msl/Projects/dependency-check-issue/parent/target/test-classes
[DEBUG] -- end configuration --
[INFO] Deleting /Users/msl/Projects/dependency-check-issue/parent/target
[INFO] Deleting file /Users/msl/Projects/dependency-check-issue/parent/target/dependency-check-report.html
[INFO] Deleting directory /Users/msl/Projects/dependency-check-issue/parent/target
[DEBUG] Skipping non-existing directory /Users/msl/Projects/dependency-check-issue/parent/target/classes
[DEBUG] Skipping non-existing directory /Users/msl/Projects/dependency-check-issue/parent/target/test-classes
[DEBUG] Skipping non-existing directory /Users/msl/Projects/dependency-check-issue/parent/target/site
[INFO] 
[INFO] --- dependency-check-maven:7.1.2:check (default) @ parent ---
[DEBUG] Using mirror maven-default-http-blocker (http://0.0.0.0/) for vaadin-snapshots (http://oss.sonatype.org/content/repositories/vaadin-snapshots/).
[DEBUG] Using mirror maven-default-http-blocker (http://0.0.0.0/) for vaadin-releases (http://oss.sonatype.org/content/repositories/vaadin-releases/).
[DEBUG] Using mirror maven-default-http-blocker (http://0.0.0.0/) for repository.jboss.org (http://repository.jboss.org/maven2).
[DEBUG] Using mirror maven-default-http-blocker (http://0.0.0.0/) for snapshots.jboss.org (http://snapshots.jboss.org/maven2).
[DEBUG] Using mirror maven-default-http-blocker (http://0.0.0.0/) for oss.sonatype.org/jboss-snapshots (http://oss.sonatype.org/content/repositories/jboss-snapshots).
[DEBUG] Dependency collection stats {ConflictMarker.analyzeTime=327542, ConflictMarker.markTime=165542, ConflictMarker.nodeCount=194, ConflictIdSorter.graphTime=148459, ConflictIdSorter.topsortTime=47541, ConflictIdSorter.conflictIdCount=101, ConflictIdSorter.conflictIdCycleCount=0, ConflictResolver.totalTime=4868875, ConflictResolver.conflictItemCount=184, DefaultDependencyCollector.collectTime=203789208, DefaultDependencyCollector.transformTime=5593042}
[DEBUG] org.owasp:dependency-check-maven:jar:7.1.2
[DEBUG]    org.owasp:dependency-check-core:jar:7.1.2:compile
[DEBUG]       org.anarres.jdiagnostics:jdiagnostics:jar:1.0.7:compile (version managed from default)
[DEBUG]       org.whitesource:pecoff4j:jar:0.0.2.1:compile (version managed from default)
[DEBUG]       org.apache.commons:commons-jcs-core:jar:2.2.1:compile (version managed from default)
[DEBUG]          commons-logging:commons-logging:jar:1.2:compile
[DEBUG]       com.github.package-url:packageurl-java:jar:1.4.1:compile (version managed from default)
[DEBUG]       us.springett:cpe-parser:jar:2.0.2:compile (version managed from default)
[DEBUG]       com.vdurmont:semver4j:jar:3.1.0:compile (version managed from default)
[DEBUG]       org.slf4j:slf4j-api:jar:1.7.36:compile (version managed from default)
[DEBUG]       org.apache.commons:commons-collections4:jar:4.4:compile (version managed from default)
[DEBUG]       org.apache.commons:commons-compress:jar:1.21:compile (version managed from default)
[DEBUG]       commons-io:commons-io:jar:2.11.0:compile (version managed from default)
[DEBUG]       org.apache.commons:commons-lang3:jar:3.12.0:compile (version managed from default)
[DEBUG]       org.apache.commons:commons-text:jar:1.9:compile (version managed from default)
[DEBUG]       org.apache.commons:commons-dbcp2:jar:2.9.0:compile (version managed from default)
[DEBUG]          org.apache.commons:commons-pool2:jar:2.10.0:compile
[DEBUG]       org.apache.lucene:lucene-core:jar:8.11.2:compile (version managed from default)
[DEBUG]       org.apache.lucene:lucene-analyzers-common:jar:8.11.2:compile (version managed from default)
[DEBUG]       org.apache.lucene:lucene-queryparser:jar:8.11.2:compile (version managed from default)
[DEBUG]          org.apache.lucene:lucene-queries:jar:8.11.2:compile
[DEBUG]          org.apache.lucene:lucene-sandbox:jar:8.11.2:compile
[DEBUG]       org.apache.velocity:velocity-engine-core:jar:2.3:compile (version managed from default)
[DEBUG]       com.h2database:h2:jar:2.1.214:compile (version managed from default)
[DEBUG]       org.glassfish:javax.json:jar:1.1.4:compile (version managed from default)
[DEBUG]       org.jsoup:jsoup:jar:1.15.2:compile (version managed from default)
[DEBUG]       com.fasterxml.jackson.core:jackson-databind:jar:2.13.3:compile (version managed from default)
[DEBUG]          com.fasterxml.jackson.core:jackson-annotations:jar:2.13.3:compile (version managed from default)
[DEBUG]          com.fasterxml.jackson.core:jackson-core:jar:2.13.3:compile (version managed from default)
[DEBUG]       com.fasterxml.jackson.module:jackson-module-afterburner:jar:2.13.3:compile (version managed from default)
[DEBUG]       com.h3xstream.retirejs:retirejs-core:jar:3.0.3:compile (version managed from default)
[DEBUG]          com.vaadin.external.google:android-json:jar:0.0.20131108.vaadin1:compile
[DEBUG]          com.esotericsoftware:minlog:jar:1.3.1:compile
[DEBUG]          com.github.spullara.mustache.java:compiler:jar:0.9.6:compile
[DEBUG]       org.sonatype.ossindex:ossindex-service-client:jar:1.8.2:compile (version managed from default) (exclusions managed from default)
[DEBUG]          org.sonatype.ossindex:ossindex-service-api:jar:1.8.2:compile
[DEBUG]             javax.ws.rs:javax.ws.rs-api:jar:2.0.1:compile
[DEBUG]             org.sonatype.goodies:package-url-java:jar:1.1.1:compile
[DEBUG]          javax.inject:javax.inject:jar:1:compile
[DEBUG]          org.slf4j:jcl-over-slf4j:jar:1.7.28:compile
[DEBUG]          joda-time:joda-time:jar:2.10.4:compile
[DEBUG]          com.google.code.gson:gson:jar:2.9.0:compile
[DEBUG]          javax.xml.bind:jaxb-api:jar:2.3.1:compile
[DEBUG]             javax.activation:javax.activation-api:jar:1.2.0:compile
[DEBUG]       com.google.guava:guava:jar:31.1-jre:compile (version managed from default)
[DEBUG]          com.google.guava:failureaccess:jar:1.0.1:compile
[DEBUG]          com.google.guava:listenablefuture:jar:9999.0-empty-to-avoid-conflict-with-guava:compile
[DEBUG]          org.checkerframework:checker-qual:jar:3.12.0:compile
[DEBUG]          com.google.errorprone:error_prone_annotations:jar:2.11.0:compile
[DEBUG]          com.google.j2objc:j2objc-annotations:jar:1.3:compile
[DEBUG]       com.moandjiezana.toml:toml4j:jar:0.7.2:compile
[DEBUG]       com.hankcs:aho-corasick-double-array-trie:jar:1.2.3:compile (version managed from default)
[DEBUG]       commons-validator:commons-validator:jar:1.7:compile (version managed from default)
[DEBUG]          commons-digester:commons-digester:jar:2.1:compile
[DEBUG]          commons-collections:commons-collections:jar:3.2.2:compile
[DEBUG]       commons-beanutils:commons-beanutils:jar:1.9.4:compile (version managed from default)
[DEBUG]       org.eclipse.packager:packager-rpm:jar:0.18.0:compile (version managed from default) (exclusions managed from default)
[DEBUG]          org.eclipse.packager:packager-core:jar:0.18.0:compile
[DEBUG]          org.tukaani:xz:jar:1.8:compile
[DEBUG]    org.owasp:dependency-check-utils:jar:7.1.2:compile
[DEBUG]       commons-codec:commons-codec:jar:1.15:compile (version managed from default)
[DEBUG]    org.apache.maven.shared:file-management:jar:3.1.0:compile
[DEBUG]    org.codehaus.plexus:plexus-utils:jar:3.4.2:compile
[DEBUG]    org.apache.maven.reporting:maven-reporting-api:jar:3.1.1:compile
[DEBUG]       org.apache.maven.doxia:doxia-sink-api:jar:1.11.1:compile
[DEBUG]          org.apache.maven.doxia:doxia-logging-api:jar:1.11.1:compile
[DEBUG]    org.sonatype.plexus:plexus-sec-dispatcher:jar:1.4:compile
[DEBUG]       org.sonatype.plexus:plexus-cipher:jar:1.4:compile
[DEBUG]    org.apache.maven.shared:maven-dependency-tree:jar:3.1.1:compile
[DEBUG]       org.apache.maven:maven-core:jar:3.1.0:compile (version managed from default)
[DEBUG]          org.apache.maven:maven-model:jar:3.1.0:provided (scope managed from default) (version managed from default)
[DEBUG]          org.apache.maven:maven-settings:jar:3.1.0:compile (version managed from default)
[DEBUG]          org.apache.maven:maven-settings-builder:jar:3.1.0:compile
[DEBUG]          org.apache.maven:maven-repository-metadata:jar:3.1.0:compile
[DEBUG]          org.apache.maven:maven-plugin-api:jar:3.1.0:compile (version managed from default)
[DEBUG]          org.apache.maven:maven-model-builder:jar:3.1.0:provided (scope managed from default) (version managed from default)
[DEBUG]          org.apache.maven:maven-aether-provider:jar:3.1.0:compile
[DEBUG]             org.eclipse.aether:aether-spi:jar:0.9.0.M2:compile
[DEBUG]          org.eclipse.aether:aether-impl:jar:0.9.0.M2:compile
[DEBUG]          org.eclipse.aether:aether-api:jar:0.9.0.M2:compile
[DEBUG]          org.eclipse.sisu:org.eclipse.sisu.plexus:jar:0.0.0.M2a:compile
[DEBUG]             javax.enterprise:cdi-api:jar:1.0:compile
[DEBUG]                javax.annotation:jsr250-api:jar:1.0:compile
[DEBUG]             org.sonatype.sisu:sisu-guice:jar:no_aop:3.1.0:compile
[DEBUG]                aopalliance:aopalliance:jar:1.0:compile
[DEBUG]             org.eclipse.sisu:org.eclipse.sisu.inject:jar:0.0.0.M2a:compile
[DEBUG]                asm:asm:jar:3.3.1:compile
[DEBUG]          org.codehaus.plexus:plexus-interpolation:jar:1.16:compile
[DEBUG]          org.codehaus.plexus:plexus-classworlds:jar:2.4.2:compile
[DEBUG]       org.eclipse.aether:aether-util:jar:1.1.0:compile
[DEBUG]    org.apache.maven.shared:maven-artifact-transfer:jar:0.13.1:compile
[DEBUG]       org.apache.maven:maven-artifact:jar:3.1.0:provided (scope managed from default) (version managed from default)
[DEBUG]       org.codehaus.plexus:plexus-component-annotations:jar:2.0.0:compile
[DEBUG]       org.apache.maven.shared:maven-common-artifact-filters:jar:3.1.0:compile
[DEBUG]          org.sonatype.sisu:sisu-inject-plexus:jar:1.4.2:compile
[DEBUG]             org.sonatype.sisu:sisu-inject-bean:jar:1.4.2:compile
[DEBUG]                org.sonatype.sisu:sisu-guice:jar:noaop:2.1.7:compile
[DEBUG]          org.apache.maven.shared:maven-shared-utils:jar:3.1.0:compile
[DEBUG]    org.jetbrains:annotations:jar:23.0.0:compile (optional)
[DEBUG]    com.github.spotbugs:spotbugs-annotations:jar:4.7.1:compile (optional)
[DEBUG]       com.google.code.findbugs:jsr305:jar:3.0.2:compile
[DEBUG] Created new class realm plugin>org.owasp:dependency-check-maven:7.1.2
[DEBUG] Importing foreign packages into class realm plugin>org.owasp:dependency-check-maven:7.1.2
[DEBUG]   Imported:  < maven.api
[DEBUG] Populating class realm plugin>org.owasp:dependency-check-maven:7.1.2
[DEBUG]   Included: org.owasp:dependency-check-maven:jar:7.1.2
[DEBUG]   Included: org.owasp:dependency-check-core:jar:7.1.2
[DEBUG]   Included: org.anarres.jdiagnostics:jdiagnostics:jar:1.0.7
[DEBUG]   Included: org.whitesource:pecoff4j:jar:0.0.2.1
[DEBUG]   Included: org.apache.commons:commons-jcs-core:jar:2.2.1
[DEBUG]   Included: commons-logging:commons-logging:jar:1.2
[DEBUG]   Included: com.github.package-url:packageurl-java:jar:1.4.1
[DEBUG]   Included: us.springett:cpe-parser:jar:2.0.2
[DEBUG]   Included: com.vdurmont:semver4j:jar:3.1.0
[DEBUG]   Included: org.apache.commons:commons-collections4:jar:4.4
[DEBUG]   Included: org.apache.commons:commons-compress:jar:1.21
[DEBUG]   Included: commons-io:commons-io:jar:2.11.0
[DEBUG]   Included: org.apache.commons:commons-lang3:jar:3.12.0
[DEBUG]   Included: org.apache.commons:commons-text:jar:1.9
[DEBUG]   Included: org.apache.commons:commons-dbcp2:jar:2.9.0
[DEBUG]   Included: org.apache.commons:commons-pool2:jar:2.10.0
[DEBUG]   Included: org.apache.lucene:lucene-core:jar:8.11.2
[DEBUG]   Included: org.apache.lucene:lucene-analyzers-common:jar:8.11.2
[DEBUG]   Included: org.apache.lucene:lucene-queryparser:jar:8.11.2
[DEBUG]   Included: org.apache.lucene:lucene-queries:jar:8.11.2
[DEBUG]   Included: org.apache.lucene:lucene-sandbox:jar:8.11.2
[DEBUG]   Included: org.apache.velocity:velocity-engine-core:jar:2.3
[DEBUG]   Included: com.h2database:h2:jar:2.1.214
[DEBUG]   Included: org.glassfish:javax.json:jar:1.1.4
[DEBUG]   Included: org.jsoup:jsoup:jar:1.15.2
[DEBUG]   Included: com.fasterxml.jackson.core:jackson-databind:jar:2.13.3
[DEBUG]   Included: com.fasterxml.jackson.core:jackson-annotations:jar:2.13.3
[DEBUG]   Included: com.fasterxml.jackson.core:jackson-core:jar:2.13.3
[DEBUG]   Included: com.fasterxml.jackson.module:jackson-module-afterburner:jar:2.13.3
[DEBUG]   Included: com.h3xstream.retirejs:retirejs-core:jar:3.0.3
[DEBUG]   Included: com.vaadin.external.google:android-json:jar:0.0.20131108.vaadin1
[DEBUG]   Included: com.esotericsoftware:minlog:jar:1.3.1
[DEBUG]   Included: com.github.spullara.mustache.java:compiler:jar:0.9.6
[DEBUG]   Included: org.sonatype.ossindex:ossindex-service-client:jar:1.8.2
[DEBUG]   Included: org.sonatype.ossindex:ossindex-service-api:jar:1.8.2
[DEBUG]   Included: javax.ws.rs:javax.ws.rs-api:jar:2.0.1
[DEBUG]   Included: org.sonatype.goodies:package-url-java:jar:1.1.1
[DEBUG]   Included: org.slf4j:jcl-over-slf4j:jar:1.7.28
[DEBUG]   Included: joda-time:joda-time:jar:2.10.4
[DEBUG]   Included: com.google.code.gson:gson:jar:2.9.0
[DEBUG]   Included: javax.xml.bind:jaxb-api:jar:2.3.1
[DEBUG]   Included: javax.activation:javax.activation-api:jar:1.2.0
[DEBUG]   Included: com.google.guava:guava:jar:31.1-jre
[DEBUG]   Included: com.google.guava:failureaccess:jar:1.0.1
[DEBUG]   Included: com.google.guava:listenablefuture:jar:9999.0-empty-to-avoid-conflict-with-guava
[DEBUG]   Included: org.checkerframework:checker-qual:jar:3.12.0
[DEBUG]   Included: com.google.errorprone:error_prone_annotations:jar:2.11.0
[DEBUG]   Included: com.google.j2objc:j2objc-annotations:jar:1.3
[DEBUG]   Included: com.moandjiezana.toml:toml4j:jar:0.7.2
[DEBUG]   Included: com.hankcs:aho-corasick-double-array-trie:jar:1.2.3
[DEBUG]   Included: commons-validator:commons-validator:jar:1.7
[DEBUG]   Included: commons-digester:commons-digester:jar:2.1
[DEBUG]   Included: commons-collections:commons-collections:jar:3.2.2
[DEBUG]   Included: commons-beanutils:commons-beanutils:jar:1.9.4
[DEBUG]   Included: org.eclipse.packager:packager-rpm:jar:0.18.0
[DEBUG]   Included: org.eclipse.packager:packager-core:jar:0.18.0
[DEBUG]   Included: org.tukaani:xz:jar:1.8
[DEBUG]   Included: org.owasp:dependency-check-utils:jar:7.1.2
[DEBUG]   Included: commons-codec:commons-codec:jar:1.15
[DEBUG]   Included: org.apache.maven.shared:file-management:jar:3.1.0
[DEBUG]   Included: org.codehaus.plexus:plexus-utils:jar:3.4.2
[DEBUG]   Included: org.apache.maven.reporting:maven-reporting-api:jar:3.1.1
[DEBUG]   Included: org.apache.maven.doxia:doxia-sink-api:jar:1.11.1
[DEBUG]   Included: org.apache.maven.doxia:doxia-logging-api:jar:1.11.1
[DEBUG]   Included: org.sonatype.plexus:plexus-sec-dispatcher:jar:1.4
[DEBUG]   Included: org.sonatype.plexus:plexus-cipher:jar:1.4
[DEBUG]   Included: org.apache.maven.shared:maven-dependency-tree:jar:3.1.1
[DEBUG]   Included: javax.enterprise:cdi-api:jar:1.0
[DEBUG]   Included: javax.annotation:jsr250-api:jar:1.0
[DEBUG]   Included: org.sonatype.sisu:sisu-guice:jar:no_aop:3.1.0
[DEBUG]   Included: aopalliance:aopalliance:jar:1.0
[DEBUG]   Included: org.eclipse.sisu:org.eclipse.sisu.inject:jar:0.0.0.M2a
[DEBUG]   Included: asm:asm:jar:3.3.1
[DEBUG]   Included: org.codehaus.plexus:plexus-interpolation:jar:1.16
[DEBUG]   Included: org.eclipse.aether:aether-util:jar:1.1.0
[DEBUG]   Included: org.apache.maven.shared:maven-artifact-transfer:jar:0.13.1
[DEBUG]   Included: org.codehaus.plexus:plexus-component-annotations:jar:2.0.0
[DEBUG]   Included: org.apache.maven.shared:maven-common-artifact-filters:jar:3.1.0
[DEBUG]   Included: org.sonatype.sisu:sisu-inject-bean:jar:1.4.2
[DEBUG]   Included: org.sonatype.sisu:sisu-guice:jar:noaop:2.1.7
[DEBUG]   Included: org.apache.maven.shared:maven-shared-utils:jar:3.1.0
[DEBUG]   Included: org.jetbrains:annotations:jar:23.0.0
[DEBUG]   Included: com.github.spotbugs:spotbugs-annotations:jar:4.7.1
[DEBUG]   Included: com.google.code.findbugs:jsr305:jar:3.0.2
[DEBUG] Configuring mojo org.owasp:dependency-check-maven:7.1.2:check from plugin realm ClassRealm[plugin>org.owasp:dependency-check-maven:7.1.2, parent: jdk.internal.loader.ClassLoaders$AppClassLoader@1de0aca6]
[DEBUG] Configuring mojo 'org.owasp:dependency-check-maven:7.1.2:check' with basic configurator -->
[DEBUG]   (f) artifactoryAnalyzerParallelAnalysis = true
[DEBUG]   (f) excludes = []
[DEBUG]   (f) failBuildOnAnyVulnerability = true
[DEBUG]   (f) failBuildOnCVSS = 11.0
[DEBUG]   (f) failOnError = true
[DEBUG]   (f) format = HTML
[DEBUG]   (f) formats = []
[DEBUG]   (f) junitFailOnCVSS = 0.0
[DEBUG]   (f) mavenSettings = org.apache.maven.execution.SettingsAdapter@4248b963
[DEBUG]   (f) name = dependency-check
[DEBUG]   (f) outputDirectory = /Users/msl/Projects/dependency-check-issue/parent/target
[DEBUG]   (f) project = MavenProject: org.example.dependency.check:parent:1.0-SNAPSHOT @ /Users/msl/Projects/dependency-check-issue/parent/pom.xml
[DEBUG]   (f) reactorProjects = [MavenProject: org.example.dependency.check:parent:1.0-SNAPSHOT @ /Users/msl/Projects/dependency-check-issue/parent/pom.xml, MavenProject: org.example.dependency.check:module-1:1.0-SNAPSHOT @ /Users/msl/Projects/dependency-check-issue/module-1/pom.xml, MavenProject: org.example.dependency.check:module-2:1.0-SNAPSHOT @ /Users/msl/Projects/dependency-check-issue/module-2/pom.xml, MavenProject: org.example.dependency.check:dependency-check-issue:1.0-SNAPSHOT @ /Users/msl/Projects/dependency-check-issue/pom.xml]
[DEBUG]   (s) reportOutputDirectory = /Users/msl/Projects/dependency-check-issue/parent/target/site
[DEBUG]   (f) retirejs = org.owasp.dependencycheck.maven.Retirejs@4defd42
[DEBUG]   (f) scanDirectory = []
[DEBUG]   (f) session = org.apache.maven.execution.MavenSession@2330e3e0
[DEBUG]   (f) settingsXml = org.apache.maven.execution.SettingsAdapter@4248b963
[DEBUG]   (f) showSummary = true
[DEBUG]   (f) skip = false
[DEBUG]   (f) skipDependencyManagement = true
[DEBUG]   (f) skipProvidedScope = false
[DEBUG]   (f) skipRuntimeScope = false
[DEBUG]   (f) skipSystemScope = false
[DEBUG]   (f) skipTestScope = true
[DEBUG]   (f) suppressionFiles = []
[DEBUG]   (f) versionCheckEnabled = true
[DEBUG]   (f) virtualSnapshotsFromReactor = true
[DEBUG] -- end configuration --
[DEBUG] Properties loaded:

analyzer.cocoapods.enabled='true'
cve.url.base='https://nvd.nist.gov/feeds/json/cve/1.1/nvdcve-1.1-%d.json.gz'
proxy.disableSchemas='true'
cve.url.modified.validfordays='7'
analyzer.dependencybundling.enabled='true'
cve.url.original='https://nvd.nist.gov/feeds/json/cve/1.1/nvdcve-1.1-modified.json.gz'
odc.ecosystem.maxquerylimit.native='1000'
data.connection_string='jdbc:h2:file:%s;AUTOCOMMIT=ON;CACHE_SIZE=65536;RETENTION_TIME=1000;MAX_COMPACT_TIME=10000;'
archive.scan.depth='3'
analyzer.cmake.enabled='true'
analyzer.pipfile.enabled='true'
cve.download.waittime='4000'
odc.application.name='Dependency-Check Core'
analyzer.retirejs.repo.validforhours='24'
analyzer.node.package.enabled='true'
analyzer.central.url='https://search.maven.org/solrsearch/select'
analyzer.pe.enabled='true'
downloader.quick.query.timestamp='true'
analyzer.archive.enabled='true'
analyzer.retirejs.repo.js.url='https://raw.githubusercontent.com/Retirejs/retire.js/master/repository/jsrepository.json'
analyzer.swift.package.resolved.enabled='true'
cpe.url='https://static.nvd.nist.gov/feeds/xml/cpe/dictionary/official-cpe-dictionary_v2.3.xml.gz'
analyzer.ossindex.url='https://ossindex.sonatype.org'
analyzer.nvdcve.enabled='true'
analyzer.jar.enabled='true'
analyzer.cpe.enabled='true'
analyzer.cpanfile.enabled='true'
data.writelock.shutdownhook='org.owasp.dependencycheck.utils.WriteLockCleanupHook'
analyzer.central.query='%s?q=1:%s&wt=xml'
analyzer.bundle.audit.enabled='true'
analyzer.node.audit.use.cache='true'
analyzer.dependencymerging.enabled='true'
odc.settings.mask='.*password.*,.*token.*'
cpe.validfordays='30'
analyzer.pnpm.audit.enabled='true'
junit.fail.on.cvss='0'
central.content.url='https://search.maven.org/remotecontent?filepath='
analyzer.node.audit.url='https://registry.npmjs.org/-/npm/v1/security/audits'
odc.application.version='7.1.2'
analyzer.msbuildproject.enabled='true'
data.user='dcuser'
engine.version.url='https://jeremylong.github.io/DependencyCheck/current.txt'
odc.autoupdate='true'
analyzer.autoconf.enabled='true'
analyzer.cpesuppression.enabled='true'
analyzer.retirejs.enabled='true'
cve.check.validforhours='4'
analyzer.versionfilter.enabled='true'
analyzer.assembly.enabled='true'
cve.cpe.startswith.filter='cpe:2.3:a:'
analyzer.golang.dep.enabled='true'
odc.analysis.timeout='180'
analyzer.nexus.url='https://repository.sonatype.org/service/local/'
cve.url.base.defaultFilename='nvdcve-1.1-%d.json.gz'
analyzer.hint.enabled='true'
analyzer.retired.enabled='false'
database.batchinsert.enabled='true'
analyzer.openssl.enabled='true'
analyzer.swift.package.manager.enabled='true'
analyzer.nuspec.enabled='true'
analyzer.central.retry.count='7'
analyzer.central.use.cache='true'
updater.nvdcve.enabled='true'
analyzer.mix.audit.enabled='true'
max.download.threads='1'
analyzer.central.enabled='true'
analyzer.python.distribution.enabled='true'
analyzer.nexus.enabled='false'
cve.url.modified.defaultFilename='nvdcve-1.1-modified.json.gz'
odc.reports.pretty.print='false'
analyzer.artifactory.enabled='false'
analyzer.retirejs.filternonvulnerable='false'
analyzer.ossindex.enabled='true'
analyzer.central.parallel.analysis='false'
analyzer.nexus.proxy='true'
cve.startyear='2002'
odc.ecosystem.maxquerylimit.default='100'
nvd.newyear.grace.period='10'
downloader.tls.protocols='TLSv1.1,TLSv1.2,TLSv1.3'
data.file_name='odc.mv.db'
analyzer.ruby.gemspec.enabled='true'
analyzer.composer.lock.enabled='true'
data.version='5.2.1'
analyzer.vulnerabilitysuppression.enabled='true'
data.directory='[JAR]/data/7.0'
analyzer.experimental.enabled='false'
analyzer.golang.mod.enabled='true'
analyzer.filename.enabled='true'
analyzer.ossindex.use.cache='true'
analyzer.python.package.enabled='true'
updater.versioncheck.enabled='true'
ecosystem.skip.cpeanalyzer='npm'
analyzer.pip.enabled='true'
analyzer.falsepositive.enabled='true'
analyzer.node.audit.enabled='true'
analyzer.yarn.audit.enabled='true'
analyzer.npm.cpe.enabled='true'
database.batchinsert.maxsize='1000'
data.driver_name='org.h2.Driver'
data.password='********'
analyzer.nugetconf.enabled='true'
cve.url.modified='https://nvd.nist.gov/feeds/json/cve/1.1/nvdcve-1.1-modified.json.gz'

[DEBUG] Properties updated via merge:

analyzer.cocoapods.enabled='true'
cve.url.base='https://nvd.nist.gov/feeds/json/cve/1.1/nvdcve-1.1-%d.json.gz'
proxy.disableSchemas='true'
cve.url.modified.validfordays='7'
analyzer.dependencybundling.enabled='true'
cve.url.original='https://nvd.nist.gov/feeds/json/cve/1.1/nvdcve-1.1-modified.json.gz'
odc.ecosystem.maxquerylimit.native='1000'
data.connection_string='jdbc:h2:file:%s;AUTOCOMMIT=ON;CACHE_SIZE=65536;RETENTION_TIME=1000;MAX_COMPACT_TIME=10000;'
archive.scan.depth='3'
analyzer.cmake.enabled='true'
analyzer.pipfile.enabled='true'
cve.download.waittime='4000'
odc.application.name='Dependency-Check Core'
analyzer.retirejs.repo.validforhours='24'
analyzer.node.package.enabled='true'
analyzer.central.url='https://search.maven.org/solrsearch/select'
analyzer.pe.enabled='true'
downloader.quick.query.timestamp='true'
analyzer.archive.enabled='true'
analyzer.retirejs.repo.js.url='https://raw.githubusercontent.com/Retirejs/retire.js/master/repository/jsrepository.json'
analyzer.swift.package.resolved.enabled='true'
cpe.url='https://static.nvd.nist.gov/feeds/xml/cpe/dictionary/official-cpe-dictionary_v2.3.xml.gz'
analyzer.ossindex.url='https://ossindex.sonatype.org'
analyzer.nvdcve.enabled='true'
analyzer.jar.enabled='true'
analyzer.cpe.enabled='true'
analyzer.cpanfile.enabled='true'
data.writelock.shutdownhook='org.owasp.dependencycheck.utils.WriteLockCleanupHook'
analyzer.central.query='%s?q=1:%s&wt=xml'
analyzer.bundle.audit.enabled='true'
analyzer.node.audit.use.cache='true'
analyzer.dependencymerging.enabled='true'
odc.settings.mask='.*password.*,.*token.*'
cpe.validfordays='30'
analyzer.pnpm.audit.enabled='true'
junit.fail.on.cvss='0'
central.content.url='https://search.maven.org/remotecontent?filepath='
analyzer.node.audit.url='https://registry.npmjs.org/-/npm/v1/security/audits'
odc.application.version='7.1.2'
analyzer.msbuildproject.enabled='true'
data.user='dcuser'
engine.version.url='https://jeremylong.github.io/DependencyCheck/current.txt'
odc.autoupdate='true'
analyzer.autoconf.enabled='true'
analyzer.cpesuppression.enabled='true'
analyzer.retirejs.enabled='true'
cve.check.validforhours='4'
analyzer.versionfilter.enabled='true'
analyzer.assembly.enabled='true'
cve.cpe.startswith.filter='cpe:2.3:a:'
analyzer.golang.dep.enabled='true'
odc.analysis.timeout='180'
analyzer.nexus.url='https://repository.sonatype.org/service/local/'
cve.url.base.defaultFilename='nvdcve-1.1-%d.json.gz'
analyzer.hint.enabled='true'
analyzer.retired.enabled='false'
database.batchinsert.enabled='true'
analyzer.openssl.enabled='true'
analyzer.swift.package.manager.enabled='true'
analyzer.nuspec.enabled='true'
analyzer.central.retry.count='7'
analyzer.central.use.cache='true'
updater.nvdcve.enabled='true'
analyzer.mix.audit.enabled='true'
max.download.threads='1'
analyzer.central.enabled='false'
analyzer.python.distribution.enabled='true'
analyzer.nexus.enabled='false'
cve.url.modified.defaultFilename='nvdcve-1.1-modified.json.gz'
odc.reports.pretty.print='false'
analyzer.artifactory.enabled='false'
analyzer.retirejs.filternonvulnerable='false'
analyzer.ossindex.enabled='true'
analyzer.central.parallel.analysis='false'
analyzer.nexus.proxy='true'
cve.startyear='2002'
odc.ecosystem.maxquerylimit.default='100'
nvd.newyear.grace.period='10'
downloader.tls.protocols='TLSv1.1,TLSv1.2,TLSv1.3'
data.file_name='odc.mv.db'
analyzer.ruby.gemspec.enabled='true'
analyzer.composer.lock.enabled='true'
data.version='5.2.1'
analyzer.vulnerabilitysuppression.enabled='true'
data.directory='[JAR]/../../dependency-check-data/7.0'
analyzer.experimental.enabled='false'
analyzer.golang.mod.enabled='true'
analyzer.filename.enabled='true'
analyzer.ossindex.use.cache='true'
analyzer.python.package.enabled='true'
updater.versioncheck.enabled='true'
ecosystem.skip.cpeanalyzer='npm'
analyzer.pip.enabled='true'
analyzer.falsepositive.enabled='true'
analyzer.node.audit.enabled='true'
analyzer.yarn.audit.enabled='true'
analyzer.npm.cpe.enabled='true'
database.batchinsert.maxsize='1000'
data.driver_name='org.h2.Driver'
data.password='********'
analyzer.nugetconf.enabled='true'
cve.url.modified='https://nvd.nist.gov/feeds/json/cve/1.1/nvdcve-1.1-modified.json.gz'

[DEBUG] Setting: odc.maven.local.repo='/Users/msl/.m2/repository'
[DEBUG] Setting: updater.versioncheck.enabled='true'
[DEBUG] Setting: junit.fail.on.cvss='0.0'
[DEBUG] Setting: analyzer.artifactory.parallel.analysis='true'
[DEBUG] Loaded Analyzer Archive Analyzer
[DEBUG] Loaded Analyzer File Name Analyzer
[DEBUG] Loaded Analyzer Jar Analyzer
[DEBUG] Loaded Analyzer Hint Analyzer
[DEBUG] Loaded Analyzer CPE Analyzer
[DEBUG] Loaded Analyzer False Positive Analyzer
[DEBUG] Loaded Analyzer Dependency Bundling Analyzer
[DEBUG] Loaded Analyzer Dependency Merging Analyzer
[DEBUG] Loaded Analyzer NVD CVE Analyzer
[DEBUG] Loaded Analyzer Vulnerability Suppression Analyzer
[DEBUG] Loaded Analyzer Central Analyzer
[DEBUG] Loaded Analyzer Nexus Analyzer
[DEBUG] Loaded Analyzer Artifactory Analyzer
[DEBUG] Loaded Analyzer Nuspec Analyzer
[DEBUG] Loaded Analyzer Nugetconf Analyzer
[DEBUG] Loaded Analyzer MSBuild Project Analyzer
[DEBUG] Loaded Analyzer Assembly Analyzer
[DEBUG] Loaded Analyzer OpenSSL Source Analyzer
[DEBUG] Loaded Analyzer Node.js Package Analyzer
[DEBUG] Loaded Analyzer Node Audit Analyzer
[DEBUG] Loaded Analyzer Yarn Audit Analyzer
[DEBUG] Loaded Analyzer Pnpm Audit Analyzer
[DEBUG] Loaded Analyzer RetireJS Analyzer
[DEBUG] Loaded Analyzer Ruby Bundle Audit Analyzer
[DEBUG] Loaded Analyzer Version Filter Analyzer
[DEBUG] Loaded Analyzer Sonatype OSS Index Analyzer
[DEBUG] Settings.getDataFile() - file: '[JAR]/../../dependency-check-data/7.0'
[DEBUG] Settings.getDataFile() - transforming filename
[DEBUG] Settings.getDataFile() - jar file: '/Users/msl/.m2/repository/org/owasp/dependency-check-utils/7.1.2'
[DEBUG] Settings.getDataFile() - returning: '/Users/msl/.m2/repository/org/owasp/dependency-check-utils/7.1.2/../../dependency-check-data/7.0'
[DEBUG] Setting property [maxMemoryIdleTimeSeconds] to [3600].
[DEBUG] Setting property [diskUsagePattern] to [UPDATE].
[DEBUG] Setting property [shrinkerIntervalSeconds] to [60].
[DEBUG] Setting property [maxObjects] to [0].
[DEBUG] Setting property [memoryCacheName] to [org.apache.commons.jcs.engine.memory.lru.LRUMemoryCache].
[DEBUG] Setting property [useMemoryShrinker] to [false].
[DEBUG] Setting property [isEternal] to [false].
[DEBUG] Setting property [isSpool] to [true].
[DEBUG] Setting property [isLateral] to [false].
[DEBUG] Setting property [isRemote] to [false].
[DEBUG] Setting property [idleTime] to [1800].
[DEBUG] Setting property [maxLife] to [86400].
[DEBUG] Setting property [isLateral] to [false].
[DEBUG] Setting property [maxLife] to [2592000].
[DEBUG] Setting property [isRemote] to [false].
[DEBUG] Setting property [isSpool] to [true].
[DEBUG] Setting property [diskUsagePattern] to [UPDATE].
[DEBUG] Setting property [maxObjects] to [0].
[DEBUG] Setting property [diskPath] to [/Users/msl/.m2/repository/org/owasp/dependency-check-data/7.0/cache].
[DEBUG] Setting property [optimizeAtRemoveCount] to [300000].
[DEBUG] Setting property [eventQueueType] to [POOLED].
[DEBUG] Setting property [shutdownSpoolTimeLimit] to [60].
[DEBUG] Setting property [maxPurgatorySize] to [10000000].
[DEBUG] Setting property [maxKeySize] to [1000000].
[DEBUG] Setting property [eventQueuePoolName] to [disk_cache_event_queue].
[DEBUG] Creating DiskCache for attributes = IndexedDiskCacheAttributes 
 diskPath = /Users/msl/.m2/repository/org/owasp/dependency-check-data/7.0/cache
 maxPurgatorySize   = 10000000
 maxKeySize  = 1000000
 optimizeAtRemoveCount  = 300000
 shutdownSpoolTimeLimit  = 60
 optimizeOnShutdown  = true
 clearDiskOnStartup  = false
[DEBUG] threadPoolName = [disk_cache_event_queue] poolType = POOLED 
[DEBUG] Constructed: CacheEventQueue [listenerId=-418745891, cacheName=CENTRAL]
[DEBUG] Setting property [maxLife] to [7776000].
[DEBUG] Setting property [isSpool] to [true].
[DEBUG] Setting property [isRemote] to [false].
[DEBUG] Setting property [isLateral] to [false].
[DEBUG] Setting property [maxObjects] to [0].
[DEBUG] Setting property [diskUsagePattern] to [UPDATE].
[DEBUG] Setting property [diskPath] to [/Users/msl/.m2/repository/org/owasp/dependency-check-data/7.0/cache].
[DEBUG] Setting property [optimizeAtRemoveCount] to [300000].
[DEBUG] Setting property [eventQueueType] to [POOLED].
[DEBUG] Setting property [shutdownSpoolTimeLimit] to [60].
[DEBUG] Setting property [maxPurgatorySize] to [10000000].
[DEBUG] Setting property [maxKeySize] to [1000000].
[DEBUG] Setting property [eventQueuePoolName] to [disk_cache_event_queue].
[DEBUG] Creating DiskCache for attributes = IndexedDiskCacheAttributes 
 diskPath = /Users/msl/.m2/repository/org/owasp/dependency-check-data/7.0/cache
 maxPurgatorySize   = 10000000
 maxKeySize  = 1000000
 optimizeAtRemoveCount  = 300000
 shutdownSpoolTimeLimit  = 60
 optimizeOnShutdown  = true
 clearDiskOnStartup  = false
[DEBUG] threadPoolName = [disk_cache_event_queue] poolType = POOLED 
[DEBUG] Constructed: CacheEventQueue [listenerId=-418745891, cacheName=POM]
[DEBUG] Setting property [isRemote] to [false].
[DEBUG] Setting property [isSpool] to [true].
[DEBUG] Setting property [isLateral] to [false].
[DEBUG] Setting property [maxLife] to [86400].
[DEBUG] Setting property [diskUsagePattern] to [UPDATE].
[DEBUG] Setting property [maxObjects] to [0].
[DEBUG] Setting property [diskPath] to [/Users/msl/.m2/repository/org/owasp/dependency-check-data/7.0/cache].
[DEBUG] Setting property [optimizeAtRemoveCount] to [300000].
[DEBUG] Setting property [eventQueueType] to [POOLED].
[DEBUG] Setting property [shutdownSpoolTimeLimit] to [60].
[DEBUG] Setting property [maxPurgatorySize] to [10000000].
[DEBUG] Setting property [maxKeySize] to [1000000].
[DEBUG] Setting property [eventQueuePoolName] to [disk_cache_event_queue].
[DEBUG] Creating DiskCache for attributes = IndexedDiskCacheAttributes 
 diskPath = /Users/msl/.m2/repository/org/owasp/dependency-check-data/7.0/cache
 maxPurgatorySize   = 10000000
 maxKeySize  = 1000000
 optimizeAtRemoveCount  = 300000
 shutdownSpoolTimeLimit  = 60
 optimizeOnShutdown  = true
 clearDiskOnStartup  = false
[DEBUG] threadPoolName = [disk_cache_event_queue] poolType = POOLED 
[DEBUG] Constructed: CacheEventQueue [listenerId=-418745891, cacheName=NODEAUDIT]
[DEBUG] building maven31 dependency graph for org.example.dependency.check:parent:pom:1.0-SNAPSHOT with Maven31DependencyGraphBuilder
[DEBUG] Dependency collection stats {ConflictMarker.analyzeTime=10666, ConflictMarker.markTime=29709, ConflictMarker.nodeCount=1, ConflictIdSorter.graphTime=1042, ConflictIdSorter.topsortTime=2833, ConflictIdSorter.conflictIdCount=0, ConflictIdSorter.conflictIdCycleCount=0, ConflictResolver.totalTime=9542, ConflictResolver.conflictItemCount=0, DefaultDependencyCollector.collectTime=2000, DefaultDependencyCollector.transformTime=61000}
[DEBUG] org.example.dependency.check:parent:pom:1.0-SNAPSHOT
[DEBUG] Scanning fileSet: /Users/msl/Projects/dependency-check-issue/parent/src/main/resources
[DEBUG] Scanning fileSet: /Users/msl/Projects/dependency-check-issue/parent/src/main/filters
[DEBUG] Scanning fileSet: /Users/msl/Projects/dependency-check-issue/parent/src/main/webapp
[DEBUG] Scanning fileSet: /Users/msl/Projects/dependency-check-issue/parent
[DEBUG] Settings.getDataFile() - file: '[JAR]/../../dependency-check-data/7.0'
[DEBUG] Settings.getDataFile() - transforming filename
[DEBUG] Settings.getDataFile() - jar file: '/Users/msl/.m2/repository/org/owasp/dependency-check-utils/7.1.2'
[DEBUG] Settings.getDataFile() - returning: '/Users/msl/.m2/repository/org/owasp/dependency-check-utils/7.1.2/../../dependency-check-data/7.0'
[DEBUG] Data directory: /Users/msl/.m2/repository/org/owasp/dependency-check-utils/7.1.2/../../dependency-check-data/7.0
[DEBUG] Connection String: 'jdbc:h2:file:/Users/msl/.m2/repository/org/owasp/dependency-check-data/7.0/odc;AUTOCOMMIT=ON;CACHE_SIZE=65536;RETENTION_TIME=1000;MAX_COMPACT_TIME=10000;'
[DEBUG] Settings.getDataFile() - file: '[JAR]/../../dependency-check-data/7.0'
[DEBUG] Settings.getDataFile() - transforming filename
[DEBUG] Settings.getDataFile() - jar file: '/Users/msl/.m2/repository/org/owasp/dependency-check-utils/7.1.2'
[DEBUG] Settings.getDataFile() - returning: '/Users/msl/.m2/repository/org/owasp/dependency-check-utils/7.1.2/../../dependency-check-data/7.0'
[DEBUG] Lock file created (main) 23a51a27024599f3bf36101a8d0454a3 @ 2022-08-29 10:40:30.485
[DEBUG] Loading driver 'org.h2.Driver'
[DEBUG] Settings.getDataFile() - file: '[JAR]/../../dependency-check-data/7.0'
[DEBUG] Settings.getDataFile() - transforming filename
[DEBUG] Settings.getDataFile() - jar file: '/Users/msl/.m2/repository/org/owasp/dependency-check-utils/7.1.2'
[DEBUG] Settings.getDataFile() - returning: '/Users/msl/.m2/repository/org/owasp/dependency-check-utils/7.1.2/../../dependency-check-data/7.0'
[DEBUG] Data directory: /Users/msl/.m2/repository/org/owasp/dependency-check-utils/7.1.2/../../dependency-check-data/7.0
[DEBUG] Connection String: 'jdbc:h2:file:/Users/msl/.m2/repository/org/owasp/dependency-check-data/7.0/odc;AUTOCOMMIT=ON;CACHE_SIZE=65536;RETENTION_TIME=1000;MAX_COMPACT_TIME=10000;'
[DEBUG] Settings.getDataFile() - file: '[JAR]/../../dependency-check-data/7.0'
[DEBUG] Settings.getDataFile() - transforming filename
[DEBUG] Settings.getDataFile() - jar file: '/Users/msl/.m2/repository/org/owasp/dependency-check-utils/7.1.2'
[DEBUG] Settings.getDataFile() - returning: '/Users/msl/.m2/repository/org/owasp/dependency-check-utils/7.1.2/../../dependency-check-data/7.0'
[DEBUG] Need to create DB Structure: false
[DEBUG] Loading database connection
[DEBUG] Connection String: jdbc:h2:file:/Users/msl/.m2/repository/org/owasp/dependency-check-data/7.0/odc;AUTOCOMMIT=ON;CACHE_SIZE=65536;RETENTION_TIME=1000;MAX_COMPACT_TIME=10000;
[DEBUG] Database User: dcuser
[DEBUG] Database product: h2
[DEBUG] DC Schema: 5.2.1
[DEBUG] DB Schema: 5.2.1
[INFO] Checking for updates
[INFO] Skipping NVD check since last check was within 4 hours.
[DEBUG] Last NVD was at 1661731989, and now 1661733630 is within 14400 s.
[DEBUG] Begin Engine Version Check
[DEBUG] Last checked: 1659681547
[DEBUG] Now: 1661733630
[DEBUG] Current version: 7.1.2
[DEBUG] Upgrade not needed
[DEBUG] Settings.getDataFile() - file: '[JAR]/../../dependency-check-data/7.0'
[DEBUG] Settings.getDataFile() - transforming filename
[DEBUG] Settings.getDataFile() - jar file: '/Users/msl/.m2/repository/org/owasp/dependency-check-utils/7.1.2'
[DEBUG] Settings.getDataFile() - returning: '/Users/msl/.m2/repository/org/owasp/dependency-check-utils/7.1.2/../../dependency-check-data/7.0'
[DEBUG] Last updated: 1661731989907
[DEBUG] Now: 1661733630716
[INFO] Skipping RetireJS update since last update was within 24 hours.
[DEBUG] Closing database
[DEBUG] Cache cleared
[DEBUG] Connection closed
[DEBUG] Resources released
[DEBUG] Begin deregister driver
[DEBUG] End deregister driver
[INFO] Check for updates complete (24 ms)
[DEBUG] Settings.getDataFile() - file: '[JAR]/../../dependency-check-data/7.0'
[DEBUG] Settings.getDataFile() - transforming filename
[DEBUG] Settings.getDataFile() - jar file: '/Users/msl/.m2/repository/org/owasp/dependency-check-utils/7.1.2'
[DEBUG] Settings.getDataFile() - returning: '/Users/msl/.m2/repository/org/owasp/dependency-check-utils/7.1.2/../../dependency-check-data/7.0'
[DEBUG] Data directory: /Users/msl/.m2/repository/org/owasp/dependency-check-utils/7.1.2/../../dependency-check-data/7.0
[DEBUG] Connection String: 'jdbc:h2:file:/Users/msl/.m2/repository/org/owasp/dependency-check-data/7.0/odc;AUTOCOMMIT=ON;CACHE_SIZE=65536;RETENTION_TIME=1000;MAX_COMPACT_TIME=10000;'
[DEBUG] Settings.getDataFile() - file: '[JAR]/../../dependency-check-data/7.0'
[DEBUG] Settings.getDataFile() - transforming filename
[DEBUG] Settings.getDataFile() - jar file: '/Users/msl/.m2/repository/org/owasp/dependency-check-utils/7.1.2'
[DEBUG] Settings.getDataFile() - returning: '/Users/msl/.m2/repository/org/owasp/dependency-check-utils/7.1.2/../../dependency-check-data/7.0'
[DEBUG] Temporary directory is `/var/folders/18/5dfl6p1x6y5379vx26z65tvh0000gp/T/dctempe570582b-59b7-4afb-b911-5baa47f7a73a`
[DEBUG] copying database /Users/msl/.m2/repository/org/owasp/dependency-check-utils/7.1.2/../../dependency-check-data/7.0/odc.mv.db to /var/folders/18/5dfl6p1x6y5379vx26z65tvh0000gp/T/dctempe570582b-59b7-4afb-b911-5baa47f7a73a
[DEBUG] Setting: data.h2.directory='/var/folders/18/5dfl6p1x6y5379vx26z65tvh0000gp/T/dctempe570582b-59b7-4afb-b911-5baa47f7a73a'
[DEBUG] Setting: data.connection_string='jdbc:h2:file:%s;AUTOCOMMIT=ON;CACHE_SIZE=65536;RETENTION_TIME=1000;MAX_COMPACT_TIME=10000;ACCESS_MODE_DATA=r'
[DEBUG] Loading driver 'org.h2.Driver'
[DEBUG] Settings.getDataFile() - file: '/var/folders/18/5dfl6p1x6y5379vx26z65tvh0000gp/T/dctempe570582b-59b7-4afb-b911-5baa47f7a73a'
[DEBUG] Data directory: /var/folders/18/5dfl6p1x6y5379vx26z65tvh0000gp/T/dctempe570582b-59b7-4afb-b911-5baa47f7a73a
[DEBUG] Connection String: 'jdbc:h2:file:/private/var/folders/18/5dfl6p1x6y5379vx26z65tvh0000gp/T/dctempe570582b-59b7-4afb-b911-5baa47f7a73a/odc;AUTOCOMMIT=ON;CACHE_SIZE=65536;RETENTION_TIME=1000;MAX_COMPACT_TIME=10000;ACCESS_MODE_DATA=r'
[DEBUG] Settings.getDataFile() - file: '/var/folders/18/5dfl6p1x6y5379vx26z65tvh0000gp/T/dctempe570582b-59b7-4afb-b911-5baa47f7a73a'
[DEBUG] Need to create DB Structure: false
[DEBUG] Loading database connection
[DEBUG] Connection String: jdbc:h2:file:/private/var/folders/18/5dfl6p1x6y5379vx26z65tvh0000gp/T/dctempe570582b-59b7-4afb-b911-5baa47f7a73a/odc;AUTOCOMMIT=ON;CACHE_SIZE=65536;RETENTION_TIME=1000;MAX_COMPACT_TIME=10000;ACCESS_MODE_DATA=r
[DEBUG] Database User: dcuser
[DEBUG] Database product: h2
[DEBUG] DC Schema: 5.2.1
[DEBUG] DB Schema: 5.2.1
[DEBUG] Lock released (main) 23a51a27024599f3bf36101a8d0454a3 @ 2022-08-29 10:40:30.786
[INFO] 

Dependency-Check is an open source tool performing a best effort analysis of 3rd party dependencies; false positives and false negatives may exist in the analysis performed by the tool. Use of the tool and the reporting provided constitutes acceptance for use in an AS IS condition, and there are NO warranties, implied or otherwise, with regard to the analysis or its use. Any use of the tool and the reporting provided is at the users risk. In no event shall the copyright holder or OWASP be held liable for any damages whatsoever arising out of or in connection with the use of this tool, the analysis performed, or the resulting report.


   About ODC: https://jeremylong.github.io/DependencyCheck/general/internals.html
   False Positives: https://jeremylong.github.io/DependencyCheck/general/suppression.html

 Sponsor: https://github.com/sponsors/jeremylong


[DEBUG] 
----------------------------------------------------
BEGIN ANALYSIS
----------------------------------------------------
[INFO] Analysis Started
[DEBUG] Initializing Archive Analyzer
[DEBUG] Skipping Archive Analyzer (not enabled)
[DEBUG] Initializing Ruby Bundle Audit Analyzer
[DEBUG] Skipping Ruby Bundle Audit Analyzer (not enabled)
[DEBUG] Initializing File Name Analyzer
[DEBUG] Starting File Name Analyzer
[DEBUG] Parallel processing with up to 10 threads: File Name Analyzer.
[INFO] Finished File Name Analyzer (0 seconds)
[DEBUG] Initializing Jar Analyzer
[DEBUG] Skipping Jar Analyzer (not enabled)
[DEBUG] Initializing Central Analyzer
[DEBUG] Central Analyzer has been disabled
[DEBUG] Skipping Central Analyzer (not enabled)
[DEBUG] Initializing Nexus Analyzer
[DEBUG] Nexus Analyzer has been disabled
[DEBUG] Skipping Nexus Analyzer (not enabled)
[DEBUG] Initializing Artifactory Analyzer
[DEBUG] Artifactory Analyzer has been disabled
[DEBUG] Skipping Artifactory Analyzer (not enabled)
[DEBUG] Initializing Nuspec Analyzer
[DEBUG] Skipping Nuspec Analyzer (not enabled)
[DEBUG] Initializing Nugetconf Analyzer
[DEBUG] Skipping Nugetconf Analyzer (not enabled)
[DEBUG] Initializing MSBuild Project Analyzer
[DEBUG] Skipping MSBuild Project Analyzer (not enabled)
[DEBUG] Initializing Assembly Analyzer
[DEBUG] Skipping Assembly Analyzer (not enabled)
[DEBUG] Initializing OpenSSL Source Analyzer
[DEBUG] Skipping OpenSSL Source Analyzer (not enabled)
[DEBUG] Initializing Node.js Package Analyzer
[DEBUG] Skipping Node.js Package Analyzer (not enabled)
[DEBUG] Initializing Dependency Merging Analyzer
[DEBUG] Starting Dependency Merging Analyzer
[DEBUG] Parallel processing is not supported: Dependency Merging Analyzer.
[INFO] Finished Dependency Merging Analyzer (0 seconds)
[DEBUG] Initializing Version Filter Analyzer
[DEBUG] Starting Version Filter Analyzer
[DEBUG] Parallel processing with up to 10 threads: Version Filter Analyzer.
[INFO] Finished Version Filter Analyzer (0 seconds)
[DEBUG] Initializing Hint Analyzer
[DEBUG] 48 hint rules were loaded.
[DEBUG] 6 duplicating hint rules were loaded.
[DEBUG] Starting Hint Analyzer
[DEBUG] Parallel processing with up to 10 threads: Hint Analyzer.
[INFO] Finished Hint Analyzer (0 seconds)
[DEBUG] Initializing CPE Analyzer
[[1;36mDEBUG[m] Entering finalize
[INFO] Created CPE Index (0 seconds)
[DEBUG] Skipping CPE Analysis for npm
[DEBUG] 0 suppression rules were loaded.
[DEBUG] Starting CPE Analyzer
[DEBUG] Parallel processing with up to 10 threads: CPE Analyzer.
[INFO] Finished CPE Analyzer (0 seconds)
[DEBUG] Initializing False Positive Analyzer
[DEBUG] Starting False Positive Analyzer
[DEBUG] Parallel processing with up to 10 threads: False Positive Analyzer.
[INFO] Finished False Positive Analyzer (0 seconds)
[DEBUG] Initializing NVD CVE Analyzer
[DEBUG] Starting NVD CVE Analyzer
[DEBUG] Parallel processing with up to 10 threads: NVD CVE Analyzer.
[INFO] Finished NVD CVE Analyzer (0 seconds)
[DEBUG] Initializing Node Audit Analyzer
[DEBUG] Skipping Node Audit Analyzer (not enabled)
[DEBUG] Initializing Yarn Audit Analyzer
[DEBUG] Skipping Yarn Audit Analyzer (not enabled)
[DEBUG] Initializing Pnpm Audit Analyzer
[DEBUG] Skipping Pnpm Audit Analyzer (not enabled)
[DEBUG] Initializing RetireJS Analyzer
[DEBUG] Skipping RetireJS Analyzer (not enabled)
[DEBUG] Initializing Sonatype OSS Index Analyzer
[DEBUG] Starting Sonatype OSS Index Analyzer
[DEBUG] Parallel processing with up to 10 threads: Sonatype OSS Index Analyzer.
[INFO] Finished Sonatype OSS Index Analyzer (0 seconds)
[DEBUG] Initializing Vulnerability Suppression Analyzer
[DEBUG] Starting Vulnerability Suppression Analyzer
[DEBUG] Parallel processing with up to 10 threads: Vulnerability Suppression Analyzer.
[INFO] Finished Vulnerability Suppression Analyzer (0 seconds)
[DEBUG] Initializing Dependency Bundling Analyzer
[DEBUG] Starting Dependency Bundling Analyzer
[DEBUG] Parallel processing is not supported: Dependency Bundling Analyzer.
[INFO] Finished Dependency Bundling Analyzer (0 seconds)
[DEBUG] Closing Analyzer 'Archive Analyzer'
[DEBUG] Closing Analyzer 'Ruby Bundle Audit Analyzer'
[DEBUG] Closing Analyzer 'File Name Analyzer'
[DEBUG] Closing Analyzer 'Jar Analyzer'
[DEBUG] Closing Analyzer 'Central Analyzer'
[DEBUG] Closing Analyzer 'Nexus Analyzer'
[DEBUG] Closing Analyzer 'Artifactory Analyzer'
[DEBUG] Closing Analyzer 'Nuspec Analyzer'
[DEBUG] Closing Analyzer 'Nugetconf Analyzer'
[DEBUG] Closing Analyzer 'MSBuild Project Analyzer'
[DEBUG] Closing Analyzer 'Assembly Analyzer'
[DEBUG] Closing Analyzer 'OpenSSL Source Analyzer'
[DEBUG] Closing Analyzer 'Node.js Package Analyzer'
[DEBUG] Closing Analyzer 'Dependency Merging Analyzer'
[DEBUG] Closing Analyzer 'Version Filter Analyzer'
[DEBUG] Closing Analyzer 'Hint Analyzer'
[DEBUG] Closing Analyzer 'CPE Analyzer'
[DEBUG] Closing Analyzer 'False Positive Analyzer'
[DEBUG] Closing Analyzer 'NVD CVE Analyzer'
[DEBUG] Closing Analyzer 'Node Audit Analyzer'
[DEBUG] Closing Analyzer 'Yarn Audit Analyzer'
[DEBUG] Closing Analyzer 'Pnpm Audit Analyzer'
[DEBUG] Closing Analyzer 'RetireJS Analyzer'
[DEBUG] Closing Analyzer 'Sonatype OSS Index Analyzer'
[DEBUG] Closing Analyzer 'Vulnerability Suppression Analyzer'
[DEBUG] Closing Analyzer 'Dependency Bundling Analyzer'
[DEBUG] 
----------------------------------------------------
END ANALYSIS
----------------------------------------------------
[INFO] Analysis Complete (1 seconds)
[DEBUG] Initializing Velocity, Calling init()...
[DEBUG] Starting Apache Velocity v2.3
[DEBUG] Default Properties resource: org/apache/velocity/runtime/defaults/velocity.properties
[DEBUG] ResourceLoader instantiated: org.apache.velocity.runtime.resource.loader.FileResourceLoader
[DEBUG] FileResourceLoader: adding path '.'
[DEBUG] initialized (class org.apache.velocity.runtime.resource.ResourceCacheImpl) with class java.util.Collections$SynchronizedMap cache map.
[DEBUG] Loaded System Directive: org.apache.velocity.runtime.directive.Stop
[DEBUG] Loaded System Directive: org.apache.velocity.runtime.directive.Define
[DEBUG] Loaded System Directive: org.apache.velocity.runtime.directive.Break
[DEBUG] Loaded System Directive: org.apache.velocity.runtime.directive.Evaluate
[DEBUG] Loaded System Directive: org.apache.velocity.runtime.directive.Macro
[DEBUG] Loaded System Directive: org.apache.velocity.runtime.directive.Parse
[DEBUG] Loaded System Directive: org.apache.velocity.runtime.directive.Include
[DEBUG] Loaded System Directive: org.apache.velocity.runtime.directive.Foreach
[DEBUG] Created '20' parsers.
[DEBUG] "velocimacro.library.path" is not set. Trying default library: velocimacros.vtl
[DEBUG] Default library velocimacros.vtl not found. Trying old default library: VM_global_library.vm
[DEBUG] Old default library VM_global_library.vm not found.
[DEBUG] allowInline = true: VMs can be defined inline in templates
[DEBUG] allowInlineToOverride = false: VMs defined inline may NOT replace previous VM definitions
[DEBUG] allowInlineLocal = false: VMs defined inline will be global in scope if allowed.
[DEBUG] autoload off: VM system will not automatically reload global library macros
[INFO] Writing report to: /Users/msl/Projects/dependency-check-issue/parent/target/dependency-check-report.html
[DEBUG] added VM writeHtmlException: source=org.apache.velocity.Template@19d53ab4
[DEBUG] Closing database
[DEBUG] Cache cleared
[DEBUG] Connection closed
[DEBUG] Resources released
[DEBUG] Begin deregister driver
[DEBUG] End deregister driver
[DEBUG] Resetting Indexed File [/Users/msl/.m2/repository/org/owasp/dependency-check-data/7.0/cache/NODEAUDIT.key]
[DEBUG] Resetting Indexed File [/Users/msl/.m2/repository/org/owasp/dependency-check-data/7.0/cache/CENTRAL.key]
[DEBUG] Resetting Indexed File [/Users/msl/.m2/repository/org/owasp/dependency-check-data/7.0/cache/POM.key]
[DEBUG] Deleting ALL temporary files from `/var/folders/18/5dfl6p1x6y5379vx26z65tvh0000gp/T/dctempe570582b-59b7-4afb-b911-5baa47f7a73a`
[INFO] 
[INFO] --- maven-install-plugin:2.4:install (default-install) @ parent ---
[DEBUG] Using mirror maven-default-http-blocker (http://0.0.0.0/) for codehaus.snapshots (http://snapshots.repository.codehaus.org).
[DEBUG] Using mirror maven-default-http-blocker (http://0.0.0.0/) for snapshots (http://snapshots.maven.codehaus.org/maven2).
[DEBUG] Using mirror maven-default-http-blocker (http://0.0.0.0/) for central (http://repo1.maven.org/maven2).
[DEBUG] Using mirror maven-default-http-blocker (http://0.0.0.0/) for apache-snapshots (http://people.apache.org/maven-snapshot-repository).
[DEBUG] Using mirror maven-default-http-blocker (http://0.0.0.0/) for codehaus-snapshots (http://snapshots.repository.codehaus.org).
[DEBUG] Dependency collection stats {ConflictMarker.analyzeTime=81667, ConflictMarker.markTime=43375, ConflictMarker.nodeCount=38, ConflictIdSorter.graphTime=32750, ConflictIdSorter.topsortTime=15583, ConflictIdSorter.conflictIdCount=15, ConflictIdSorter.conflictIdCycleCount=0, ConflictResolver.totalTime=194167, ConflictResolver.conflictItemCount=35, DefaultDependencyCollector.collectTime=25605750, DefaultDependencyCollector.transformTime=383334}
[DEBUG] org.apache.maven.plugins:maven-install-plugin:jar:2.4
[DEBUG]    org.apache.maven:maven-plugin-api:jar:2.0.6:compile
[DEBUG]    org.apache.maven:maven-project:jar:2.0.6:compile
[DEBUG]       org.apache.maven:maven-settings:jar:2.0.6:compile
[DEBUG]       org.apache.maven:maven-profile:jar:2.0.6:compile
[DEBUG]       org.apache.maven:maven-plugin-registry:jar:2.0.6:compile
[DEBUG]       org.codehaus.plexus:plexus-container-default:jar:1.0-alpha-9-stable-1:compile
[DEBUG]          junit:junit:jar:3.8.1:compile
[DEBUG]          classworlds:classworlds:jar:1.1-alpha-2:compile
[DEBUG]    org.apache.maven:maven-model:jar:2.0.6:compile
[DEBUG]    org.apache.maven:maven-artifact-manager:jar:2.0.6:compile
[DEBUG]       org.apache.maven:maven-repository-metadata:jar:2.0.6:compile
[DEBUG]    org.apache.maven:maven-artifact:jar:2.0.6:compile
[DEBUG]    org.codehaus.plexus:plexus-utils:jar:3.0.5:compile
[DEBUG]    org.codehaus.plexus:plexus-digest:jar:1.0:compile
[DEBUG] Created new class realm plugin>org.apache.maven.plugins:maven-install-plugin:2.4
[DEBUG] Importing foreign packages into class realm plugin>org.apache.maven.plugins:maven-install-plugin:2.4
[DEBUG]   Imported:  < maven.api
[DEBUG] Populating class realm plugin>org.apache.maven.plugins:maven-install-plugin:2.4
[DEBUG]   Included: org.apache.maven.plugins:maven-install-plugin:jar:2.4
[DEBUG]   Included: junit:junit:jar:3.8.1
[DEBUG]   Included: org.codehaus.plexus:plexus-utils:jar:3.0.5
[DEBUG]   Included: org.codehaus.plexus:plexus-digest:jar:1.0
[DEBUG] Configuring mojo org.apache.maven.plugins:maven-install-plugin:2.4:install from plugin realm ClassRealm[plugin>org.apache.maven.plugins:maven-install-plugin:2.4, parent: jdk.internal.loader.ClassLoaders$AppClassLoader@1de0aca6]
[DEBUG] Configuring mojo 'org.apache.maven.plugins:maven-install-plugin:2.4:install' with basic configurator -->
[DEBUG]   (f) artifact = org.example.dependency.check:parent:pom:1.0-SNAPSHOT
[DEBUG]   (f) attachedArtifacts = []
[DEBUG]   (f) createChecksum = false
[DEBUG]   (f) localRepository =       id: local
      url: file:///Users/msl/.m2/repository/
   layout: default
snapshots: [enabled => true, update => always]
 releases: [enabled => true, update => always]
   blocked: false

[DEBUG]   (f) packaging = pom
[DEBUG]   (f) pomFile = /Users/msl/Projects/dependency-check-issue/parent/pom.xml
[DEBUG]   (s) skip = false
[DEBUG]   (f) updateReleaseInfo = false
[DEBUG] -- end configuration --
[INFO] Installing /Users/msl/Projects/dependency-check-issue/parent/pom.xml to /Users/msl/.m2/repository/org/example/dependency/check/parent/1.0-SNAPSHOT/parent-1.0-SNAPSHOT.pom
[DEBUG] Writing tracking file /Users/msl/.m2/repository/org/example/dependency/check/parent/1.0-SNAPSHOT/_remote.repositories
[DEBUG] Installing org.example.dependency.check:parent:1.0-SNAPSHOT/maven-metadata.xml to /Users/msl/.m2/repository/org/example/dependency/check/parent/1.0-SNAPSHOT/maven-metadata-local.xml
[DEBUG] Installing org.example.dependency.check:parent/maven-metadata.xml to /Users/msl/.m2/repository/org/example/dependency/check/parent/maven-metadata-local.xml
[INFO] 
[INFO] ---------------< org.example.dependency.check:module-1 >----------------
[INFO] Building module-1 1.0-SNAPSHOT                                     [2/4]
[INFO] --------------------------------[ jar ]---------------------------------
[DEBUG] Lifecycle default -> [validate, initialize, generate-sources, process-sources, generate-resources, process-resources, compile, process-classes, generate-test-sources, process-test-sources, generate-test-resources, process-test-resources, test-compile, process-test-classes, test, prepare-package, package, pre-integration-test, integration-test, post-integration-test, verify, install, deploy]
[DEBUG] Lifecycle clean -> [pre-clean, clean, post-clean]
[DEBUG] Lifecycle site -> [pre-site, site, post-site, site-deploy]
[DEBUG] Lifecycle default -> [validate, initialize, generate-sources, process-sources, generate-resources, process-resources, compile, process-classes, generate-test-sources, process-test-sources, generate-test-resources, process-test-resources, test-compile, process-test-classes, test, prepare-package, package, pre-integration-test, integration-test, post-integration-test, verify, install, deploy]
[DEBUG] Lifecycle clean -> [pre-clean, clean, post-clean]
[DEBUG] Lifecycle site -> [pre-site, site, post-site, site-deploy]
[DEBUG] Lifecycle default -> [validate, initialize, generate-sources, process-sources, generate-resources, process-resources, compile, process-classes, generate-test-sources, process-test-sources, generate-test-resources, process-test-resources, test-compile, process-test-classes, test, prepare-package, package, pre-integration-test, integration-test, post-integration-test, verify, install, deploy]
[DEBUG] Lifecycle clean -> [pre-clean, clean, post-clean]
[DEBUG] Lifecycle site -> [pre-site, site, post-site, site-deploy]
[DEBUG] Lifecycle default -> [validate, initialize, generate-sources, process-sources, generate-resources, process-resources, compile, process-classes, generate-test-sources, process-test-sources, generate-test-resources, process-test-resources, test-compile, process-test-classes, test, prepare-package, package, pre-integration-test, integration-test, post-integration-test, verify, install, deploy]
[DEBUG] Lifecycle clean -> [pre-clean, clean, post-clean]
[DEBUG] Lifecycle site -> [pre-site, site, post-site, site-deploy]
[DEBUG] Lifecycle default -> [validate, initialize, generate-sources, process-sources, generate-resources, process-resources, compile, process-classes, generate-test-sources, process-test-sources, generate-test-resources, process-test-resources, test-compile, process-test-classes, test, prepare-package, package, pre-integration-test, integration-test, post-integration-test, verify, install, deploy]
[DEBUG] Lifecycle clean -> [pre-clean, clean, post-clean]
[DEBUG] Lifecycle site -> [pre-site, site, post-site, site-deploy]
[DEBUG] Lifecycle default -> [validate, initialize, generate-sources, process-sources, generate-resources, process-resources, compile, process-classes, generate-test-sources, process-test-sources, generate-test-resources, process-test-resources, test-compile, process-test-classes, test, prepare-package, package, pre-integration-test, integration-test, post-integration-test, verify, install, deploy]
[DEBUG] Lifecycle clean -> [pre-clean, clean, post-clean]
[DEBUG] Lifecycle site -> [pre-site, site, post-site, site-deploy]
[DEBUG] Lifecycle default -> [validate, initialize, generate-sources, process-sources, generate-resources, process-resources, compile, process-classes, generate-test-sources, process-test-sources, generate-test-resources, process-test-resources, test-compile, process-test-classes, test, prepare-package, package, pre-integration-test, integration-test, post-integration-test, verify, install, deploy]
[DEBUG] Lifecycle clean -> [pre-clean, clean, post-clean]
[DEBUG] Lifecycle site -> [pre-site, site, post-site, site-deploy]
[DEBUG] Lifecycle default -> [validate, initialize, generate-sources, process-sources, generate-resources, process-resources, compile, process-classes, generate-test-sources, process-test-sources, generate-test-resources, process-test-resources, test-compile, process-test-classes, test, prepare-package, package, pre-integration-test, integration-test, post-integration-test, verify, install, deploy]
[DEBUG] Lifecycle clean -> [pre-clean, clean, post-clean]
[DEBUG] Lifecycle site -> [pre-site, site, post-site, site-deploy]
[DEBUG] Lifecycle default -> [validate, initialize, generate-sources, process-sources, generate-resources, process-resources, compile, process-classes, generate-test-sources, process-test-sources, generate-test-resources, process-test-resources, test-compile, process-test-classes, test, prepare-package, package, pre-integration-test, integration-test, post-integration-test, verify, install, deploy]
[DEBUG] Lifecycle clean -> [pre-clean, clean, post-clean]
[DEBUG] Lifecycle site -> [pre-site, site, post-site, site-deploy]
[DEBUG] Lifecycle default -> [validate, initialize, generate-sources, process-sources, generate-resources, process-resources, compile, process-classes, generate-test-sources, process-test-sources, generate-test-resources, process-test-resources, test-compile, process-test-classes, test, prepare-package, package, pre-integration-test, integration-test, post-integration-test, verify, install, deploy]
[DEBUG] Lifecycle clean -> [pre-clean, clean, post-clean]
[DEBUG] Lifecycle site -> [pre-site, site, post-site, site-deploy]
[DEBUG] Lifecycle default -> [validate, initialize, generate-sources, process-sources, generate-resources, process-resources, compile, process-classes, generate-test-sources, process-test-sources, generate-test-resources, process-test-resources, test-compile, process-test-classes, test, prepare-package, package, pre-integration-test, integration-test, post-integration-test, verify, install, deploy]
[DEBUG] Lifecycle clean -> [pre-clean, clean, post-clean]
[DEBUG] Lifecycle site -> [pre-site, site, post-site, site-deploy]
[DEBUG] === PROJECT BUILD PLAN ================================================
[DEBUG] Project:       org.example.dependency.check:module-1:1.0-SNAPSHOT
[DEBUG] Dependencies (collect): []
[DEBUG] Dependencies (resolve): [compile, compile+runtime, runtime, test]
[DEBUG] Repositories (dependencies): [central (https://repo.maven.apache.org/maven2, default, releases)]
[DEBUG] Repositories (plugins)     : [central (https://repo.maven.apache.org/maven2, default, releases)]
[DEBUG] -----------------------------------------------------------------------
[DEBUG] Goal:          org.apache.maven.plugins:maven-clean-plugin:2.5:clean (default-clean)
[DEBUG] Style:         Regular
[DEBUG] Configuration: <?xml version="1.0" encoding="UTF-8"?>
<configuration>
  <directory default-value="${project.build.directory}"/>
  <excludeDefaultDirectories default-value="false">${clean.excludeDefaultDirectories}</excludeDefaultDirectories>
  <failOnError default-value="true">${maven.clean.failOnError}</failOnError>
  <followSymLinks default-value="false">${clean.followSymLinks}</followSymLinks>
  <outputDirectory default-value="${project.build.outputDirectory}"/>
  <reportDirectory default-value="${project.reporting.outputDirectory}"/>
  <retryOnError default-value="true">${maven.clean.retryOnError}</retryOnError>
  <skip default-value="false">${clean.skip}</skip>
  <testOutputDirectory default-value="${project.build.testOutputDirectory}"/>
  <verbose>${clean.verbose}</verbose>
</configuration>
[DEBUG] -----------------------------------------------------------------------
[DEBUG] Goal:          org.apache.maven.plugins:maven-resources-plugin:2.6:resources (default-resources)
[DEBUG] Style:         Regular
[DEBUG] Configuration: <?xml version="1.0" encoding="UTF-8"?>
<configuration>
  <buildFilters default-value="${project.build.filters}"/>
  <encoding default-value="${project.build.sourceEncoding}">${encoding}</encoding>
  <escapeString>${maven.resources.escapeString}</escapeString>
  <escapeWindowsPaths default-value="true">${maven.resources.escapeWindowsPaths}</escapeWindowsPaths>
  <includeEmptyDirs default-value="false">${maven.resources.includeEmptyDirs}</includeEmptyDirs>
  <outputDirectory default-value="${project.build.outputDirectory}"/>
  <overwrite default-value="false">${maven.resources.overwrite}</overwrite>
  <project default-value="${project}"/>
  <resources default-value="${project.resources}"/>
  <session default-value="${session}"/>
  <supportMultiLineFiltering default-value="false">${maven.resources.supportMultiLineFiltering}</supportMultiLineFiltering>
  <useBuildFilters default-value="true"/>
  <useDefaultDelimiters default-value="true"/>
</configuration>
[DEBUG] -----------------------------------------------------------------------
[DEBUG] Goal:          org.apache.maven.plugins:maven-compiler-plugin:3.1:compile (default-compile)
[DEBUG] Style:         Regular
[DEBUG] Configuration: <?xml version="1.0" encoding="UTF-8"?>
<configuration>
  <basedir default-value="${basedir}"/>
  <buildDirectory default-value="${project.build.directory}"/>
  <classpathElements default-value="${project.compileClasspathElements}"/>
  <compileSourceRoots default-value="${project.compileSourceRoots}"/>
  <compilerId default-value="javac">${maven.compiler.compilerId}</compilerId>
  <compilerReuseStrategy default-value="${reuseCreated}">${maven.compiler.compilerReuseStrategy}</compilerReuseStrategy>
  <compilerVersion>${maven.compiler.compilerVersion}</compilerVersion>
  <debug default-value="true">${maven.compiler.debug}</debug>
  <debuglevel>${maven.compiler.debuglevel}</debuglevel>
  <encoding default-value="${project.build.sourceEncoding}">${encoding}</encoding>
  <executable>${maven.compiler.executable}</executable>
  <failOnError default-value="true">${maven.compiler.failOnError}</failOnError>
  <forceJavacCompilerUse default-value="false">${maven.compiler.forceJavacCompilerUse}</forceJavacCompilerUse>
  <fork default-value="false">${maven.compiler.fork}</fork>
  <generatedSourcesDirectory default-value="${project.build.directory}/generated-sources/annotations"/>
  <maxmem>${maven.compiler.maxmem}</maxmem>
  <meminitial>${maven.compiler.meminitial}</meminitial>
  <mojoExecution>${mojoExecution}</mojoExecution>
  <optimize default-value="false">${maven.compiler.optimize}</optimize>
  <outputDirectory default-value="${project.build.outputDirectory}"/>
  <projectArtifact default-value="${project.artifact}"/>
  <showDeprecation default-value="false">${maven.compiler.showDeprecation}</showDeprecation>
  <showWarnings default-value="false">${maven.compiler.showWarnings}</showWarnings>
  <skipMain>${maven.main.skip}</skipMain>
  <skipMultiThreadWarning default-value="false">${maven.compiler.skipMultiThreadWarning}</skipMultiThreadWarning>
  <source default-value="1.5">${maven.compiler.source}</source>
  <staleMillis default-value="0">${lastModGranularityMs}</staleMillis>
  <target default-value="1.5">${maven.compiler.target}</target>
  <useIncrementalCompilation default-value="true">${maven.compiler.useIncrementalCompilation}</useIncrementalCompilation>
  <verbose default-value="false">${maven.compiler.verbose}</verbose>
  <mavenSession default-value="${session}"/>
  <session default-value="${session}"/>
</configuration>
[DEBUG] -----------------------------------------------------------------------
[DEBUG] Goal:          org.apache.maven.plugins:maven-resources-plugin:2.6:testResources (default-testResources)
[DEBUG] Style:         Regular
[DEBUG] Configuration: <?xml version="1.0" encoding="UTF-8"?>
<configuration>
  <buildFilters default-value="${project.build.filters}"/>
  <encoding default-value="${project.build.sourceEncoding}">${encoding}</encoding>
  <escapeString>${maven.resources.escapeString}</escapeString>
  <escapeWindowsPaths default-value="true">${maven.resources.escapeWindowsPaths}</escapeWindowsPaths>
  <includeEmptyDirs default-value="false">${maven.resources.includeEmptyDirs}</includeEmptyDirs>
  <outputDirectory default-value="${project.build.testOutputDirectory}"/>
  <overwrite default-value="false">${maven.resources.overwrite}</overwrite>
  <project default-value="${project}"/>
  <resources default-value="${project.testResources}"/>
  <session default-value="${session}"/>
  <skip>${maven.test.skip}</skip>
  <supportMultiLineFiltering default-value="false">${maven.resources.supportMultiLineFiltering}</supportMultiLineFiltering>
  <useBuildFilters default-value="true"/>
  <useDefaultDelimiters default-value="true"/>
</configuration>
[DEBUG] -----------------------------------------------------------------------
[DEBUG] Goal:          org.apache.maven.plugins:maven-compiler-plugin:3.1:testCompile (default-testCompile)
[DEBUG] Style:         Regular
[DEBUG] Configuration: <?xml version="1.0" encoding="UTF-8"?>
<configuration>
  <basedir default-value="${basedir}"/>
  <buildDirectory default-value="${project.build.directory}"/>
  <classpathElements default-value="${project.testClasspathElements}"/>
  <compileSourceRoots default-value="${project.testCompileSourceRoots}"/>
  <compilerId default-value="javac">${maven.compiler.compilerId}</compilerId>
  <compilerReuseStrategy default-value="${reuseCreated}">${maven.compiler.compilerReuseStrategy}</compilerReuseStrategy>
  <compilerVersion>${maven.compiler.compilerVersion}</compilerVersion>
  <debug default-value="true">${maven.compiler.debug}</debug>
  <debuglevel>${maven.compiler.debuglevel}</debuglevel>
  <encoding default-value="${project.build.sourceEncoding}">${encoding}</encoding>
  <executable>${maven.compiler.executable}</executable>
  <failOnError default-value="true">${maven.compiler.failOnError}</failOnError>
  <forceJavacCompilerUse default-value="false">${maven.compiler.forceJavacCompilerUse}</forceJavacCompilerUse>
  <fork default-value="false">${maven.compiler.fork}</fork>
  <generatedTestSourcesDirectory default-value="${project.build.directory}/generated-test-sources/test-annotations"/>
  <maxmem>${maven.compiler.maxmem}</maxmem>
  <meminitial>${maven.compiler.meminitial}</meminitial>
  <mojoExecution>${mojoExecution}</mojoExecution>
  <optimize default-value="false">${maven.compiler.optimize}</optimize>
  <outputDirectory default-value="${project.build.testOutputDirectory}"/>
  <showDeprecation default-value="false">${maven.compiler.showDeprecation}</showDeprecation>
  <showWarnings default-value="false">${maven.compiler.showWarnings}</showWarnings>
  <skip>${maven.test.skip}</skip>
  <skipMultiThreadWarning default-value="false">${maven.compiler.skipMultiThreadWarning}</skipMultiThreadWarning>
  <source default-value="1.5">${maven.compiler.source}</source>
  <staleMillis default-value="0">${lastModGranularityMs}</staleMillis>
  <target default-value="1.5">${maven.compiler.target}</target>
  <testSource>${maven.compiler.testSource}</testSource>
  <testTarget>${maven.compiler.testTarget}</testTarget>
  <useIncrementalCompilation default-value="true">${maven.compiler.useIncrementalCompilation}</useIncrementalCompilation>
  <verbose default-value="false">${maven.compiler.verbose}</verbose>
  <mavenSession default-value="${session}"/>
  <session default-value="${session}"/>
</configuration>
[DEBUG] -----------------------------------------------------------------------
[DEBUG] Goal:          org.apache.maven.plugins:maven-surefire-plugin:2.12.4:test (default-test)
[DEBUG] Style:         Regular
[DEBUG] Configuration: <?xml version="1.0" encoding="UTF-8"?>
<configuration>
  <argLine>${argLine}</argLine>
  <basedir default-value="${basedir}"/>
  <childDelegation default-value="false">${childDelegation}</childDelegation>
  <classesDirectory default-value="${project.build.outputDirectory}"/>
  <debugForkedProcess>${maven.surefire.debug}</debugForkedProcess>
  <disableXmlReport default-value="false">${disableXmlReport}</disableXmlReport>
  <enableAssertions default-value="true">${enableAssertions}</enableAssertions>
  <excludedGroups>${excludedGroups}</excludedGroups>
  <failIfNoSpecifiedTests>${surefire.failIfNoSpecifiedTests}</failIfNoSpecifiedTests>
  <failIfNoTests>${failIfNoTests}</failIfNoTests>
  <forkMode default-value="once">${forkMode}</forkMode>
  <forkedProcessTimeoutInSeconds>${surefire.timeout}</forkedProcessTimeoutInSeconds>
  <groups>${groups}</groups>
  <junitArtifactName default-value="junit:junit">${junitArtifactName}</junitArtifactName>
  <jvm>${jvm}</jvm>
  <localRepository default-value="${localRepository}"/>
  <objectFactory>${objectFactory}</objectFactory>
  <parallel>${parallel}</parallel>
  <parallelMavenExecution default-value="${session.parallel}"/>
  <perCoreThreadCount default-value="true">${perCoreThreadCount}</perCoreThreadCount>
  <pluginArtifactMap>${plugin.artifactMap}</pluginArtifactMap>
  <pluginDescriptor default-value="${plugin}"/>
  <printSummary default-value="true">${surefire.printSummary}</printSummary>
  <projectArtifactMap>${project.artifactMap}</projectArtifactMap>
  <redirectTestOutputToFile default-value="false">${maven.test.redirectTestOutputToFile}</redirectTestOutputToFile>
  <remoteRepositories default-value="${project.pluginArtifactRepositories}"/>
  <reportFormat default-value="brief">${surefire.reportFormat}</reportFormat>
  <reportNameSuffix default-value="">${surefire.reportNameSuffix}</reportNameSuffix>
  <reportsDirectory default-value="${project.build.directory}/surefire-reports"/>
  <runOrder default-value="filesystem"/>
  <skip default-value="false">${maven.test.skip}</skip>
  <skipExec>${maven.test.skip.exec}</skipExec>
  <skipTests default-value="false">${skipTests}</skipTests>
  <test>${test}</test>
  <testClassesDirectory default-value="${project.build.testOutputDirectory}"/>
  <testFailureIgnore default-value="false">${maven.test.failure.ignore}</testFailureIgnore>
  <testNGArtifactName default-value="org.testng:testng">${testNGArtifactName}</testNGArtifactName>
  <testSourceDirectory default-value="${project.build.testSourceDirectory}"/>
  <threadCount>${threadCount}</threadCount>
  <trimStackTrace default-value="true">${trimStackTrace}</trimStackTrace>
  <useFile default-value="true">${surefire.useFile}</useFile>
  <useManifestOnlyJar default-value="true">${surefire.useManifestOnlyJar}</useManifestOnlyJar>
  <useSystemClassLoader default-value="true">${surefire.useSystemClassLoader}</useSystemClassLoader>
  <useUnlimitedThreads default-value="false">${useUnlimitedThreads}</useUnlimitedThreads>
  <workingDirectory>${basedir}</workingDirectory>
  <project default-value="${project}"/>
  <session default-value="${session}"/>
</configuration>
[DEBUG] -----------------------------------------------------------------------
[DEBUG] Goal:          org.apache.maven.plugins:maven-jar-plugin:2.4:jar (default-jar)
[DEBUG] Style:         Regular
[DEBUG] Configuration: <?xml version="1.0" encoding="UTF-8"?>
<configuration>
  <classesDirectory default-value="${project.build.outputDirectory}"/>
  <defaultManifestFile default-value="${project.build.outputDirectory}/META-INF/MANIFEST.MF"/>
  <finalName default-value="${project.build.finalName}">${jar.finalName}</finalName>
  <forceCreation default-value="false">${jar.forceCreation}</forceCreation>
  <outputDirectory default-value="${project.build.directory}"/>
  <project default-value="${project}"/>
  <session default-value="${session}"/>
  <skipIfEmpty default-value="false">${jar.skipIfEmpty}</skipIfEmpty>
  <useDefaultManifestFile default-value="false">${jar.useDefaultManifestFile}</useDefaultManifestFile>
</configuration>
[DEBUG] -----------------------------------------------------------------------
[DEBUG] Goal:          org.owasp:dependency-check-maven:7.1.2:check (default)
[DEBUG] Style:         Regular
[DEBUG] Configuration: <?xml version="1.0" encoding="UTF-8"?>
<configuration>
  <archiveAnalyzerEnabled>${archiveAnalyzerEnabled}</archiveAnalyzerEnabled>
  <artifactoryAnalyzerApiToken>${artifactoryAnalyzerApiToken}</artifactoryAnalyzerApiToken>
  <artifactoryAnalyzerBearerToken>${artifactoryAnalyzerBearerToken}</artifactoryAnalyzerBearerToken>
  <artifactoryAnalyzerEnabled>${artifactoryAnalyzerEnabled}</artifactoryAnalyzerEnabled>
  <artifactoryAnalyzerParallelAnalysis default-value="true">${artifactoryAnalyzerParallelAnalysis}</artifactoryAnalyzerParallelAnalysis>
  <artifactoryAnalyzerServerId>${artifactoryAnalyzerServerId}</artifactoryAnalyzerServerId>
  <artifactoryAnalyzerUrl>${artifactoryAnalyzerUrl}</artifactoryAnalyzerUrl>
  <artifactoryAnalyzerUseProxy>${artifactoryAnalyzerUseProxy}</artifactoryAnalyzerUseProxy>
  <artifactoryAnalyzerUsername>${artifactoryAnalyzerUsername}</artifactoryAnalyzerUsername>
  <assemblyAnalyzerEnabled>${assemblyAnalyzerEnabled}</assemblyAnalyzerEnabled>
  <autoUpdate>${autoUpdate}</autoUpdate>
  <autoconfAnalyzerEnabled>${autoconfAnalyzerEnabled}</autoconfAnalyzerEnabled>
  <bundleAuditAnalyzerEnabled>${bundleAuditAnalyzerEnabled}</bundleAuditAnalyzerEnabled>
  <bundleAuditPath>${bundleAuditPath}</bundleAuditPath>
  <bundleAuditWorkingDirectory>${bundleAuditWorkingDirectory}</bundleAuditWorkingDirectory>
  <centralAnalyzerEnabled>${centralAnalyzerEnabled}</centralAnalyzerEnabled>
  <centralAnalyzerUseCache>${centralAnalyzerUseCache}</centralAnalyzerUseCache>
  <cmakeAnalyzerEnabled>${cmakeAnalyzerEnabled}</cmakeAnalyzerEnabled>
  <cocoapodsAnalyzerEnabled>${cocoapodsAnalyzerEnabled}</cocoapodsAnalyzerEnabled>
  <composerAnalyzerEnabled>${composerAnalyzerEnabled}</composerAnalyzerEnabled>
  <connectionString>${connectionString}</connectionString>
  <connectionTimeout>${connectionTimeout}</connectionTimeout>
  <cpanfileAnalyzerEnabled>${cpanfileAnalyzerEnabled}</cpanfileAnalyzerEnabled>
  <cvePassword>${cvePassword}</cvePassword>
  <cveServerId>${cveServerId}</cveServerId>
  <cveStartYear>${cveStartYear}</cveStartYear>
  <cveUrlBase>${cveUrlBase}</cveUrlBase>
  <cveUrlModified>${cveUrlModified}</cveUrlModified>
  <cveUser>${cveUser}</cveUser>
  <cveValidForHours>${cveValidForHours}</cveValidForHours>
  <cveWaitTime>${cveWaitTime}</cveWaitTime>
  <dataDirectory>${dataDirectory}</dataDirectory>
  <databaseDriverName>${databaseDriverName}</databaseDriverName>
  <databaseDriverPath>${databaseDriverPath}</databaseDriverPath>
  <databasePassword>${databasePassword}</databasePassword>
  <databaseUser>${databaseUser}</databaseUser>
  <dbFilename>${dbFilename}</dbFilename>
  <enableExperimental>${enableExperimental}</enableExperimental>
  <enableRetired>${enableRetired}</enableRetired>
  <excludes>${odc.excludes}</excludes>
  <failBuildOnAnyVulnerability default-value="false">true</failBuildOnAnyVulnerability>
  <failBuildOnCVSS default-value="11">${failBuildOnCVSS}</failBuildOnCVSS>
  <failOnError default-value="true">${failOnError}</failOnError>
  <format default-value="HTML">${format}</format>
  <formats>${formats}</formats>
  <golangDepEnabled>${golangDepEnabled}</golangDepEnabled>
  <golangModEnabled>${golangModEnabled}</golangModEnabled>
  <hintsFile>${hintsFile}</hintsFile>
  <jarAnalyzerEnabled>${jarAnalyzerEnabled}</jarAnalyzerEnabled>
  <junitFailOnCVSS default-value="0">${junitFailOnCVSS}</junitFailOnCVSS>
  <mavenSettings default-value="${settings}">${mavenSettings}</mavenSettings>
  <mavenSettingsProxyId>${mavenSettingsProxyId}</mavenSettingsProxyId>
  <mixAuditAnalyzerEnabled>${mixAuditAnalyzerEnabled}</mixAuditAnalyzerEnabled>
  <mixAuditPath>${mixAuditPath}</mixAuditPath>
  <msbuildAnalyzerEnabled>${msbuildAnalyzerEnabled}</msbuildAnalyzerEnabled>
  <name default-value="dependency-check">${name}</name>
  <nexusAnalyzerEnabled>${nexusAnalyzerEnabled}</nexusAnalyzerEnabled>
  <nexusServerId>${nexusServerId}</nexusServerId>
  <nexusUrl>${nexusUrl}</nexusUrl>
  <nexusUsesProxy>${nexusUsesProxy}</nexusUsesProxy>
  <nodeAnalyzerEnabled>${nodeAnalyzerEnabled}</nodeAnalyzerEnabled>
  <nodeAuditAnalyzerEnabled>${nodeAuditAnalyzerEnabled}</nodeAuditAnalyzerEnabled>
  <nodeAuditAnalyzerUseCache>${nodeAuditAnalyzerUseCache}</nodeAuditAnalyzerUseCache>
  <nodeAuditSkipDevDependencies>${nodeAuditSkipDevDependencies}</nodeAuditSkipDevDependencies>
  <nodePackageSkipDevDependencies>${nodePackageSkipDevDependencies}</nodePackageSkipDevDependencies>
  <nugetconfAnalyzerEnabled>${nugetconfAnalyzerEnabled}</nugetconfAnalyzerEnabled>
  <nuspecAnalyzerEnabled>${nuspecAnalyzerEnabled}</nuspecAnalyzerEnabled>
  <opensslAnalyzerEnabled>${opensslAnalyzerEnabled}</opensslAnalyzerEnabled>
  <ossIndexServerId>${ossIndexServerId}</ossIndexServerId>
  <ossIndexWarnOnlyOnRemoteErrors>${ossIndexWarnOnlyOnRemoteErrors}</ossIndexWarnOnlyOnRemoteErrors>
  <ossindexAnalyzerEnabled>${ossindexAnalyzerEnabled}</ossindexAnalyzerEnabled>
  <ossindexAnalyzerUrl>${ossindexAnalyzerUrl}</ossindexAnalyzerUrl>
  <ossindexAnalyzerUseCache>${ossindexAnalyzerUseCache}</ossindexAnalyzerUseCache>
  <outputDirectory default-value="${project.build.directory}">${odc.outputDirectory}</outputDirectory>
  <pathToCore>${pathToCore}</pathToCore>
  <pathToGo>${pathToGo}</pathToGo>
  <pathToPnpm>${pathToPnpm}</pathToPnpm>
  <pathToYarn>${pathToYarn}</pathToYarn>
  <pipAnalyzerEnabled>${pipAnalyzerEnabled}</pipAnalyzerEnabled>
  <pipfileAnalyzerEnabled>${pipfileAnalyzerEnabled}</pipfileAnalyzerEnabled>
  <pnpmAuditAnalyzerEnabled>${pnpmAuditAnalyzerEnabled}</pnpmAuditAnalyzerEnabled>
  <prettyPrint>${prettyPrint}</prettyPrint>
  <project>${project}</project>
  <pyDistributionAnalyzerEnabled>${pyDistributionAnalyzerEnabled}</pyDistributionAnalyzerEnabled>
  <pyPackageAnalyzerEnabled>${pyPackageAnalyzerEnabled}</pyPackageAnalyzerEnabled>
  <reactorProjects>${reactorProjects}</reactorProjects>
  <readTimeout>${readTimeout}</readTimeout>
  <reportOutputDirectory>${project.reporting.outputDirectory}</reportOutputDirectory>
  <retireJsAnalyzerEnabled>${retireJsAnalyzerEnabled}</retireJsAnalyzerEnabled>
  <retireJsForceUpdate>${retireJsForceUpdate}</retireJsForceUpdate>
  <retireJsUrl>${retireJsUrl}</retireJsUrl>
  <retirejs>${retirejs}</retirejs>
  <rubygemsAnalyzerEnabled>${rubygemsAnalyzerEnabled}</rubygemsAnalyzerEnabled>
  <scanDirectory>${scanDirectory}</scanDirectory>
  <serverId>${serverId}</serverId>
  <session default-value="${session}"/>
  <settingsXml default-value="${settings}"/>
  <showSummary default-value="true">${showSummary}</showSummary>
  <skip default-value="false">${dependency-check.skip}</skip>
  <skipArtifactType>${skipArtifactType}</skipArtifactType>
  <skipDependencyManagement default-value="true">${skipDependencyManagement}</skipDependencyManagement>
  <skipProvidedScope default-value="false">${skipProvidedScope}</skipProvidedScope>
  <skipRuntimeScope default-value="false">${skipRuntimeScope}</skipRuntimeScope>
  <skipSystemScope default-value="false">${skipSystemScope}</skipSystemScope>
  <skipTestScope default-value="true">${skipTestScope}</skipTestScope>
  <suppressionFile>${suppressionFile}</suppressionFile>
  <suppressionFilePassword>${suppressionFilePassword}</suppressionFilePassword>
  <suppressionFileServerId>${suppressionFileServerId}</suppressionFileServerId>
  <suppressionFileUser>${suppressionFileUser}</suppressionFileUser>
  <suppressionFiles combine.children="append">
    <suppressionFile>/Users/msl/Projects/dependency-check-issue/module-1/src/build/suppressions.xml</suppressionFile>${suppressionFiles}</suppressionFiles>
  <swiftPackageManagerAnalyzerEnabled>${swiftPackageManagerAnalyzerEnabled}</swiftPackageManagerAnalyzerEnabled>
  <swiftPackageResolvedAnalyzerEnabled>${swiftPackageResolvedAnalyzerEnabled}</swiftPackageResolvedAnalyzerEnabled>
  <versionCheckEnabled default-value="true">${versionCheckEnabled}</versionCheckEnabled>
  <virtualSnapshotsFromReactor default-value="true">${dependency-check.virtualSnapshotsFromReactor}</virtualSnapshotsFromReactor>
  <yarnAuditAnalyzerEnabled>${yarnAuditAnalyzerEnabled}</yarnAuditAnalyzerEnabled>
  <zipExtensions>${zipExtensions}</zipExtensions>
</configuration>
[DEBUG] -----------------------------------------------------------------------
[DEBUG] Goal:          org.apache.maven.plugins:maven-install-plugin:2.4:install (default-install)
[DEBUG] Style:         Regular
[DEBUG] Configuration: <?xml version="1.0" encoding="UTF-8"?>
<configuration>
  <artifact default-value="${project.artifact}"/>
  <attachedArtifacts default-value="${project.attachedArtifacts}"/>
  <createChecksum default-value="false">${createChecksum}</createChecksum>
  <localRepository>${localRepository}</localRepository>
  <packaging default-value="${project.packaging}"/>
  <pomFile default-value="${project.file}"/>
  <skip default-value="false">${maven.install.skip}</skip>
  <updateReleaseInfo default-value="false">${updateReleaseInfo}</updateReleaseInfo>
</configuration>
[DEBUG] =======================================================================
[DEBUG] Dependency collection stats {ConflictMarker.analyzeTime=15167, ConflictMarker.markTime=16208, ConflictMarker.nodeCount=3, ConflictIdSorter.graphTime=4334, ConflictIdSorter.topsortTime=4916, ConflictIdSorter.conflictIdCount=2, ConflictIdSorter.conflictIdCycleCount=0, ConflictResolver.totalTime=106000, ConflictResolver.conflictItemCount=2, DefaultDependencyCollector.collectTime=5394208, DefaultDependencyCollector.transformTime=161417}
[DEBUG] org.example.dependency.check:module-1:jar:1.0-SNAPSHOT
[DEBUG]    org.apache.logging.log4j:log4j-core:jar:2.15.0:compile
[DEBUG]       org.apache.logging.log4j:log4j-api:jar:2.15.0:compile
[INFO] 
[INFO] --- maven-clean-plugin:2.5:clean (default-clean) @ module-1 ---
[DEBUG] Configuring mojo org.apache.maven.plugins:maven-clean-plugin:2.5:clean from plugin realm ClassRealm[plugin>org.apache.maven.plugins:maven-clean-plugin:2.5, parent: jdk.internal.loader.ClassLoaders$AppClassLoader@1de0aca6]
[DEBUG] Configuring mojo 'org.apache.maven.plugins:maven-clean-plugin:2.5:clean' with basic configurator -->
[DEBUG]   (f) directory = /Users/msl/Projects/dependency-check-issue/module-1/target
[DEBUG]   (f) excludeDefaultDirectories = false
[DEBUG]   (f) failOnError = true
[DEBUG]   (f) followSymLinks = false
[DEBUG]   (f) outputDirectory = /Users/msl/Projects/dependency-check-issue/module-1/target/classes
[DEBUG]   (f) reportDirectory = /Users/msl/Projects/dependency-check-issue/module-1/target/site
[DEBUG]   (f) retryOnError = true
[DEBUG]   (f) skip = false
[DEBUG]   (f) testOutputDirectory = /Users/msl/Projects/dependency-check-issue/module-1/target/test-classes
[DEBUG] -- end configuration --
[INFO] Deleting /Users/msl/Projects/dependency-check-issue/module-1/target
[INFO] Deleting file /Users/msl/Projects/dependency-check-issue/module-1/target/maven-archiver/pom.properties
[INFO] Deleting directory /Users/msl/Projects/dependency-check-issue/module-1/target/maven-archiver
[INFO] Deleting file /Users/msl/Projects/dependency-check-issue/module-1/target/module-1-1.0-SNAPSHOT.jar
[INFO] Deleting file /Users/msl/Projects/dependency-check-issue/module-1/target/dependency-check-report.html
[INFO] Deleting directory /Users/msl/Projects/dependency-check-issue/module-1/target
[DEBUG] Skipping non-existing directory /Users/msl/Projects/dependency-check-issue/module-1/target/classes
[DEBUG] Skipping non-existing directory /Users/msl/Projects/dependency-check-issue/module-1/target/test-classes
[DEBUG] Skipping non-existing directory /Users/msl/Projects/dependency-check-issue/module-1/target/site
[INFO] 
[INFO] --- maven-resources-plugin:2.6:resources (default-resources) @ module-1 ---
[DEBUG] Dependency collection stats {ConflictMarker.analyzeTime=96792, ConflictMarker.markTime=35542, ConflictMarker.nodeCount=77, ConflictIdSorter.graphTime=61625, ConflictIdSorter.topsortTime=15667, ConflictIdSorter.conflictIdCount=26, ConflictIdSorter.conflictIdCycleCount=0, ConflictResolver.totalTime=516250, ConflictResolver.conflictItemCount=74, DefaultDependencyCollector.collectTime=27211459, DefaultDependencyCollector.transformTime=742708}
[DEBUG] org.apache.maven.plugins:maven-resources-plugin:jar:2.6
[DEBUG]    org.apache.maven:maven-plugin-api:jar:2.0.6:compile
[DEBUG]    org.apache.maven:maven-project:jar:2.0.6:compile
[DEBUG]       org.apache.maven:maven-profile:jar:2.0.6:compile
[DEBUG]       org.apache.maven:maven-artifact-manager:jar:2.0.6:compile
[DEBUG]       org.apache.maven:maven-plugin-registry:jar:2.0.6:compile
[DEBUG]    org.apache.maven:maven-core:jar:2.0.6:compile
[DEBUG]       org.apache.maven:maven-plugin-parameter-documenter:jar:2.0.6:compile
[DEBUG]       org.apache.maven.reporting:maven-reporting-api:jar:2.0.6:compile
[DEBUG]          org.apache.maven.doxia:doxia-sink-api:jar:1.0-alpha-7:compile
[DEBUG]       org.apache.maven:maven-repository-metadata:jar:2.0.6:compile
[DEBUG]       org.apache.maven:maven-error-diagnostics:jar:2.0.6:compile
[DEBUG]       commons-cli:commons-cli:jar:1.0:compile
[DEBUG]       org.apache.maven:maven-plugin-descriptor:jar:2.0.6:compile
[DEBUG]       org.codehaus.plexus:plexus-interactivity-api:jar:1.0-alpha-4:compile
[DEBUG]       classworlds:classworlds:jar:1.1:compile
[DEBUG]    org.apache.maven:maven-artifact:jar:2.0.6:compile
[DEBUG]    org.apache.maven:maven-settings:jar:2.0.6:compile
[DEBUG]    org.apache.maven:maven-model:jar:2.0.6:compile
[DEBUG]    org.apache.maven:maven-monitor:jar:2.0.6:compile
[DEBUG]    org.codehaus.plexus:plexus-container-default:jar:1.0-alpha-9-stable-1:compile
[DEBUG]       junit:junit:jar:3.8.1:compile
[DEBUG]    org.codehaus.plexus:plexus-utils:jar:2.0.5:compile
[DEBUG]    org.apache.maven.shared:maven-filtering:jar:1.1:compile
[DEBUG]       org.sonatype.plexus:plexus-build-api:jar:0.0.4:compile
[DEBUG]    org.codehaus.plexus:plexus-interpolation:jar:1.13:compile
[DEBUG] Created new class realm plugin>org.apache.maven.plugins:maven-resources-plugin:2.6
[DEBUG] Importing foreign packages into class realm plugin>org.apache.maven.plugins:maven-resources-plugin:2.6
[DEBUG]   Imported:  < maven.api
[DEBUG] Populating class realm plugin>org.apache.maven.plugins:maven-resources-plugin:2.6
[DEBUG]   Included: org.apache.maven.plugins:maven-resources-plugin:jar:2.6
[DEBUG]   Included: org.apache.maven.reporting:maven-reporting-api:jar:2.0.6
[DEBUG]   Included: org.apache.maven.doxia:doxia-sink-api:jar:1.0-alpha-7
[DEBUG]   Included: commons-cli:commons-cli:jar:1.0
[DEBUG]   Included: org.codehaus.plexus:plexus-interactivity-api:jar:1.0-alpha-4
[DEBUG]   Included: junit:junit:jar:3.8.1
[DEBUG]   Included: org.codehaus.plexus:plexus-utils:jar:2.0.5
[DEBUG]   Included: org.apache.maven.shared:maven-filtering:jar:1.1
[DEBUG]   Included: org.sonatype.plexus:plexus-build-api:jar:0.0.4
[DEBUG]   Included: org.codehaus.plexus:plexus-interpolation:jar:1.13
[DEBUG] Configuring mojo org.apache.maven.plugins:maven-resources-plugin:2.6:resources from plugin realm ClassRealm[plugin>org.apache.maven.plugins:maven-resources-plugin:2.6, parent: jdk.internal.loader.ClassLoaders$AppClassLoader@1de0aca6]
[DEBUG] Configuring mojo 'org.apache.maven.plugins:maven-resources-plugin:2.6:resources' with basic configurator -->
[DEBUG]   (f) buildFilters = []
[DEBUG]   (f) encoding = UTF-8
[DEBUG]   (f) escapeWindowsPaths = true
[DEBUG]   (s) includeEmptyDirs = false
[DEBUG]   (s) outputDirectory = /Users/msl/Projects/dependency-check-issue/module-1/target/classes
[DEBUG]   (s) overwrite = false
[DEBUG]   (f) project = MavenProject: org.example.dependency.check:module-1:1.0-SNAPSHOT @ /Users/msl/Projects/dependency-check-issue/module-1/pom.xml
[DEBUG]   (s) resources = [Resource {targetPath: null, filtering: false, FileSet {directory: /Users/msl/Projects/dependency-check-issue/module-1/src/main/resources, PatternSet [includes: {}, excludes: {}]}}]
[DEBUG]   (f) session = org.apache.maven.execution.MavenSession@2330e3e0
[DEBUG]   (f) supportMultiLineFiltering = false
[DEBUG]   (f) useBuildFilters = true
[DEBUG]   (s) useDefaultDelimiters = true
[DEBUG] -- end configuration --
[DEBUG] properties used {env.TERM=xterm-256color, java.specification.version=18, sun.arch.data.model=64, java.vendor.url=http://www.azul.com/, sun.boot.library.path=/Users/msl/.sdkman/candidates/java/18.0.2-zulu/zulu-18.jdk/Contents/Home/lib, sun.java.command=org.codehaus.plexus.classworlds.launcher.Launcher -X -e clean install --log-file reactor-build.log, jdk.debug=release, maven.version=3.8.6, java.specification.vendor=Oracle Corporation, java.version.date=2022-07-19, java.home=/Users/msl/.sdkman/candidates/java/18.0.2-zulu/zulu-18.jdk/Contents/Home, java.vm.specification.vendor=Oracle Corporation, java.specification.name=Java Platform API Specification, env.HOMEBREW_REPOSITORY=/opt/homebrew, env.NVM_BIN=/Users/msl/.nvm/versions/node/v14.19.0/bin, env.MANPATH=/Users/msl/.nvm/versions/node/v14.19.0/share/man:/opt/homebrew/share/man::, sun.management.compiler=HotSpot 64-Bit Tiered Compilers, java.runtime.version=18.0.2+9, env.LSCOLORS=Gxfxcxdxbxegedabagacad, env.PATH=/Users/msl/.amplify/bin:/Users/msl/.sdkman/candidates/micronaut/current/bin:/Users/msl/.sdkman/candidates/maven/current/bin:/Users/msl/.sdkman/candidates/java/current/bin:/Users/msl/.nvm/versions/node/v14.19.0/bin:/opt/homebrew/bin:/opt/homebrew/sbin:/usr/local/bin:/usr/bin:/bin:/usr/sbin:/sbin:/usr/local/share/dotnet:~/.dotnet/tools:/Library/Frameworks/Mono.framework/Versions/Current/Commands:/Users/msl/Library/Application Support/JetBrains/Toolbox/scripts:/Users/msl/.antigen/bundles/robbyrussell/oh-my-zsh/lib:/Users/msl/.antigen/bundles/robbyrussell/oh-my-zsh/plugins/brew:/Users/msl/.antigen/bundles/robbyrussell/oh-my-zsh/plugins/common-aliases:/Users/msl/.antigen/bundles/robbyrussell/oh-my-zsh/plugins/command-not-found:/Users/msl/.antigen/bundles/robbyrussell/oh-my-zsh/plugins/docker:/Users/msl/.antigen/bundles/robbyrussell/oh-my-zsh/plugins/docker-compose:/Users/msl/.antigen/bundles/robbyrussell/oh-my-zsh/plugins/git:/Users/msl/.antigen/bundles/robbyrussell/oh-my-zsh/plugins/git-flow-avh:/Users/msl/.antigen/bundles/robbyrussell/oh-my-zsh/plugins/helm:/Users/msl/.antigen/bundles/robbyrussell/oh-my-zsh/plugins/httpie:/Users/msl/.antigen/bundles/robbyrussell/oh-my-zsh/plugins/kubectl:/Users/msl/.antigen/bundles/robbyrussell/oh-my-zsh/plugins/minikube:/Users/msl/.antigen/bundles/robbyrussell/oh-my-zsh/plugins/mvn:/Users/msl/.antigen/bundles/robbyrussell/oh-my-zsh/plugins/nvm:/Users/msl/.antigen/bundles/robbyrussell/oh-my-zsh/plugins/rake:/Users/msl/.antigen/bundles/robbyrussell/oh-my-zsh/plugins/sdk:/Users/msl/.antigen/bundles/robbyrussell/oh-my-zsh/plugins/terraform:/Users/msl/.antigen/bundles/robbyrussell/oh-my-zsh/plugins/tmux:/Users/msl/.antigen/bundles/robbyrussell/oh-my-zsh/plugins/vscode:/Users/msl/.antigen/bundles/robbyrussell/oh-my-zsh/plugins/yarn:/Users/msl/.antigen/bundles/zsh-users/zsh-completions:/Users/msl/.antigen/bundles/zsh-users/zsh-autosuggestions:/Users/msl/.antigen/bundles/zsh-users/zsh-syntax-highlighting:/Users/msl/.antigen/bundles/denysdovhan/spaceship-prompt:/Users/msl/.yarn/bin:/Users/msl/.rvm/bin, env.__CFBundleIdentifier=com.apple.Terminal, file.encoding=UTF-8, java.vendor.version=Zulu18.32+11-CA, env.SHLVL=1, java.io.tmpdir=/var/folders/18/5dfl6p1x6y5379vx26z65tvh0000gp/T/, java.version=18.0.2, java.vm.specification.name=Java Virtual Machine Specification, native.encoding=UTF-8, env.SDKMAN_PLATFORM=darwinarm64, java.library.path=/Users/msl/Library/Java/Extensions:/Library/Java/Extensions:/Network/Library/Java/Extensions:/System/Library/Java/Extensions:/usr/lib/java:., java.vendor=Azul Systems, Inc., classworlds.conf=/Users/msl/.sdkman/candidates/maven/current/bin/m2.conf, sun.io.unicode.encoding=UnicodeBig, env.LANG=en_AU.UTF-8, env.ZSH_TMUX_TERM=screen-256color, java.vm.specification.version=18, os.name=Mac OS X, env.LaunchInstanceID=095F5499-DFAD-4D46-8ED9-503ED27A54DD, http.nonProxyHosts=local|*.local|169.254/16|*.169.254/16, maven.compiler.source=17, user.home=/Users/msl, env.HOMEBREW_CELLAR=/opt/homebrew/Cellar, env.HOMEBREW_PREFIX=/opt/homebrew, env._ZSH_TMUX_FIXED_CONFIG=/Users/msl/.antigen/bundles/robbyrussell/oh-my-zsh/plugins/tmux/tmux.only.conf, path.separator=:, os.version=12.5.1, java.vm.name=OpenJDK 64-Bit Server VM, env.SHELL=/opt/homebrew/bin/zsh, os.arch=aarch64, maven.multiModuleProjectDirectory=/Users/msl/Projects/dependency-check-issue, env.MAVEN_PROJECTBASEDIR=/Users/msl/Projects/dependency-check-issue, java.vm.info=mixed mode, sharing, env.USER=msl, java.class.version=62.0, sun.jnu.encoding=UTF-8, env.SDKMAN_CANDIDATES_API=https://api.sdkman.io/2, env.NVM_INC=/Users/msl/.nvm/versions/node/v14.19.0/include/node, maven.build.version=Apache Maven 3.8.6 (84538c9988a25aec085021c365c560670ad80f63), maven.home=/Users/msl/.sdkman/candidates/maven/current, sun.stderr.encoding=UTF-8, env.JAVA_HOME=/Users/msl/.sdkman/candidates/java/current, file.separator=/, env.LESS=-R, java.vm.compressedOopsMode=Zero based, line.separator=
, sun.stdout.encoding=UTF-8, env.SPACESHIP_VERSION=3.16.2, env.TERM_PROGRAM_VERSION=445, user.name=msl, env.LOGNAME=msl, env.XPC_FLAGS=0x0, env.__CF_USER_TEXT_ENCODING=0x1F6:0:15, env.TERM_SESSION_ID=3F4266B4-4DDE-4173-B52E-87FE272DB771, env.SSH_AUTH_SOCK=/private/tmp/com.apple.launchd.hY9rtUSV0N/Listeners, env.SDKMAN_DIR=/Users/msl/.sdkman, maven.compiler.target=17, env.TMPDIR=/var/folders/18/5dfl6p1x6y5379vx26z65tvh0000gp/T/, env.INFOPATH=/opt/homebrew/share/info:, library.jansi.path=/Users/msl/.sdkman/candidates/maven/current/lib/jansi-native, env.SDKMAN_CANDIDATES_DIR=/Users/msl/.sdkman/candidates, env.TERM_PROGRAM=Apple_Terminal, socksNonProxyHosts=local|*.local|169.254/16|*.169.254/16, env.OLDPWD=/Users/msl/Projects/dependency-check-issue, env.PWD=/Users/msl/Projects/dependency-check-issue, env.PAGER=less, java.class.path=/Users/msl/.sdkman/candidates/maven/current/boot/plexus-classworlds-2.6.0.jar, env.HOME=/Users/msl, env.SECURITYSESSIONID=186ac, java.vm.vendor=Azul Systems, Inc., maven.conf=/Users/msl/.sdkman/candidates/maven/current/conf, sun.java.launcher=SUN_STANDARD, user.country=AU, sun.cpu.endian=little, user.language=en, env.NVM_DIR=/Users/msl/.nvm, env.MICRONAUT_HOME=/Users/msl/.sdkman/candidates/micronaut/current, env.MAVEN_HOME=/Users/msl/.sdkman/candidates/maven/current, apple.awt.application.name=Launcher, env.XPC_SERVICE_NAME=0, ftp.nonProxyHosts=local|*.local|169.254/16|*.169.254/16, java.runtime.name=OpenJDK Runtime Environment, project.build.sourceEncoding=UTF-8, env.NVM_CD_FLAGS=-q, env.MAVEN_CMD_LINE_ARGS= -X -e clean install --log-file reactor-build.log, env.SPACESHIP_ROOT=/Users/msl/.antigen/bundles/denysdovhan/spaceship-prompt, java.vendor.url.bug=http://www.azul.com/support/, user.dir=/Users/msl/Projects/dependency-check-issue, env.SDKMAN_VERSION=5.16.0, java.vm.version=18.0.2+9}
[INFO] Using 'UTF-8' encoding to copy filtered resources.
[DEBUG] resource with targetPath null
directory /Users/msl/Projects/dependency-check-issue/module-1/src/main/resources
excludes []
includes []
[INFO] skip non existing resourceDirectory /Users/msl/Projects/dependency-check-issue/module-1/src/main/resources
[DEBUG] no use filter components
[INFO] 
[INFO] --- maven-compiler-plugin:3.1:compile (default-compile) @ module-1 ---
[DEBUG] Using mirror maven-default-http-blocker (http://0.0.0.0/) for apache-snapshots (http://people.apache.org/repo/m2-snapshot-repository).
[DEBUG] Dependency collection stats {ConflictMarker.analyzeTime=176834, ConflictMarker.markTime=138416, ConflictMarker.nodeCount=160, ConflictIdSorter.graphTime=183625, ConflictIdSorter.topsortTime=26250, ConflictIdSorter.conflictIdCount=43, ConflictIdSorter.conflictIdCycleCount=0, ConflictResolver.totalTime=656042, ConflictResolver.conflictItemCount=63, DefaultDependencyCollector.collectTime=64226625, DefaultDependencyCollector.transformTime=1199667}
[DEBUG] org.apache.maven.plugins:maven-compiler-plugin:jar:3.1
[DEBUG]    org.apache.maven:maven-plugin-api:jar:2.0.9:compile
[DEBUG]    org.apache.maven:maven-artifact:jar:2.0.9:compile
[DEBUG]       org.codehaus.plexus:plexus-utils:jar:1.5.1:compile
[DEBUG]    org.apache.maven:maven-core:jar:2.0.9:compile
[DEBUG]       org.apache.maven:maven-settings:jar:2.0.9:compile
[DEBUG]       org.apache.maven:maven-plugin-parameter-documenter:jar:2.0.9:compile
[DEBUG]       org.apache.maven:maven-profile:jar:2.0.9:compile
[DEBUG]       org.apache.maven:maven-model:jar:2.0.9:compile
[DEBUG]       org.apache.maven:maven-repository-metadata:jar:2.0.9:compile
[DEBUG]       org.apache.maven:maven-error-diagnostics:jar:2.0.9:compile
[DEBUG]       org.apache.maven:maven-project:jar:2.0.9:compile
[DEBUG]          org.apache.maven:maven-plugin-registry:jar:2.0.9:compile
[DEBUG]       org.apache.maven:maven-plugin-descriptor:jar:2.0.9:compile
[DEBUG]       org.apache.maven:maven-artifact-manager:jar:2.0.9:compile
[DEBUG]       org.apache.maven:maven-monitor:jar:2.0.9:compile
[DEBUG]    org.apache.maven:maven-toolchain:jar:1.0:compile
[DEBUG]    org.apache.maven.shared:maven-shared-utils:jar:0.1:compile
[DEBUG]       com.google.code.findbugs:jsr305:jar:2.0.1:compile
[DEBUG]    org.apache.maven.shared:maven-shared-incremental:jar:1.1:compile
[DEBUG]       org.codehaus.plexus:plexus-component-annotations:jar:1.5.5:compile (version managed from default)
[DEBUG]    org.codehaus.plexus:plexus-compiler-api:jar:2.2:compile
[DEBUG]    org.codehaus.plexus:plexus-compiler-manager:jar:2.2:compile
[DEBUG]    org.codehaus.plexus:plexus-compiler-javac:jar:2.2:runtime
[DEBUG]    org.codehaus.plexus:plexus-container-default:jar:1.5.5:compile
[DEBUG]       org.codehaus.plexus:plexus-classworlds:jar:2.2.2:compile
[DEBUG]       org.apache.xbean:xbean-reflect:jar:3.4:compile
[DEBUG]          log4j:log4j:jar:1.2.12:compile
[DEBUG]          commons-logging:commons-logging-api:jar:1.1:compile
[DEBUG]       com.google.collections:google-collections:jar:1.0:compile
[DEBUG]       junit:junit:jar:3.8.2:compile
[DEBUG] Created new class realm plugin>org.apache.maven.plugins:maven-compiler-plugin:3.1
[DEBUG] Importing foreign packages into class realm plugin>org.apache.maven.plugins:maven-compiler-plugin:3.1
[DEBUG]   Imported:  < maven.api
[DEBUG] Populating class realm plugin>org.apache.maven.plugins:maven-compiler-plugin:3.1
[DEBUG]   Included: org.apache.maven.plugins:maven-compiler-plugin:jar:3.1
[DEBUG]   Included: org.codehaus.plexus:plexus-utils:jar:1.5.1
[DEBUG]   Included: org.apache.maven.shared:maven-shared-utils:jar:0.1
[DEBUG]   Included: com.google.code.findbugs:jsr305:jar:2.0.1
[DEBUG]   Included: org.apache.maven.shared:maven-shared-incremental:jar:1.1
[DEBUG]   Included: org.codehaus.plexus:plexus-component-annotations:jar:1.5.5
[DEBUG]   Included: org.codehaus.plexus:plexus-compiler-api:jar:2.2
[DEBUG]   Included: org.codehaus.plexus:plexus-compiler-manager:jar:2.2
[DEBUG]   Included: org.codehaus.plexus:plexus-compiler-javac:jar:2.2
[DEBUG]   Included: org.apache.xbean:xbean-reflect:jar:3.4
[DEBUG]   Included: log4j:log4j:jar:1.2.12
[DEBUG]   Included: commons-logging:commons-logging-api:jar:1.1
[DEBUG]   Included: com.google.collections:google-collections:jar:1.0
[DEBUG]   Included: junit:junit:jar:3.8.2
[DEBUG] Configuring mojo org.apache.maven.plugins:maven-compiler-plugin:3.1:compile from plugin realm ClassRealm[plugin>org.apache.maven.plugins:maven-compiler-plugin:3.1, parent: jdk.internal.loader.ClassLoaders$AppClassLoader@1de0aca6]
[DEBUG] Configuring mojo 'org.apache.maven.plugins:maven-compiler-plugin:3.1:compile' with basic configurator -->
[DEBUG]   (f) basedir = /Users/msl/Projects/dependency-check-issue/module-1
[DEBUG]   (f) buildDirectory = /Users/msl/Projects/dependency-check-issue/module-1/target
[DEBUG]   (f) classpathElements = [/Users/msl/Projects/dependency-check-issue/module-1/target/classes, /Users/msl/.m2/repository/org/apache/logging/log4j/log4j-core/2.15.0/log4j-core-2.15.0.jar, /Users/msl/.m2/repository/org/apache/logging/log4j/log4j-api/2.15.0/log4j-api-2.15.0.jar]
[DEBUG]   (f) compileSourceRoots = [/Users/msl/Projects/dependency-check-issue/module-1/src/main/java]
[DEBUG]   (f) compilerId = javac
[DEBUG]   (f) debug = true
[DEBUG]   (f) encoding = UTF-8
[DEBUG]   (f) failOnError = true
[DEBUG]   (f) forceJavacCompilerUse = false
[DEBUG]   (f) fork = false
[DEBUG]   (f) generatedSourcesDirectory = /Users/msl/Projects/dependency-check-issue/module-1/target/generated-sources/annotations
[DEBUG]   (f) mojoExecution = org.apache.maven.plugins:maven-compiler-plugin:3.1:compile {execution: default-compile}
[DEBUG]   (f) optimize = false
[DEBUG]   (f) outputDirectory = /Users/msl/Projects/dependency-check-issue/module-1/target/classes
[DEBUG]   (f) projectArtifact = org.example.dependency.check:module-1:jar:1.0-SNAPSHOT
[DEBUG]   (f) showDeprecation = false
[DEBUG]   (f) showWarnings = false
[DEBUG]   (f) skipMultiThreadWarning = false
[DEBUG]   (f) source = 17
[DEBUG]   (f) staleMillis = 0
[DEBUG]   (f) target = 17
[DEBUG]   (f) useIncrementalCompilation = true
[DEBUG]   (f) verbose = false
[DEBUG]   (f) mavenSession = org.apache.maven.execution.MavenSession@2330e3e0
[DEBUG]   (f) session = org.apache.maven.execution.MavenSession@2330e3e0
[DEBUG] -- end configuration --
[DEBUG] Using compiler 'javac'.
[INFO] No sources to compile
[INFO] 
[INFO] --- maven-resources-plugin:2.6:testResources (default-testResources) @ module-1 ---
[DEBUG] Configuring mojo org.apache.maven.plugins:maven-resources-plugin:2.6:testResources from plugin realm ClassRealm[plugin>org.apache.maven.plugins:maven-resources-plugin:2.6, parent: jdk.internal.loader.ClassLoaders$AppClassLoader@1de0aca6]
[DEBUG] Configuring mojo 'org.apache.maven.plugins:maven-resources-plugin:2.6:testResources' with basic configurator -->
[DEBUG]   (f) buildFilters = []
[DEBUG]   (f) encoding = UTF-8
[DEBUG]   (f) escapeWindowsPaths = true
[DEBUG]   (s) includeEmptyDirs = false
[DEBUG]   (s) outputDirectory = /Users/msl/Projects/dependency-check-issue/module-1/target/test-classes
[DEBUG]   (s) overwrite = false
[DEBUG]   (f) project = MavenProject: org.example.dependency.check:module-1:1.0-SNAPSHOT @ /Users/msl/Projects/dependency-check-issue/module-1/pom.xml
[DEBUG]   (s) resources = [Resource {targetPath: null, filtering: false, FileSet {directory: /Users/msl/Projects/dependency-check-issue/module-1/src/test/resources, PatternSet [includes: {}, excludes: {}]}}]
[DEBUG]   (f) session = org.apache.maven.execution.MavenSession@2330e3e0
[DEBUG]   (f) supportMultiLineFiltering = false
[DEBUG]   (f) useBuildFilters = true
[DEBUG]   (s) useDefaultDelimiters = true
[DEBUG] -- end configuration --
[DEBUG] properties used {env.TERM=xterm-256color, java.specification.version=18, sun.arch.data.model=64, java.vendor.url=http://www.azul.com/, sun.boot.library.path=/Users/msl/.sdkman/candidates/java/18.0.2-zulu/zulu-18.jdk/Contents/Home/lib, sun.java.command=org.codehaus.plexus.classworlds.launcher.Launcher -X -e clean install --log-file reactor-build.log, jdk.debug=release, maven.version=3.8.6, java.specification.vendor=Oracle Corporation, java.version.date=2022-07-19, java.home=/Users/msl/.sdkman/candidates/java/18.0.2-zulu/zulu-18.jdk/Contents/Home, java.vm.specification.vendor=Oracle Corporation, java.specification.name=Java Platform API Specification, env.HOMEBREW_REPOSITORY=/opt/homebrew, env.NVM_BIN=/Users/msl/.nvm/versions/node/v14.19.0/bin, env.MANPATH=/Users/msl/.nvm/versions/node/v14.19.0/share/man:/opt/homebrew/share/man::, sun.management.compiler=HotSpot 64-Bit Tiered Compilers, java.runtime.version=18.0.2+9, env.LSCOLORS=Gxfxcxdxbxegedabagacad, env.PATH=/Users/msl/.amplify/bin:/Users/msl/.sdkman/candidates/micronaut/current/bin:/Users/msl/.sdkman/candidates/maven/current/bin:/Users/msl/.sdkman/candidates/java/current/bin:/Users/msl/.nvm/versions/node/v14.19.0/bin:/opt/homebrew/bin:/opt/homebrew/sbin:/usr/local/bin:/usr/bin:/bin:/usr/sbin:/sbin:/usr/local/share/dotnet:~/.dotnet/tools:/Library/Frameworks/Mono.framework/Versions/Current/Commands:/Users/msl/Library/Application Support/JetBrains/Toolbox/scripts:/Users/msl/.antigen/bundles/robbyrussell/oh-my-zsh/lib:/Users/msl/.antigen/bundles/robbyrussell/oh-my-zsh/plugins/brew:/Users/msl/.antigen/bundles/robbyrussell/oh-my-zsh/plugins/common-aliases:/Users/msl/.antigen/bundles/robbyrussell/oh-my-zsh/plugins/command-not-found:/Users/msl/.antigen/bundles/robbyrussell/oh-my-zsh/plugins/docker:/Users/msl/.antigen/bundles/robbyrussell/oh-my-zsh/plugins/docker-compose:/Users/msl/.antigen/bundles/robbyrussell/oh-my-zsh/plugins/git:/Users/msl/.antigen/bundles/robbyrussell/oh-my-zsh/plugins/git-flow-avh:/Users/msl/.antigen/bundles/robbyrussell/oh-my-zsh/plugins/helm:/Users/msl/.antigen/bundles/robbyrussell/oh-my-zsh/plugins/httpie:/Users/msl/.antigen/bundles/robbyrussell/oh-my-zsh/plugins/kubectl:/Users/msl/.antigen/bundles/robbyrussell/oh-my-zsh/plugins/minikube:/Users/msl/.antigen/bundles/robbyrussell/oh-my-zsh/plugins/mvn:/Users/msl/.antigen/bundles/robbyrussell/oh-my-zsh/plugins/nvm:/Users/msl/.antigen/bundles/robbyrussell/oh-my-zsh/plugins/rake:/Users/msl/.antigen/bundles/robbyrussell/oh-my-zsh/plugins/sdk:/Users/msl/.antigen/bundles/robbyrussell/oh-my-zsh/plugins/terraform:/Users/msl/.antigen/bundles/robbyrussell/oh-my-zsh/plugins/tmux:/Users/msl/.antigen/bundles/robbyrussell/oh-my-zsh/plugins/vscode:/Users/msl/.antigen/bundles/robbyrussell/oh-my-zsh/plugins/yarn:/Users/msl/.antigen/bundles/zsh-users/zsh-completions:/Users/msl/.antigen/bundles/zsh-users/zsh-autosuggestions:/Users/msl/.antigen/bundles/zsh-users/zsh-syntax-highlighting:/Users/msl/.antigen/bundles/denysdovhan/spaceship-prompt:/Users/msl/.yarn/bin:/Users/msl/.rvm/bin, env.__CFBundleIdentifier=com.apple.Terminal, file.encoding=UTF-8, java.vendor.version=Zulu18.32+11-CA, env.SHLVL=1, java.io.tmpdir=/var/folders/18/5dfl6p1x6y5379vx26z65tvh0000gp/T/, java.version=18.0.2, java.vm.specification.name=Java Virtual Machine Specification, native.encoding=UTF-8, env.SDKMAN_PLATFORM=darwinarm64, java.library.path=/Users/msl/Library/Java/Extensions:/Library/Java/Extensions:/Network/Library/Java/Extensions:/System/Library/Java/Extensions:/usr/lib/java:., java.vendor=Azul Systems, Inc., classworlds.conf=/Users/msl/.sdkman/candidates/maven/current/bin/m2.conf, sun.io.unicode.encoding=UnicodeBig, env.LANG=en_AU.UTF-8, env.ZSH_TMUX_TERM=screen-256color, java.vm.specification.version=18, os.name=Mac OS X, env.LaunchInstanceID=095F5499-DFAD-4D46-8ED9-503ED27A54DD, http.nonProxyHosts=local|*.local|169.254/16|*.169.254/16, maven.compiler.source=17, user.home=/Users/msl, env.HOMEBREW_CELLAR=/opt/homebrew/Cellar, env.HOMEBREW_PREFIX=/opt/homebrew, env._ZSH_TMUX_FIXED_CONFIG=/Users/msl/.antigen/bundles/robbyrussell/oh-my-zsh/plugins/tmux/tmux.only.conf, path.separator=:, os.version=12.5.1, java.vm.name=OpenJDK 64-Bit Server VM, env.SHELL=/opt/homebrew/bin/zsh, os.arch=aarch64, maven.multiModuleProjectDirectory=/Users/msl/Projects/dependency-check-issue, env.MAVEN_PROJECTBASEDIR=/Users/msl/Projects/dependency-check-issue, java.vm.info=mixed mode, sharing, env.USER=msl, java.class.version=62.0, sun.jnu.encoding=UTF-8, env.SDKMAN_CANDIDATES_API=https://api.sdkman.io/2, env.NVM_INC=/Users/msl/.nvm/versions/node/v14.19.0/include/node, maven.build.version=Apache Maven 3.8.6 (84538c9988a25aec085021c365c560670ad80f63), maven.home=/Users/msl/.sdkman/candidates/maven/current, sun.stderr.encoding=UTF-8, env.JAVA_HOME=/Users/msl/.sdkman/candidates/java/current, file.separator=/, env.LESS=-R, java.vm.compressedOopsMode=Zero based, line.separator=
, sun.stdout.encoding=UTF-8, env.SPACESHIP_VERSION=3.16.2, env.TERM_PROGRAM_VERSION=445, user.name=msl, env.LOGNAME=msl, env.XPC_FLAGS=0x0, env.__CF_USER_TEXT_ENCODING=0x1F6:0:15, env.TERM_SESSION_ID=3F4266B4-4DDE-4173-B52E-87FE272DB771, env.SSH_AUTH_SOCK=/private/tmp/com.apple.launchd.hY9rtUSV0N/Listeners, env.SDKMAN_DIR=/Users/msl/.sdkman, maven.compiler.target=17, env.TMPDIR=/var/folders/18/5dfl6p1x6y5379vx26z65tvh0000gp/T/, env.INFOPATH=/opt/homebrew/share/info:, library.jansi.path=/Users/msl/.sdkman/candidates/maven/current/lib/jansi-native, env.SDKMAN_CANDIDATES_DIR=/Users/msl/.sdkman/candidates, env.TERM_PROGRAM=Apple_Terminal, socksNonProxyHosts=local|*.local|169.254/16|*.169.254/16, env.OLDPWD=/Users/msl/Projects/dependency-check-issue, env.PWD=/Users/msl/Projects/dependency-check-issue, env.PAGER=less, java.class.path=/Users/msl/.sdkman/candidates/maven/current/boot/plexus-classworlds-2.6.0.jar, env.HOME=/Users/msl, env.SECURITYSESSIONID=186ac, java.vm.vendor=Azul Systems, Inc., maven.conf=/Users/msl/.sdkman/candidates/maven/current/conf, sun.java.launcher=SUN_STANDARD, user.country=AU, sun.cpu.endian=little, user.language=en, env.NVM_DIR=/Users/msl/.nvm, env.MICRONAUT_HOME=/Users/msl/.sdkman/candidates/micronaut/current, env.MAVEN_HOME=/Users/msl/.sdkman/candidates/maven/current, apple.awt.application.name=Launcher, env.XPC_SERVICE_NAME=0, ftp.nonProxyHosts=local|*.local|169.254/16|*.169.254/16, java.runtime.name=OpenJDK Runtime Environment, project.build.sourceEncoding=UTF-8, env.NVM_CD_FLAGS=-q, env.MAVEN_CMD_LINE_ARGS= -X -e clean install --log-file reactor-build.log, env.SPACESHIP_ROOT=/Users/msl/.antigen/bundles/denysdovhan/spaceship-prompt, java.vendor.url.bug=http://www.azul.com/support/, user.dir=/Users/msl/Projects/dependency-check-issue, env.SDKMAN_VERSION=5.16.0, java.vm.version=18.0.2+9}
[INFO] Using 'UTF-8' encoding to copy filtered resources.
[DEBUG] resource with targetPath null
directory /Users/msl/Projects/dependency-check-issue/module-1/src/test/resources
excludes []
includes []
[INFO] skip non existing resourceDirectory /Users/msl/Projects/dependency-check-issue/module-1/src/test/resources
[DEBUG] no use filter components
[INFO] 
[INFO] --- maven-compiler-plugin:3.1:testCompile (default-testCompile) @ module-1 ---
[DEBUG] Configuring mojo org.apache.maven.plugins:maven-compiler-plugin:3.1:testCompile from plugin realm ClassRealm[plugin>org.apache.maven.plugins:maven-compiler-plugin:3.1, parent: jdk.internal.loader.ClassLoaders$AppClassLoader@1de0aca6]
[DEBUG] Configuring mojo 'org.apache.maven.plugins:maven-compiler-plugin:3.1:testCompile' with basic configurator -->
[DEBUG]   (f) basedir = /Users/msl/Projects/dependency-check-issue/module-1
[DEBUG]   (f) buildDirectory = /Users/msl/Projects/dependency-check-issue/module-1/target
[DEBUG]   (f) classpathElements = [/Users/msl/Projects/dependency-check-issue/module-1/target/test-classes, /Users/msl/Projects/dependency-check-issue/module-1/target/classes, /Users/msl/.m2/repository/org/apache/logging/log4j/log4j-core/2.15.0/log4j-core-2.15.0.jar, /Users/msl/.m2/repository/org/apache/logging/log4j/log4j-api/2.15.0/log4j-api-2.15.0.jar]
[DEBUG]   (f) compileSourceRoots = [/Users/msl/Projects/dependency-check-issue/module-1/src/test/java]
[DEBUG]   (f) compilerId = javac
[DEBUG]   (f) debug = true
[DEBUG]   (f) encoding = UTF-8
[DEBUG]   (f) failOnError = true
[DEBUG]   (f) forceJavacCompilerUse = false
[DEBUG]   (f) fork = false
[DEBUG]   (f) generatedTestSourcesDirectory = /Users/msl/Projects/dependency-check-issue/module-1/target/generated-test-sources/test-annotations
[DEBUG]   (f) mojoExecution = org.apache.maven.plugins:maven-compiler-plugin:3.1:testCompile {execution: default-testCompile}
[DEBUG]   (f) optimize = false
[DEBUG]   (f) outputDirectory = /Users/msl/Projects/dependency-check-issue/module-1/target/test-classes
[DEBUG]   (f) showDeprecation = false
[DEBUG]   (f) showWarnings = false
[DEBUG]   (f) skipMultiThreadWarning = false
[DEBUG]   (f) source = 17
[DEBUG]   (f) staleMillis = 0
[DEBUG]   (f) target = 17
[DEBUG]   (f) useIncrementalCompilation = true
[DEBUG]   (f) verbose = false
[DEBUG]   (f) mavenSession = org.apache.maven.execution.MavenSession@2330e3e0
[DEBUG]   (f) session = org.apache.maven.execution.MavenSession@2330e3e0
[DEBUG] -- end configuration --
[DEBUG] Using compiler 'javac'.
[INFO] No sources to compile
[INFO] 
[INFO] --- maven-surefire-plugin:2.12.4:test (default-test) @ module-1 ---
[DEBUG] Dependency collection stats {ConflictMarker.analyzeTime=73917, ConflictMarker.markTime=47250, ConflictMarker.nodeCount=132, ConflictIdSorter.graphTime=50125, ConflictIdSorter.topsortTime=20584, ConflictIdSorter.conflictIdCount=27, ConflictIdSorter.conflictIdCycleCount=0, ConflictResolver.totalTime=309167, ConflictResolver.conflictItemCount=77, DefaultDependencyCollector.collectTime=17404750, DefaultDependencyCollector.transformTime=518375}
[DEBUG] org.apache.maven.plugins:maven-surefire-plugin:jar:2.12.4
[DEBUG]    org.apache.maven:maven-plugin-api:jar:2.0.9:compile
[DEBUG]    org.apache.maven.surefire:surefire-booter:jar:2.12.4:compile
[DEBUG]       org.apache.maven.surefire:surefire-api:jar:2.12.4:compile (version managed from default)
[DEBUG]    org.apache.maven.surefire:maven-surefire-common:jar:2.12.4:compile
[DEBUG]       org.apache.commons:commons-lang3:jar:3.1:compile (version managed from default)
[DEBUG]       org.apache.maven.shared:maven-common-artifact-filters:jar:1.3:compile
[DEBUG]    org.codehaus.plexus:plexus-utils:jar:3.0.8:compile
[DEBUG]    org.apache.maven:maven-artifact:jar:2.0.9:compile
[DEBUG]    org.apache.maven:maven-project:jar:2.0.9:compile
[DEBUG]       org.apache.maven:maven-settings:jar:2.0.9:compile
[DEBUG]       org.apache.maven:maven-profile:jar:2.0.9:compile
[DEBUG]       org.apache.maven:maven-model:jar:2.0.9:compile (version managed from default)
[DEBUG]       org.apache.maven:maven-artifact-manager:jar:2.0.9:compile
[DEBUG]       org.apache.maven:maven-plugin-registry:jar:2.0.9:compile
[DEBUG]       org.codehaus.plexus:plexus-container-default:jar:1.0-alpha-9-stable-1:compile
[DEBUG]          junit:junit:jar:3.8.1:test (scope managed from default) (version managed from default)
[DEBUG]    org.apache.maven:maven-core:jar:2.0.9:compile (exclusions managed from default)
[DEBUG]       org.apache.maven:maven-plugin-parameter-documenter:jar:2.0.9:compile
[DEBUG]       org.apache.maven.reporting:maven-reporting-api:jar:2.0.9:compile
[DEBUG]       org.apache.maven:maven-repository-metadata:jar:2.0.9:compile
[DEBUG]       org.apache.maven:maven-error-diagnostics:jar:2.0.9:compile
[DEBUG]       org.apache.maven:maven-plugin-descriptor:jar:2.0.9:compile
[DEBUG]       org.apache.maven:maven-monitor:jar:2.0.9:compile
[DEBUG]       classworlds:classworlds:jar:1.1:compile
[DEBUG]    org.apache.maven:maven-toolchain:jar:2.0.9:compile
[DEBUG]    org.apache.maven.plugin-tools:maven-plugin-annotations:jar:3.1:compile
[DEBUG] Created new class realm plugin>org.apache.maven.plugins:maven-surefire-plugin:2.12.4
[DEBUG] Importing foreign packages into class realm plugin>org.apache.maven.plugins:maven-surefire-plugin:2.12.4
[DEBUG]   Imported:  < maven.api
[DEBUG] Populating class realm plugin>org.apache.maven.plugins:maven-surefire-plugin:2.12.4
[DEBUG]   Included: org.apache.maven.plugins:maven-surefire-plugin:jar:2.12.4
[DEBUG]   Included: org.apache.maven.surefire:surefire-booter:jar:2.12.4
[DEBUG]   Included: org.apache.maven.surefire:surefire-api:jar:2.12.4
[DEBUG]   Included: org.apache.maven.surefire:maven-surefire-common:jar:2.12.4
[DEBUG]   Included: org.apache.commons:commons-lang3:jar:3.1
[DEBUG]   Included: org.apache.maven.shared:maven-common-artifact-filters:jar:1.3
[DEBUG]   Included: org.codehaus.plexus:plexus-utils:jar:3.0.8
[DEBUG]   Included: org.apache.maven.reporting:maven-reporting-api:jar:2.0.9
[DEBUG]   Included: org.apache.maven.plugin-tools:maven-plugin-annotations:jar:3.1
[DEBUG] Configuring mojo org.apache.maven.plugins:maven-surefire-plugin:2.12.4:test from plugin realm ClassRealm[plugin>org.apache.maven.plugins:maven-surefire-plugin:2.12.4, parent: jdk.internal.loader.ClassLoaders$AppClassLoader@1de0aca6]
[DEBUG] Configuring mojo 'org.apache.maven.plugins:maven-surefire-plugin:2.12.4:test' with basic configurator -->
[DEBUG]   (s) basedir = /Users/msl/Projects/dependency-check-issue/module-1
[DEBUG]   (s) childDelegation = false
[DEBUG]   (s) classesDirectory = /Users/msl/Projects/dependency-check-issue/module-1/target/classes
[DEBUG]   (s) disableXmlReport = false
[DEBUG]   (s) enableAssertions = true
[DEBUG]   (s) forkMode = once
[DEBUG]   (s) junitArtifactName = junit:junit
[DEBUG]   (s) localRepository =       id: local
      url: file:///Users/msl/.m2/repository/
   layout: default
snapshots: [enabled => true, update => always]
 releases: [enabled => true, update => always]
   blocked: false

[DEBUG]   (f) parallelMavenExecution = false
[DEBUG]   (s) perCoreThreadCount = true
[DEBUG]   (s) pluginArtifactMap = {org.apache.maven.plugins:maven-surefire-plugin=org.apache.maven.plugins:maven-surefire-plugin:maven-plugin:2.12.4:, org.apache.maven:maven-plugin-api=org.apache.maven:maven-plugin-api:jar:2.0.9:compile, org.apache.maven.surefire:surefire-booter=org.apache.maven.surefire:surefire-booter:jar:2.12.4:compile, org.apache.maven.surefire:surefire-api=org.apache.maven.surefire:surefire-api:jar:2.12.4:compile, org.apache.maven.surefire:maven-surefire-common=org.apache.maven.surefire:maven-surefire-common:jar:2.12.4:compile, org.apache.commons:commons-lang3=org.apache.commons:commons-lang3:jar:3.1:compile, org.apache.maven.shared:maven-common-artifact-filters=org.apache.maven.shared:maven-common-artifact-filters:jar:1.3:compile, org.codehaus.plexus:plexus-utils=org.codehaus.plexus:plexus-utils:jar:3.0.8:compile, org.apache.maven:maven-artifact=org.apache.maven:maven-artifact:jar:2.0.9:compile, org.apache.maven:maven-project=org.apache.maven:maven-project:jar:2.0.9:compile, org.apache.maven:maven-settings=org.apache.maven:maven-settings:jar:2.0.9:compile, org.apache.maven:maven-profile=org.apache.maven:maven-profile:jar:2.0.9:compile, org.apache.maven:maven-model=org.apache.maven:maven-model:jar:2.0.9:compile, org.apache.maven:maven-artifact-manager=org.apache.maven:maven-artifact-manager:jar:2.0.9:compile, org.apache.maven:maven-plugin-registry=org.apache.maven:maven-plugin-registry:jar:2.0.9:compile, org.codehaus.plexus:plexus-container-default=org.codehaus.plexus:plexus-container-default:jar:1.0-alpha-9-stable-1:compile, org.apache.maven:maven-core=org.apache.maven:maven-core:jar:2.0.9:compile, org.apache.maven:maven-plugin-parameter-documenter=org.apache.maven:maven-plugin-parameter-documenter:jar:2.0.9:compile, org.apache.maven.reporting:maven-reporting-api=org.apache.maven.reporting:maven-reporting-api:jar:2.0.9:compile, org.apache.maven:maven-repository-metadata=org.apache.maven:maven-repository-metadata:jar:2.0.9:compile, org.apache.maven:maven-error-diagnostics=org.apache.maven:maven-error-diagnostics:jar:2.0.9:compile, org.apache.maven:maven-plugin-descriptor=org.apache.maven:maven-plugin-descriptor:jar:2.0.9:compile, org.apache.maven:maven-monitor=org.apache.maven:maven-monitor:jar:2.0.9:compile, classworlds:classworlds=classworlds:classworlds:jar:1.1:compile, org.apache.maven:maven-toolchain=org.apache.maven:maven-toolchain:jar:2.0.9:compile, org.apache.maven.plugin-tools:maven-plugin-annotations=org.apache.maven.plugin-tools:maven-plugin-annotations:jar:3.1:compile}
[DEBUG]   (f) pluginDescriptor = Component Descriptor: role: 'org.apache.maven.plugin.Mojo', implementation: 'org.apache.maven.plugin.surefire.HelpMojo', role hint: 'org.apache.maven.plugins:maven-surefire-plugin:2.12.4:help'
role: 'org.apache.maven.plugin.Mojo', implementation: 'org.apache.maven.plugin.surefire.SurefirePlugin', role hint: 'org.apache.maven.plugins:maven-surefire-plugin:2.12.4:test'
---
[DEBUG]   (s) printSummary = true
[DEBUG]   (s) projectArtifactMap = {org.apache.logging.log4j:log4j-core=org.apache.logging.log4j:log4j-core:jar:2.15.0:compile, org.apache.logging.log4j:log4j-api=org.apache.logging.log4j:log4j-api:jar:2.15.0:compile}
[DEBUG]   (s) redirectTestOutputToFile = false
[DEBUG]   (s) remoteRepositories = [      id: central
      url: https://repo.maven.apache.org/maven2
   layout: default
snapshots: [enabled => false, update => daily]
 releases: [enabled => true, update => never]
   blocked: false
]
[DEBUG]   (s) reportFormat = brief
[DEBUG]   (s) reportsDirectory = /Users/msl/Projects/dependency-check-issue/module-1/target/surefire-reports
[DEBUG]   (s) runOrder = filesystem
[DEBUG]   (s) skip = false
[DEBUG]   (s) skipTests = false
[DEBUG]   (s) testClassesDirectory = /Users/msl/Projects/dependency-check-issue/module-1/target/test-classes
[DEBUG]   (s) testFailureIgnore = false
[DEBUG]   (s) testNGArtifactName = org.testng:testng
[DEBUG]   (s) testSourceDirectory = /Users/msl/Projects/dependency-check-issue/module-1/src/test/java
[DEBUG]   (s) trimStackTrace = true
[DEBUG]   (s) useFile = true
[DEBUG]   (s) useManifestOnlyJar = true
[DEBUG]   (s) useSystemClassLoader = true
[DEBUG]   (s) useUnlimitedThreads = false
[DEBUG]   (s) workingDirectory = /Users/msl/Projects/dependency-check-issue/module-1
[DEBUG]   (s) project = MavenProject: org.example.dependency.check:module-1:1.0-SNAPSHOT @ /Users/msl/Projects/dependency-check-issue/module-1/pom.xml
[DEBUG]   (s) session = org.apache.maven.execution.MavenSession@2330e3e0
[DEBUG] -- end configuration --
[INFO] No tests to run.
[INFO] 
[INFO] --- maven-jar-plugin:2.4:jar (default-jar) @ module-1 ---
[DEBUG] Dependency collection stats {ConflictMarker.analyzeTime=53750, ConflictMarker.markTime=25083, ConflictMarker.nodeCount=74, ConflictIdSorter.graphTime=20125, ConflictIdSorter.topsortTime=16166, ConflictIdSorter.conflictIdCount=28, ConflictIdSorter.conflictIdCycleCount=0, ConflictResolver.totalTime=282917, ConflictResolver.conflictItemCount=70, DefaultDependencyCollector.collectTime=7643916, DefaultDependencyCollector.transformTime=416542}
[DEBUG] org.apache.maven.plugins:maven-jar-plugin:jar:2.4
[DEBUG]    org.apache.maven:maven-plugin-api:jar:2.0.6:compile
[DEBUG]    org.apache.maven:maven-project:jar:2.0.6:compile
[DEBUG]       org.apache.maven:maven-settings:jar:2.0.6:compile
[DEBUG]       org.apache.maven:maven-profile:jar:2.0.6:compile
[DEBUG]       org.apache.maven:maven-artifact-manager:jar:2.0.6:compile
[DEBUG]          org.apache.maven:maven-repository-metadata:jar:2.0.6:compile
[DEBUG]       org.apache.maven:maven-plugin-registry:jar:2.0.6:compile
[DEBUG]       org.codehaus.plexus:plexus-container-default:jar:1.0-alpha-9-stable-1:compile
[DEBUG]          junit:junit:jar:3.8.1:compile
[DEBUG]          classworlds:classworlds:jar:1.1-alpha-2:compile
[DEBUG]    org.apache.maven:maven-model:jar:2.0.6:runtime
[DEBUG]    org.apache.maven:maven-artifact:jar:2.0.6:compile
[DEBUG]    org.apache.maven:maven-archiver:jar:2.5:compile
[DEBUG]       org.apache.maven:maven-core:jar:2.0.6:compile
[DEBUG]          org.apache.maven:maven-plugin-parameter-documenter:jar:2.0.6:compile
[DEBUG]          org.apache.maven.reporting:maven-reporting-api:jar:2.0.6:compile
[DEBUG]             org.apache.maven.doxia:doxia-sink-api:jar:1.0-alpha-7:compile
[DEBUG]          org.apache.maven:maven-error-diagnostics:jar:2.0.6:compile
[DEBUG]          commons-cli:commons-cli:jar:1.0:compile
[DEBUG]          org.apache.maven:maven-plugin-descriptor:jar:2.0.6:compile
[DEBUG]          org.codehaus.plexus:plexus-interactivity-api:jar:1.0-alpha-4:compile
[DEBUG]          org.apache.maven:maven-monitor:jar:2.0.6:compile
[DEBUG]       org.codehaus.plexus:plexus-interpolation:jar:1.15:compile
[DEBUG]    org.codehaus.plexus:plexus-archiver:jar:2.1:compile
[DEBUG]       org.codehaus.plexus:plexus-io:jar:2.0.2:compile
[DEBUG]    commons-lang:commons-lang:jar:2.1:compile
[DEBUG]    org.codehaus.plexus:plexus-utils:jar:3.0:compile
[DEBUG] Created new class realm plugin>org.apache.maven.plugins:maven-jar-plugin:2.4
[DEBUG] Importing foreign packages into class realm plugin>org.apache.maven.plugins:maven-jar-plugin:2.4
[DEBUG]   Imported:  < maven.api
[DEBUG] Populating class realm plugin>org.apache.maven.plugins:maven-jar-plugin:2.4
[DEBUG]   Included: org.apache.maven.plugins:maven-jar-plugin:jar:2.4
[DEBUG]   Included: junit:junit:jar:3.8.1
[DEBUG]   Included: org.apache.maven:maven-archiver:jar:2.5
[DEBUG]   Included: org.apache.maven.reporting:maven-reporting-api:jar:2.0.6
[DEBUG]   Included: org.apache.maven.doxia:doxia-sink-api:jar:1.0-alpha-7
[DEBUG]   Included: commons-cli:commons-cli:jar:1.0
[DEBUG]   Included: org.codehaus.plexus:plexus-interactivity-api:jar:1.0-alpha-4
[DEBUG]   Included: org.codehaus.plexus:plexus-interpolation:jar:1.15
[DEBUG]   Included: org.codehaus.plexus:plexus-archiver:jar:2.1
[DEBUG]   Included: org.codehaus.plexus:plexus-io:jar:2.0.2
[DEBUG]   Included: commons-lang:commons-lang:jar:2.1
[DEBUG]   Included: org.codehaus.plexus:plexus-utils:jar:3.0
[DEBUG] Configuring mojo org.apache.maven.plugins:maven-jar-plugin:2.4:jar from plugin realm ClassRealm[plugin>org.apache.maven.plugins:maven-jar-plugin:2.4, parent: jdk.internal.loader.ClassLoaders$AppClassLoader@1de0aca6]
[DEBUG] Configuring mojo 'org.apache.maven.plugins:maven-jar-plugin:2.4:jar' with basic configurator -->
[DEBUG]   (f) classesDirectory = /Users/msl/Projects/dependency-check-issue/module-1/target/classes
[DEBUG]   (f) defaultManifestFile = /Users/msl/Projects/dependency-check-issue/module-1/target/classes/META-INF/MANIFEST.MF
[DEBUG]   (f) finalName = module-1-1.0-SNAPSHOT
[DEBUG]   (f) forceCreation = false
[DEBUG]   (f) outputDirectory = /Users/msl/Projects/dependency-check-issue/module-1/target
[DEBUG]   (f) project = MavenProject: org.example.dependency.check:module-1:1.0-SNAPSHOT @ /Users/msl/Projects/dependency-check-issue/module-1/pom.xml
[DEBUG]   (f) session = org.apache.maven.execution.MavenSession@2330e3e0
[DEBUG]   (f) skipIfEmpty = false
[DEBUG]   (f) useDefaultManifestFile = false
[DEBUG] -- end configuration --
[WARNING] JAR will be empty - no content was marked for inclusion!
[DEBUG] isUp2date: false (Destination /Users/msl/Projects/dependency-check-issue/module-1/target/module-1-1.0-SNAPSHOT.jar not found.)
[INFO] Building jar: /Users/msl/Projects/dependency-check-issue/module-1/target/module-1-1.0-SNAPSHOT.jar
[DEBUG] adding directory META-INF/
[DEBUG] adding entry META-INF/MANIFEST.MF
[DEBUG] adding directory META-INF/maven/
[DEBUG] adding directory META-INF/maven/org.example.dependency.check/
[DEBUG] adding directory META-INF/maven/org.example.dependency.check/module-1/
[DEBUG] adding entry META-INF/maven/org.example.dependency.check/module-1/pom.xml
[DEBUG] adding entry META-INF/maven/org.example.dependency.check/module-1/pom.properties
[INFO] 
[INFO] --- dependency-check-maven:7.1.2:check (default) @ module-1 ---
[DEBUG] Configuring mojo org.owasp:dependency-check-maven:7.1.2:check from plugin realm ClassRealm[plugin>org.owasp:dependency-check-maven:7.1.2, parent: jdk.internal.loader.ClassLoaders$AppClassLoader@1de0aca6]
[DEBUG] Configuring mojo 'org.owasp:dependency-check-maven:7.1.2:check' with basic configurator -->
[DEBUG]   (f) artifactoryAnalyzerParallelAnalysis = true
[DEBUG]   (f) excludes = []
[DEBUG]   (f) failBuildOnAnyVulnerability = true
[DEBUG]   (f) failBuildOnCVSS = 11.0
[DEBUG]   (f) failOnError = true
[DEBUG]   (f) format = HTML
[DEBUG]   (f) formats = []
[DEBUG]   (f) junitFailOnCVSS = 0.0
[DEBUG]   (f) mavenSettings = org.apache.maven.execution.SettingsAdapter@4248b963
[DEBUG]   (f) name = dependency-check
[DEBUG]   (f) outputDirectory = /Users/msl/Projects/dependency-check-issue/module-1/target
[DEBUG]   (f) project = MavenProject: org.example.dependency.check:module-1:1.0-SNAPSHOT @ /Users/msl/Projects/dependency-check-issue/module-1/pom.xml
[DEBUG]   (f) reactorProjects = [MavenProject: org.example.dependency.check:parent:1.0-SNAPSHOT @ /Users/msl/Projects/dependency-check-issue/parent/pom.xml, MavenProject: org.example.dependency.check:module-1:1.0-SNAPSHOT @ /Users/msl/Projects/dependency-check-issue/module-1/pom.xml, MavenProject: org.example.dependency.check:module-2:1.0-SNAPSHOT @ /Users/msl/Projects/dependency-check-issue/module-2/pom.xml, MavenProject: org.example.dependency.check:dependency-check-issue:1.0-SNAPSHOT @ /Users/msl/Projects/dependency-check-issue/pom.xml]
[DEBUG]   (s) reportOutputDirectory = /Users/msl/Projects/dependency-check-issue/module-1/target/site
[DEBUG]   (f) retirejs = org.owasp.dependencycheck.maven.Retirejs@75b363c3
[DEBUG]   (f) scanDirectory = []
[DEBUG]   (f) session = org.apache.maven.execution.MavenSession@2330e3e0
[DEBUG]   (f) settingsXml = org.apache.maven.execution.SettingsAdapter@4248b963
[DEBUG]   (f) showSummary = true
[DEBUG]   (f) skip = false
[DEBUG]   (f) skipDependencyManagement = true
[DEBUG]   (f) skipProvidedScope = false
[DEBUG]   (f) skipRuntimeScope = false
[DEBUG]   (f) skipSystemScope = false
[DEBUG]   (f) skipTestScope = true
[DEBUG]   (f) suppressionFiles = [/Users/msl/Projects/dependency-check-issue/module-1/src/build/suppressions.xml]
[DEBUG]   (f) versionCheckEnabled = true
[DEBUG]   (f) virtualSnapshotsFromReactor = true
[DEBUG] -- end configuration --
[DEBUG] Properties loaded:

analyzer.cocoapods.enabled='true'
cve.url.base='https://nvd.nist.gov/feeds/json/cve/1.1/nvdcve-1.1-%d.json.gz'
proxy.disableSchemas='true'
cve.url.modified.validfordays='7'
analyzer.dependencybundling.enabled='true'
cve.url.original='https://nvd.nist.gov/feeds/json/cve/1.1/nvdcve-1.1-modified.json.gz'
odc.ecosystem.maxquerylimit.native='1000'
data.connection_string='jdbc:h2:file:%s;AUTOCOMMIT=ON;CACHE_SIZE=65536;RETENTION_TIME=1000;MAX_COMPACT_TIME=10000;'
archive.scan.depth='3'
analyzer.cmake.enabled='true'
analyzer.pipfile.enabled='true'
cve.download.waittime='4000'
odc.application.name='Dependency-Check Core'
analyzer.retirejs.repo.validforhours='24'
analyzer.node.package.enabled='true'
analyzer.central.url='https://search.maven.org/solrsearch/select'
analyzer.pe.enabled='true'
downloader.quick.query.timestamp='true'
analyzer.archive.enabled='true'
analyzer.retirejs.repo.js.url='https://raw.githubusercontent.com/Retirejs/retire.js/master/repository/jsrepository.json'
analyzer.swift.package.resolved.enabled='true'
cpe.url='https://static.nvd.nist.gov/feeds/xml/cpe/dictionary/official-cpe-dictionary_v2.3.xml.gz'
analyzer.ossindex.url='https://ossindex.sonatype.org'
analyzer.nvdcve.enabled='true'
analyzer.jar.enabled='true'
analyzer.cpe.enabled='true'
analyzer.cpanfile.enabled='true'
data.writelock.shutdownhook='org.owasp.dependencycheck.utils.WriteLockCleanupHook'
analyzer.central.query='%s?q=1:%s&wt=xml'
analyzer.bundle.audit.enabled='true'
analyzer.node.audit.use.cache='true'
analyzer.dependencymerging.enabled='true'
odc.settings.mask='.*password.*,.*token.*'
cpe.validfordays='30'
analyzer.pnpm.audit.enabled='true'
junit.fail.on.cvss='0'
central.content.url='https://search.maven.org/remotecontent?filepath='
analyzer.node.audit.url='https://registry.npmjs.org/-/npm/v1/security/audits'
odc.application.version='7.1.2'
analyzer.msbuildproject.enabled='true'
data.user='dcuser'
engine.version.url='https://jeremylong.github.io/DependencyCheck/current.txt'
odc.autoupdate='true'
analyzer.autoconf.enabled='true'
analyzer.cpesuppression.enabled='true'
analyzer.retirejs.enabled='true'
cve.check.validforhours='4'
analyzer.versionfilter.enabled='true'
analyzer.assembly.enabled='true'
cve.cpe.startswith.filter='cpe:2.3:a:'
analyzer.golang.dep.enabled='true'
odc.analysis.timeout='180'
analyzer.nexus.url='https://repository.sonatype.org/service/local/'
cve.url.base.defaultFilename='nvdcve-1.1-%d.json.gz'
analyzer.hint.enabled='true'
analyzer.retired.enabled='false'
database.batchinsert.enabled='true'
analyzer.openssl.enabled='true'
analyzer.swift.package.manager.enabled='true'
analyzer.nuspec.enabled='true'
analyzer.central.retry.count='7'
analyzer.central.use.cache='true'
updater.nvdcve.enabled='true'
analyzer.mix.audit.enabled='true'
max.download.threads='1'
analyzer.central.enabled='true'
analyzer.python.distribution.enabled='true'
analyzer.nexus.enabled='false'
cve.url.modified.defaultFilename='nvdcve-1.1-modified.json.gz'
odc.reports.pretty.print='false'
analyzer.artifactory.enabled='false'
analyzer.retirejs.filternonvulnerable='false'
analyzer.ossindex.enabled='true'
analyzer.central.parallel.analysis='false'
analyzer.nexus.proxy='true'
cve.startyear='2002'
odc.ecosystem.maxquerylimit.default='100'
nvd.newyear.grace.period='10'
downloader.tls.protocols='TLSv1.1,TLSv1.2,TLSv1.3'
data.file_name='odc.mv.db'
analyzer.ruby.gemspec.enabled='true'
analyzer.composer.lock.enabled='true'
data.version='5.2.1'
analyzer.vulnerabilitysuppression.enabled='true'
data.directory='[JAR]/data/7.0'
analyzer.experimental.enabled='false'
analyzer.golang.mod.enabled='true'
analyzer.filename.enabled='true'
analyzer.ossindex.use.cache='true'
analyzer.python.package.enabled='true'
updater.versioncheck.enabled='true'
ecosystem.skip.cpeanalyzer='npm'
analyzer.pip.enabled='true'
analyzer.falsepositive.enabled='true'
analyzer.node.audit.enabled='true'
analyzer.yarn.audit.enabled='true'
analyzer.npm.cpe.enabled='true'
database.batchinsert.maxsize='1000'
data.driver_name='org.h2.Driver'
data.password='********'
analyzer.nugetconf.enabled='true'
cve.url.modified='https://nvd.nist.gov/feeds/json/cve/1.1/nvdcve-1.1-modified.json.gz'

[DEBUG] Properties updated via merge:

analyzer.cocoapods.enabled='true'
cve.url.base='https://nvd.nist.gov/feeds/json/cve/1.1/nvdcve-1.1-%d.json.gz'
proxy.disableSchemas='true'
cve.url.modified.validfordays='7'
analyzer.dependencybundling.enabled='true'
cve.url.original='https://nvd.nist.gov/feeds/json/cve/1.1/nvdcve-1.1-modified.json.gz'
odc.ecosystem.maxquerylimit.native='1000'
data.connection_string='jdbc:h2:file:%s;AUTOCOMMIT=ON;CACHE_SIZE=65536;RETENTION_TIME=1000;MAX_COMPACT_TIME=10000;'
archive.scan.depth='3'
analyzer.cmake.enabled='true'
analyzer.pipfile.enabled='true'
cve.download.waittime='4000'
odc.application.name='Dependency-Check Core'
analyzer.retirejs.repo.validforhours='24'
analyzer.node.package.enabled='true'
analyzer.central.url='https://search.maven.org/solrsearch/select'
analyzer.pe.enabled='true'
downloader.quick.query.timestamp='true'
analyzer.archive.enabled='true'
analyzer.retirejs.repo.js.url='https://raw.githubusercontent.com/Retirejs/retire.js/master/repository/jsrepository.json'
analyzer.swift.package.resolved.enabled='true'
cpe.url='https://static.nvd.nist.gov/feeds/xml/cpe/dictionary/official-cpe-dictionary_v2.3.xml.gz'
analyzer.ossindex.url='https://ossindex.sonatype.org'
analyzer.nvdcve.enabled='true'
analyzer.jar.enabled='true'
analyzer.cpe.enabled='true'
analyzer.cpanfile.enabled='true'
data.writelock.shutdownhook='org.owasp.dependencycheck.utils.WriteLockCleanupHook'
analyzer.central.query='%s?q=1:%s&wt=xml'
analyzer.bundle.audit.enabled='true'
analyzer.node.audit.use.cache='true'
analyzer.dependencymerging.enabled='true'
odc.settings.mask='.*password.*,.*token.*'
cpe.validfordays='30'
analyzer.pnpm.audit.enabled='true'
junit.fail.on.cvss='0'
central.content.url='https://search.maven.org/remotecontent?filepath='
analyzer.node.audit.url='https://registry.npmjs.org/-/npm/v1/security/audits'
odc.application.version='7.1.2'
analyzer.msbuildproject.enabled='true'
data.user='dcuser'
engine.version.url='https://jeremylong.github.io/DependencyCheck/current.txt'
odc.autoupdate='true'
analyzer.autoconf.enabled='true'
analyzer.cpesuppression.enabled='true'
analyzer.retirejs.enabled='true'
cve.check.validforhours='4'
analyzer.versionfilter.enabled='true'
analyzer.assembly.enabled='true'
cve.cpe.startswith.filter='cpe:2.3:a:'
analyzer.golang.dep.enabled='true'
odc.analysis.timeout='180'
analyzer.nexus.url='https://repository.sonatype.org/service/local/'
cve.url.base.defaultFilename='nvdcve-1.1-%d.json.gz'
analyzer.hint.enabled='true'
analyzer.retired.enabled='false'
database.batchinsert.enabled='true'
analyzer.openssl.enabled='true'
analyzer.swift.package.manager.enabled='true'
analyzer.nuspec.enabled='true'
analyzer.central.retry.count='7'
analyzer.central.use.cache='true'
updater.nvdcve.enabled='true'
analyzer.mix.audit.enabled='true'
max.download.threads='1'
analyzer.central.enabled='false'
analyzer.python.distribution.enabled='true'
analyzer.nexus.enabled='false'
cve.url.modified.defaultFilename='nvdcve-1.1-modified.json.gz'
odc.reports.pretty.print='false'
analyzer.artifactory.enabled='false'
analyzer.retirejs.filternonvulnerable='false'
analyzer.ossindex.enabled='true'
analyzer.central.parallel.analysis='false'
analyzer.nexus.proxy='true'
cve.startyear='2002'
odc.ecosystem.maxquerylimit.default='100'
nvd.newyear.grace.period='10'
downloader.tls.protocols='TLSv1.1,TLSv1.2,TLSv1.3'
data.file_name='odc.mv.db'
analyzer.ruby.gemspec.enabled='true'
analyzer.composer.lock.enabled='true'
data.version='5.2.1'
analyzer.vulnerabilitysuppression.enabled='true'
data.directory='[JAR]/../../dependency-check-data/7.0'
analyzer.experimental.enabled='false'
analyzer.golang.mod.enabled='true'
analyzer.filename.enabled='true'
analyzer.ossindex.use.cache='true'
analyzer.python.package.enabled='true'
updater.versioncheck.enabled='true'
ecosystem.skip.cpeanalyzer='npm'
analyzer.pip.enabled='true'
analyzer.falsepositive.enabled='true'
analyzer.node.audit.enabled='true'
analyzer.yarn.audit.enabled='true'
analyzer.npm.cpe.enabled='true'
database.batchinsert.maxsize='1000'
data.driver_name='org.h2.Driver'
data.password='********'
analyzer.nugetconf.enabled='true'
cve.url.modified='https://nvd.nist.gov/feeds/json/cve/1.1/nvdcve-1.1-modified.json.gz'

[DEBUG] Setting: odc.maven.local.repo='/Users/msl/.m2/repository'
[DEBUG] Setting: suppression.file='["/Users/msl/Projects/dependency-check-issue/module-1/src/build/suppressions.xml"]'
[DEBUG] Setting: updater.versioncheck.enabled='true'
[DEBUG] Setting: junit.fail.on.cvss='0.0'
[DEBUG] Setting: analyzer.artifactory.parallel.analysis='true'
[DEBUG] Loaded Analyzer Archive Analyzer
[DEBUG] Loaded Analyzer File Name Analyzer
[DEBUG] Loaded Analyzer Jar Analyzer
[DEBUG] Loaded Analyzer Hint Analyzer
[DEBUG] Loaded Analyzer CPE Analyzer
[DEBUG] Loaded Analyzer False Positive Analyzer
[DEBUG] Loaded Analyzer Dependency Bundling Analyzer
[DEBUG] Loaded Analyzer Dependency Merging Analyzer
[DEBUG] Loaded Analyzer NVD CVE Analyzer
[DEBUG] Loaded Analyzer Vulnerability Suppression Analyzer
[DEBUG] Loaded Analyzer Central Analyzer
[DEBUG] Loaded Analyzer Nexus Analyzer
[DEBUG] Loaded Analyzer Artifactory Analyzer
[DEBUG] Loaded Analyzer Nuspec Analyzer
[DEBUG] Loaded Analyzer Nugetconf Analyzer
[DEBUG] Loaded Analyzer MSBuild Project Analyzer
[DEBUG] Loaded Analyzer Assembly Analyzer
[DEBUG] Loaded Analyzer OpenSSL Source Analyzer
[DEBUG] Loaded Analyzer Node.js Package Analyzer
[DEBUG] Loaded Analyzer Node Audit Analyzer
[DEBUG] Loaded Analyzer Yarn Audit Analyzer
[DEBUG] Loaded Analyzer Pnpm Audit Analyzer
[DEBUG] Loaded Analyzer RetireJS Analyzer
[DEBUG] Loaded Analyzer Ruby Bundle Audit Analyzer
[DEBUG] Loaded Analyzer Version Filter Analyzer
[DEBUG] Loaded Analyzer Sonatype OSS Index Analyzer
[DEBUG] Setting property [maxMemoryIdleTimeSeconds] to [3600].
[DEBUG] Setting property [diskUsagePattern] to [UPDATE].
[DEBUG] Setting property [shrinkerIntervalSeconds] to [60].
[DEBUG] Setting property [maxObjects] to [0].
[DEBUG] Setting property [memoryCacheName] to [org.apache.commons.jcs.engine.memory.lru.LRUMemoryCache].
[DEBUG] Setting property [useMemoryShrinker] to [false].
[DEBUG] Setting property [isEternal] to [false].
[DEBUG] Setting property [isSpool] to [true].
[DEBUG] Setting property [isLateral] to [false].
[DEBUG] Setting property [isRemote] to [false].
[DEBUG] Setting property [idleTime] to [1800].
[DEBUG] Setting property [maxLife] to [86400].
[DEBUG] Setting property [isLateral] to [false].
[DEBUG] Setting property [maxLife] to [2592000].
[DEBUG] Setting property [isRemote] to [false].
[DEBUG] Setting property [isSpool] to [true].
[DEBUG] Setting property [diskUsagePattern] to [UPDATE].
[DEBUG] Setting property [maxObjects] to [0].
[DEBUG] Setting property [maxLife] to [7776000].
[DEBUG] Setting property [isSpool] to [true].
[DEBUG] Setting property [isRemote] to [false].
[DEBUG] Setting property [isLateral] to [false].
[DEBUG] Setting property [maxObjects] to [0].
[DEBUG] Setting property [diskUsagePattern] to [UPDATE].
[DEBUG] Setting property [isRemote] to [false].
[DEBUG] Setting property [isSpool] to [true].
[DEBUG] Setting property [isLateral] to [false].
[DEBUG] Setting property [maxLife] to [86400].
[DEBUG] Setting property [diskUsagePattern] to [UPDATE].
[DEBUG] Setting property [maxObjects] to [0].
[DEBUG] building maven31 dependency graph for org.example.dependency.check:module-1:jar:1.0-SNAPSHOT with Maven31DependencyGraphBuilder
[DEBUG] Dependency collection stats {ConflictMarker.analyzeTime=22792, ConflictMarker.markTime=12000, ConflictMarker.nodeCount=3, ConflictIdSorter.graphTime=21333, ConflictIdSorter.topsortTime=5958, ConflictIdSorter.conflictIdCount=2, ConflictIdSorter.conflictIdCycleCount=0, ConflictResolver.totalTime=52500, ConflictResolver.conflictItemCount=2, DefaultDependencyCollector.collectTime=114166, DefaultDependencyCollector.transformTime=124000}
[DEBUG] org.example.dependency.check:module-1:jar:1.0-SNAPSHOT
[DEBUG]    org.apache.logging.log4j:log4j-core:jar:2.15.0:compile
[DEBUG]       org.apache.logging.log4j:log4j-api:jar:2.15.0:compile
[DEBUG] Dependency collection stats {ConflictMarker.analyzeTime=27500, ConflictMarker.markTime=13042, ConflictMarker.nodeCount=3, ConflictIdSorter.graphTime=12750, ConflictIdSorter.topsortTime=8250, ConflictIdSorter.conflictIdCount=2, ConflictIdSorter.conflictIdCycleCount=0, ConflictResolver.totalTime=56875, ConflictResolver.conflictItemCount=2, DefaultDependencyCollector.collectTime=113833, DefaultDependencyCollector.transformTime=127042}
[DEBUG] Adding new maven identifier org.apache.logging.log4j:log4j-core:2.15.0
[DEBUG] Adding project reference module-1 on dependency log4j-core-2.15.0.jar
[DEBUG] Adding new maven identifier org.apache.logging.log4j:log4j-api:2.15.0
[DEBUG] Adding project reference module-1 on dependency log4j-api-2.15.0.jar
[DEBUG] Scanning fileSet: /Users/msl/Projects/dependency-check-issue/module-1/src/main/resources
[DEBUG] Scanning fileSet: /Users/msl/Projects/dependency-check-issue/module-1/src/main/filters
[DEBUG] Scanning fileSet: /Users/msl/Projects/dependency-check-issue/module-1/src/main/webapp
[DEBUG] Scanning fileSet: /Users/msl/Projects/dependency-check-issue/module-1
[DEBUG] Settings.getDataFile() - file: '[JAR]/../../dependency-check-data/7.0'
[DEBUG] Settings.getDataFile() - transforming filename
[DEBUG] Settings.getDataFile() - jar file: '/Users/msl/.m2/repository/org/owasp/dependency-check-utils/7.1.2'
[DEBUG] Settings.getDataFile() - returning: '/Users/msl/.m2/repository/org/owasp/dependency-check-utils/7.1.2/../../dependency-check-data/7.0'
[DEBUG] Data directory: /Users/msl/.m2/repository/org/owasp/dependency-check-utils/7.1.2/../../dependency-check-data/7.0
[DEBUG] Connection String: 'jdbc:h2:file:/Users/msl/.m2/repository/org/owasp/dependency-check-data/7.0/odc;AUTOCOMMIT=ON;CACHE_SIZE=65536;RETENTION_TIME=1000;MAX_COMPACT_TIME=10000;'
[DEBUG] Settings.getDataFile() - file: '[JAR]/../../dependency-check-data/7.0'
[DEBUG] Settings.getDataFile() - transforming filename
[DEBUG] Settings.getDataFile() - jar file: '/Users/msl/.m2/repository/org/owasp/dependency-check-utils/7.1.2'
[DEBUG] Settings.getDataFile() - returning: '/Users/msl/.m2/repository/org/owasp/dependency-check-utils/7.1.2/../../dependency-check-data/7.0'
[DEBUG] Lock file created (main) 7e5170310f3759d45ebc859c205b4dad @ 2022-08-29 10:40:32.77
[DEBUG] Loading driver 'org.h2.Driver'
[DEBUG] Settings.getDataFile() - file: '[JAR]/../../dependency-check-data/7.0'
[DEBUG] Settings.getDataFile() - transforming filename
[DEBUG] Settings.getDataFile() - jar file: '/Users/msl/.m2/repository/org/owasp/dependency-check-utils/7.1.2'
[DEBUG] Settings.getDataFile() - returning: '/Users/msl/.m2/repository/org/owasp/dependency-check-utils/7.1.2/../../dependency-check-data/7.0'
[DEBUG] Data directory: /Users/msl/.m2/repository/org/owasp/dependency-check-utils/7.1.2/../../dependency-check-data/7.0
[DEBUG] Connection String: 'jdbc:h2:file:/Users/msl/.m2/repository/org/owasp/dependency-check-data/7.0/odc;AUTOCOMMIT=ON;CACHE_SIZE=65536;RETENTION_TIME=1000;MAX_COMPACT_TIME=10000;'
[DEBUG] Settings.getDataFile() - file: '[JAR]/../../dependency-check-data/7.0'
[DEBUG] Settings.getDataFile() - transforming filename
[DEBUG] Settings.getDataFile() - jar file: '/Users/msl/.m2/repository/org/owasp/dependency-check-utils/7.1.2'
[DEBUG] Settings.getDataFile() - returning: '/Users/msl/.m2/repository/org/owasp/dependency-check-utils/7.1.2/../../dependency-check-data/7.0'
[DEBUG] Need to create DB Structure: false
[DEBUG] Loading database connection
[DEBUG] Connection String: jdbc:h2:file:/Users/msl/.m2/repository/org/owasp/dependency-check-data/7.0/odc;AUTOCOMMIT=ON;CACHE_SIZE=65536;RETENTION_TIME=1000;MAX_COMPACT_TIME=10000;
[DEBUG] Database User: dcuser
[DEBUG] Database product: h2
[DEBUG] DC Schema: 5.2.1
[DEBUG] DB Schema: 5.2.1
[INFO] Checking for updates
[INFO] Skipping NVD check since last check was within 4 hours.
[DEBUG] Last NVD was at 1661731989, and now 1661733632 is within 14400 s.
[DEBUG] Begin Engine Version Check
[DEBUG] Last checked: 1659681547
[DEBUG] Now: 1661733632
[DEBUG] Current version: 7.1.2
[DEBUG] Upgrade not needed
[DEBUG] Settings.getDataFile() - file: '[JAR]/../../dependency-check-data/7.0'
[DEBUG] Settings.getDataFile() - transforming filename
[DEBUG] Settings.getDataFile() - jar file: '/Users/msl/.m2/repository/org/owasp/dependency-check-utils/7.1.2'
[DEBUG] Settings.getDataFile() - returning: '/Users/msl/.m2/repository/org/owasp/dependency-check-utils/7.1.2/../../dependency-check-data/7.0'
[DEBUG] Last updated: 1661731989907
[DEBUG] Now: 1661733632870
[INFO] Skipping RetireJS update since last update was within 24 hours.
[DEBUG] Closing database
[DEBUG] Cache cleared
[DEBUG] Connection closed
[DEBUG] Resources released
[DEBUG] Begin deregister driver
[DEBUG] End deregister driver
[INFO] Check for updates complete (21 ms)
[DEBUG] Settings.getDataFile() - file: '[JAR]/../../dependency-check-data/7.0'
[DEBUG] Settings.getDataFile() - transforming filename
[DEBUG] Settings.getDataFile() - jar file: '/Users/msl/.m2/repository/org/owasp/dependency-check-utils/7.1.2'
[DEBUG] Settings.getDataFile() - returning: '/Users/msl/.m2/repository/org/owasp/dependency-check-utils/7.1.2/../../dependency-check-data/7.0'
[DEBUG] Data directory: /Users/msl/.m2/repository/org/owasp/dependency-check-utils/7.1.2/../../dependency-check-data/7.0
[DEBUG] Connection String: 'jdbc:h2:file:/Users/msl/.m2/repository/org/owasp/dependency-check-data/7.0/odc;AUTOCOMMIT=ON;CACHE_SIZE=65536;RETENTION_TIME=1000;MAX_COMPACT_TIME=10000;'
[DEBUG] Settings.getDataFile() - file: '[JAR]/../../dependency-check-data/7.0'
[DEBUG] Settings.getDataFile() - transforming filename
[DEBUG] Settings.getDataFile() - jar file: '/Users/msl/.m2/repository/org/owasp/dependency-check-utils/7.1.2'
[DEBUG] Settings.getDataFile() - returning: '/Users/msl/.m2/repository/org/owasp/dependency-check-utils/7.1.2/../../dependency-check-data/7.0'
[DEBUG] Temporary directory is `/var/folders/18/5dfl6p1x6y5379vx26z65tvh0000gp/T/dctemp2467460e-2a4e-466b-af4b-6fe43d137026`
[DEBUG] copying database /Users/msl/.m2/repository/org/owasp/dependency-check-utils/7.1.2/../../dependency-check-data/7.0/odc.mv.db to /var/folders/18/5dfl6p1x6y5379vx26z65tvh0000gp/T/dctemp2467460e-2a4e-466b-af4b-6fe43d137026
[DEBUG] Setting: data.h2.directory='/var/folders/18/5dfl6p1x6y5379vx26z65tvh0000gp/T/dctemp2467460e-2a4e-466b-af4b-6fe43d137026'
[DEBUG] Setting: data.connection_string='jdbc:h2:file:%s;AUTOCOMMIT=ON;CACHE_SIZE=65536;RETENTION_TIME=1000;MAX_COMPACT_TIME=10000;ACCESS_MODE_DATA=r'
[DEBUG] Loading driver 'org.h2.Driver'
[DEBUG] Settings.getDataFile() - file: '/var/folders/18/5dfl6p1x6y5379vx26z65tvh0000gp/T/dctemp2467460e-2a4e-466b-af4b-6fe43d137026'
[DEBUG] Data directory: /var/folders/18/5dfl6p1x6y5379vx26z65tvh0000gp/T/dctemp2467460e-2a4e-466b-af4b-6fe43d137026
[DEBUG] Connection String: 'jdbc:h2:file:/private/var/folders/18/5dfl6p1x6y5379vx26z65tvh0000gp/T/dctemp2467460e-2a4e-466b-af4b-6fe43d137026/odc;AUTOCOMMIT=ON;CACHE_SIZE=65536;RETENTION_TIME=1000;MAX_COMPACT_TIME=10000;ACCESS_MODE_DATA=r'
[DEBUG] Settings.getDataFile() - file: '/var/folders/18/5dfl6p1x6y5379vx26z65tvh0000gp/T/dctemp2467460e-2a4e-466b-af4b-6fe43d137026'
[DEBUG] Need to create DB Structure: false
[DEBUG] Loading database connection
[DEBUG] Connection String: jdbc:h2:file:/private/var/folders/18/5dfl6p1x6y5379vx26z65tvh0000gp/T/dctemp2467460e-2a4e-466b-af4b-6fe43d137026/odc;AUTOCOMMIT=ON;CACHE_SIZE=65536;RETENTION_TIME=1000;MAX_COMPACT_TIME=10000;ACCESS_MODE_DATA=r
[DEBUG] Database User: dcuser
[DEBUG] Database product: h2
[DEBUG] DC Schema: 5.2.1
[DEBUG] DB Schema: 5.2.1
[DEBUG] Lock released (main) 7e5170310f3759d45ebc859c205b4dad @ 2022-08-29 10:40:32.93
[INFO] 

Dependency-Check is an open source tool performing a best effort analysis of 3rd party dependencies; false positives and false negatives may exist in the analysis performed by the tool. Use of the tool and the reporting provided constitutes acceptance for use in an AS IS condition, and there are NO warranties, implied or otherwise, with regard to the analysis or its use. Any use of the tool and the reporting provided is at the users risk. In no event shall the copyright holder or OWASP be held liable for any damages whatsoever arising out of or in connection with the use of this tool, the analysis performed, or the resulting report.


   About ODC: https://jeremylong.github.io/DependencyCheck/general/internals.html
   False Positives: https://jeremylong.github.io/DependencyCheck/general/suppression.html

 Sponsor: https://github.com/sponsors/jeremylong


[DEBUG] 
----------------------------------------------------
BEGIN ANALYSIS
----------------------------------------------------
[INFO] Analysis Started
[DEBUG] Initializing Archive Analyzer
[DEBUG] Starting Archive Analyzer
[DEBUG] Parallel processing with up to 10 threads: Archive Analyzer.
[DEBUG] Begin Analysis of '/Users/msl/.m2/repository/org/apache/logging/log4j/log4j-core/2.15.0/log4j-core-2.15.0.jar' (Archive Analyzer)
[DEBUG] Begin Analysis of '/Users/msl/.m2/repository/org/apache/logging/log4j/log4j-api/2.15.0/log4j-api-2.15.0.jar' (Archive Analyzer)
[INFO] Finished Archive Analyzer (0 seconds)
[DEBUG] Initializing Ruby Bundle Audit Analyzer
[DEBUG] Skipping Ruby Bundle Audit Analyzer (not enabled)
[DEBUG] Initializing File Name Analyzer
[DEBUG] Starting File Name Analyzer
[DEBUG] Parallel processing with up to 10 threads: File Name Analyzer.
[DEBUG] Begin Analysis of '/Users/msl/.m2/repository/org/apache/logging/log4j/log4j-core/2.15.0/log4j-core-2.15.0.jar' (File Name Analyzer)
[DEBUG] Begin Analysis of '/Users/msl/.m2/repository/org/apache/logging/log4j/log4j-api/2.15.0/log4j-api-2.15.0.jar' (File Name Analyzer)
[INFO] Finished File Name Analyzer (0 seconds)
[DEBUG] Initializing Jar Analyzer
[DEBUG] Starting Jar Analyzer
[DEBUG] Parallel processing with up to 10 threads: Jar Analyzer.
[DEBUG] Begin Analysis of '/Users/msl/.m2/repository/org/apache/logging/log4j/log4j-api/2.15.0/log4j-api-2.15.0.jar' (Jar Analyzer)
[DEBUG] Begin Analysis of '/Users/msl/.m2/repository/org/apache/logging/log4j/log4j-core/2.15.0/log4j-core-2.15.0.jar' (Jar Analyzer)
[DEBUG] Reading pom entry: META-INF/maven/org.apache.logging.log4j/log4j-api/pom.xml
[DEBUG] Read pom.properties: META-INF/maven/org.apache.logging.log4j/log4j-api/pom.properties
[DEBUG] Reading pom entry: META-INF/maven/org.apache.logging.log4j/log4j-core/pom.xml
[DEBUG] Read pom.properties: META-INF/maven/org.apache.logging.log4j/log4j-core/pom.properties
[INFO] Finished Jar Analyzer (0 seconds)
[DEBUG] Initializing Central Analyzer
[DEBUG] Central Analyzer has been disabled
[DEBUG] Skipping Central Analyzer (not enabled)
[DEBUG] Initializing Nexus Analyzer
[DEBUG] Nexus Analyzer has been disabled
[DEBUG] Skipping Nexus Analyzer (not enabled)
[DEBUG] Initializing Artifactory Analyzer
[DEBUG] Artifactory Analyzer has been disabled
[DEBUG] Skipping Artifactory Analyzer (not enabled)
[DEBUG] Initializing Nuspec Analyzer
[DEBUG] Skipping Nuspec Analyzer (not enabled)
[DEBUG] Initializing Nugetconf Analyzer
[DEBUG] Skipping Nugetconf Analyzer (not enabled)
[DEBUG] Initializing MSBuild Project Analyzer
[DEBUG] Skipping MSBuild Project Analyzer (not enabled)
[DEBUG] Initializing Assembly Analyzer
[DEBUG] Skipping Assembly Analyzer (not enabled)
[DEBUG] Initializing OpenSSL Source Analyzer
[DEBUG] Skipping OpenSSL Source Analyzer (not enabled)
[DEBUG] Initializing Node.js Package Analyzer
[DEBUG] Skipping Node.js Package Analyzer (not enabled)
[DEBUG] Initializing Dependency Merging Analyzer
[DEBUG] Starting Dependency Merging Analyzer
[DEBUG] Parallel processing is not supported: Dependency Merging Analyzer.
[DEBUG] Begin Analysis of '/Users/msl/.m2/repository/org/apache/logging/log4j/log4j-core/2.15.0/log4j-core-2.15.0.jar' (Dependency Merging Analyzer)
[DEBUG] Begin Analysis of '/Users/msl/.m2/repository/org/apache/logging/log4j/log4j-api/2.15.0/log4j-api-2.15.0.jar' (Dependency Merging Analyzer)
[INFO] Finished Dependency Merging Analyzer (0 seconds)
[DEBUG] Initializing Version Filter Analyzer
[DEBUG] Starting Version Filter Analyzer
[DEBUG] Parallel processing with up to 10 threads: Version Filter Analyzer.
[DEBUG] Begin Analysis of '/Users/msl/.m2/repository/org/apache/logging/log4j/log4j-core/2.15.0/log4j-core-2.15.0.jar' (Version Filter Analyzer)
[DEBUG] Begin Analysis of '/Users/msl/.m2/repository/org/apache/logging/log4j/log4j-api/2.15.0/log4j-api-2.15.0.jar' (Version Filter Analyzer)
[INFO] Finished Version Filter Analyzer (0 seconds)
[DEBUG] Initializing Hint Analyzer
[DEBUG] 48 hint rules were loaded.
[DEBUG] 6 duplicating hint rules were loaded.
[DEBUG] Starting Hint Analyzer
[DEBUG] Parallel processing with up to 10 threads: Hint Analyzer.
[DEBUG] Begin Analysis of '/Users/msl/.m2/repository/org/apache/logging/log4j/log4j-core/2.15.0/log4j-core-2.15.0.jar' (Hint Analyzer)
[DEBUG] Begin Analysis of '/Users/msl/.m2/repository/org/apache/logging/log4j/log4j-api/2.15.0/log4j-api-2.15.0.jar' (Hint Analyzer)
[INFO] Finished Hint Analyzer (0 seconds)
[DEBUG] Initializing CPE Analyzer
[INFO] Created CPE Index (0 seconds)
[DEBUG] Skipping CPE Analysis for npm
[DEBUG] Starting CPE Analyzer
[DEBUG] Parallel processing with up to 10 threads: CPE Analyzer.
[DEBUG] Begin Analysis of '/Users/msl/.m2/repository/org/apache/logging/log4j/log4j-core/2.15.0/log4j-core-2.15.0.jar' (CPE Analyzer)
[DEBUG] Begin Analysis of '/Users/msl/.m2/repository/org/apache/logging/log4j/log4j-api/2.15.0/log4j-api-2.15.0.jar' (CPE Analyzer)
[DEBUG] vendor search: {apache=1, org.apache.logging.log4j=1, org=1, logging=1, log4j-api=1, log4j=1}
[DEBUG] vendor search: {core=1, apache=1, org.apache.logging.log4j=1, org=1, logging=1, log4j-core=1, log4j=1}
[DEBUG] product search: {log4j-apiv2=1, logging2=1, apache2=1, org=1, log4j-api2=1, log4j-api=1, log4j2=1, orgv2=1, apache=1, org.apache.logging.log4j=1, org.apache.logging.log4j2=1, org.apache.logging.log4jv2=1, logging=1, log4jv2=1, org2=1, loggingv2=1, log4j=1, apachev2=1}
[DEBUG] product search: {logging2=1, apache2=1, org=1, log4j-corev2=1, log4j2=1, core=1, orgv2=1, apache=1, org.apache.logging.log4j=1, core2=1, org.apache.logging.log4j2=1, org.apache.logging.log4jv2=1, logging=1, log4jv2=1, org2=1, corev2=1, loggingv2=1, log4j-core=1, log4j=1, log4j-core2=1, apachev2=1}
[DEBUG] product:(log4j\-apiv2 logging2^2 logging^2 apache2 org log4j\-api2 log4j\-api log4j2^2 log4j^2 orgv2 apache org.apache.logging.log4j org.apache.logging.log4j2 org.apache.logging.log4jv2 logging^2 log4jv2 org2 loggingv2 log4j^2 apachev2) AND vendor:(apache^2 org.apache.logging.log4j org logging^2 log4j\-api log4j^2)
[DEBUG] product:(logging2^2 logging^2 apache2 org log4j\-corev2 log4j2^2 log4j^2 core^2 orgv2 apache org.apache.logging.log4j core2^2 core^2 org.apache.logging.log4j2 org.apache.logging.log4jv2 logging^2 log4jv2 org2 corev2 loggingv2 log4j\-core log4j^2 log4j\-core2 apachev2) AND vendor:(core apache^2 org.apache.logging.log4j org logging^2 log4j\-core log4j^2)
[DEBUG] identified vendor/product: apache/log4j
[DEBUG] identified vendor/product: apache/log4j
[DEBUG] identified vendor/product: jcore/jcore
[INFO] Finished CPE Analyzer (0 seconds)
[DEBUG] Initializing False Positive Analyzer
[DEBUG] Starting False Positive Analyzer
[DEBUG] Parallel processing with up to 10 threads: False Positive Analyzer.
[DEBUG] Begin Analysis of '/Users/msl/.m2/repository/org/apache/logging/log4j/log4j-core/2.15.0/log4j-core-2.15.0.jar' (False Positive Analyzer)
[DEBUG] Begin Analysis of '/Users/msl/.m2/repository/org/apache/logging/log4j/log4j-api/2.15.0/log4j-api-2.15.0.jar' (False Positive Analyzer)
[INFO] Finished False Positive Analyzer (0 seconds)
[DEBUG] Initializing NVD CVE Analyzer
[DEBUG] Starting NVD CVE Analyzer
[DEBUG] Parallel processing with up to 10 threads: NVD CVE Analyzer.
[DEBUG] Begin Analysis of '/Users/msl/.m2/repository/org/apache/logging/log4j/log4j-core/2.15.0/log4j-core-2.15.0.jar' (NVD CVE Analyzer)
[DEBUG] Begin Analysis of '/Users/msl/.m2/repository/org/apache/logging/log4j/log4j-api/2.15.0/log4j-api-2.15.0.jar' (NVD CVE Analyzer)
[DEBUG] Cache miss for cpe:2.3:a:apache:log4j:2.15.0:*:*:*:*:*:*:*
[DEBUG] Cache miss for cpe:2.3:a:apache:log4j:2.15.0:*:*:*:*:*:*:*
[INFO] Finished NVD CVE Analyzer (0 seconds)
[DEBUG] Initializing Node Audit Analyzer
[DEBUG] Skipping Node Audit Analyzer (not enabled)
[DEBUG] Initializing Yarn Audit Analyzer
[DEBUG] Skipping Yarn Audit Analyzer (not enabled)
[DEBUG] Initializing Pnpm Audit Analyzer
[DEBUG] Skipping Pnpm Audit Analyzer (not enabled)
[DEBUG] Initializing RetireJS Analyzer
[DEBUG] Skipping RetireJS Analyzer (not enabled)
[DEBUG] Initializing Sonatype OSS Index Analyzer
[DEBUG] Starting Sonatype OSS Index Analyzer
[DEBUG] Parallel processing with up to 10 threads: Sonatype OSS Index Analyzer.
[DEBUG] Begin Analysis of '/Users/msl/.m2/repository/org/apache/logging/log4j/log4j-core/2.15.0/log4j-core-2.15.0.jar' (Sonatype OSS Index Analyzer)
[DEBUG] Begin Analysis of '/Users/msl/.m2/repository/org/apache/logging/log4j/log4j-api/2.15.0/log4j-api-2.15.0.jar' (Sonatype OSS Index Analyzer)
[DEBUG] Requesting component-reports for 2 dependencies
[DEBUG] OS type: MAC
[DEBUG] Settings.getDataFile() - file: '[JAR]/../../dependency-check-data/7.0'
[DEBUG] Settings.getDataFile() - transforming filename
[DEBUG] Settings.getDataFile() - jar file: '/Users/msl/.m2/repository/org/owasp/dependency-check-utils/7.1.2'
[DEBUG] Settings.getDataFile() - returning: '/Users/msl/.m2/repository/org/owasp/dependency-check-utils/7.1.2/../../dependency-check-data/7.0'
[DEBUG] OSS Index Cache: org.sonatype.ossindex.service.client.cache.DirectoryCache$Configuration@6b4539cd
[DEBUG] User-agent: dependency-check/7.1.2 (Mac OS X; 12.5.1; aarch64; 18.0.2)
[DEBUG] Transport: org.owasp.dependencycheck.data.ossindex.ODCConnectionTransport@5221c31a
[DEBUG] Marshaller: org.sonatype.ossindex.service.client.marshal.GsonMarshaller@d211db7
[DEBUG] Base URL: https://ossindex.sonatype.org/
[DEBUG] Batch size: 128
[DEBUG] Marshaller: org.sonatype.ossindex.service.client.marshal.GsonMarshaller@6190607
[DEBUG] Base-directory: /Users/msl/.m2/repository/org/owasp/dependency-check-utils/7.1.2/../../dependency-check-data/7.0/oss_cache
[DEBUG] Expire after: PT86400S
[DEBUG] Report cache: DirectoryCache{baseDir=/Users/msl/.m2/repository/org/owasp/dependency-check-utils/7.1.2/../../dependency-check-data/7.0/oss_cache, expireAfter=PT86400S}
[DEBUG] OSS Index Analyzer submitting: [pkg:maven/org.apache.logging.log4j/log4j-api@2.15.0, pkg:maven/org.apache.logging.log4j/log4j-core@2.15.0]
[DEBUG] Requesting 2 component-reports
[DEBUG] Found cached report for: pkg:maven/org.apache.logging.log4j/log4j-api@2.15.0
[DEBUG] Found cached report for: pkg:maven/org.apache.logging.log4j/log4j-core@2.15.0
[DEBUG] 2 component-reports; 12.70 ms
[DEBUG] Enrich dependency: Dependency{ fileName='log4j-core-2.15.0.jar', actualFilePath='/Users/msl/.m2/repository/org/apache/logging/log4j/log4j-core/2.15.0/log4j-core-2.15.0.jar', filePath='/Users/msl/.m2/repository/org/apache/logging/log4j/log4j-core/2.15.0/log4j-core-2.15.0.jar', packagePath='/Users/msl/.m2/repository/org/apache/logging/log4j/log4j-core/2.15.0/log4j-core-2.15.0.jar'}
[DEBUG]   Package: pkg:maven/org.apache.logging.log4j/log4j-core@2.15.0 -> HIGH
[DEBUG] Enrich dependency: Dependency{ fileName='log4j-api-2.15.0.jar', actualFilePath='/Users/msl/.m2/repository/org/apache/logging/log4j/log4j-api/2.15.0/log4j-api-2.15.0.jar', filePath='/Users/msl/.m2/repository/org/apache/logging/log4j/log4j-api/2.15.0/log4j-api-2.15.0.jar', packagePath='/Users/msl/.m2/repository/org/apache/logging/log4j/log4j-api/2.15.0/log4j-api-2.15.0.jar'}
[DEBUG]   Package: pkg:maven/org.apache.logging.log4j/log4j-api@2.15.0 -> HIGH
[INFO] Finished Sonatype OSS Index Analyzer (0 seconds)
[DEBUG] Initializing Vulnerability Suppression Analyzer
[DEBUG] Starting Vulnerability Suppression Analyzer
[DEBUG] Parallel processing with up to 10 threads: Vulnerability Suppression Analyzer.
[DEBUG] Begin Analysis of '/Users/msl/.m2/repository/org/apache/logging/log4j/log4j-core/2.15.0/log4j-core-2.15.0.jar' (Vulnerability Suppression Analyzer)
[DEBUG] Begin Analysis of '/Users/msl/.m2/repository/org/apache/logging/log4j/log4j-api/2.15.0/log4j-api-2.15.0.jar' (Vulnerability Suppression Analyzer)
[INFO] Finished Vulnerability Suppression Analyzer (0 seconds)
[DEBUG] Initializing Dependency Bundling Analyzer
[DEBUG] Starting Dependency Bundling Analyzer
[DEBUG] Parallel processing is not supported: Dependency Bundling Analyzer.
[DEBUG] Begin Analysis of '/Users/msl/.m2/repository/org/apache/logging/log4j/log4j-core/2.15.0/log4j-core-2.15.0.jar' (Dependency Bundling Analyzer)
[DEBUG] IdentifiersMatch=true (log4j-api-2.15.0.jar, log4j-core-2.15.0.jar)
[DEBUG] Begin Analysis of '/Users/msl/.m2/repository/org/apache/logging/log4j/log4j-api/2.15.0/log4j-api-2.15.0.jar' (Dependency Bundling Analyzer)
[INFO] Finished Dependency Bundling Analyzer (0 seconds)
[DEBUG] Closing Analyzer 'Archive Analyzer'
[DEBUG] Attempting to delete temporary files from `/var/folders/18/5dfl6p1x6y5379vx26z65tvh0000gp/T/dctemp2467460e-2a4e-466b-af4b-6fe43d137026/check12656213681620554700tmp`
[DEBUG] Closing Analyzer 'Ruby Bundle Audit Analyzer'
[DEBUG] Closing Analyzer 'File Name Analyzer'
[DEBUG] Closing Analyzer 'Jar Analyzer'
[DEBUG] Attempting to delete temporary files from `/var/folders/18/5dfl6p1x6y5379vx26z65tvh0000gp/T/dctemp2467460e-2a4e-466b-af4b-6fe43d137026/check16157725696198401044tmp`
[DEBUG] Closing Analyzer 'Central Analyzer'
[DEBUG] Closing Analyzer 'Nexus Analyzer'
[DEBUG] Closing Analyzer 'Artifactory Analyzer'
[DEBUG] Closing Analyzer 'Nuspec Analyzer'
[DEBUG] Closing Analyzer 'Nugetconf Analyzer'
[DEBUG] Closing Analyzer 'MSBuild Project Analyzer'
[DEBUG] Closing Analyzer 'Assembly Analyzer'
[DEBUG] Closing Analyzer 'OpenSSL Source Analyzer'
[DEBUG] Closing Analyzer 'Node.js Package Analyzer'
[DEBUG] Closing Analyzer 'Dependency Merging Analyzer'
[DEBUG] Closing Analyzer 'Version Filter Analyzer'
[DEBUG] Closing Analyzer 'Hint Analyzer'
[DEBUG] Closing Analyzer 'CPE Analyzer'
[DEBUG] Closing Analyzer 'False Positive Analyzer'
[DEBUG] Closing Analyzer 'NVD CVE Analyzer'
[DEBUG] Closing Analyzer 'Node Audit Analyzer'
[DEBUG] Closing Analyzer 'Yarn Audit Analyzer'
[DEBUG] Closing Analyzer 'Pnpm Audit Analyzer'
[DEBUG] Closing Analyzer 'RetireJS Analyzer'
[DEBUG] Closing Analyzer 'Sonatype OSS Index Analyzer'
[DEBUG] Closing Analyzer 'Vulnerability Suppression Analyzer'
[DEBUG] Closing Analyzer 'Dependency Bundling Analyzer'
[DEBUG] 
----------------------------------------------------
END ANALYSIS
----------------------------------------------------
[INFO] Analysis Complete (0 seconds)
[DEBUG] Initializing Velocity, Calling init()...
[DEBUG] Starting Apache Velocity v2.3
[DEBUG] Default Properties resource: org/apache/velocity/runtime/defaults/velocity.properties
[DEBUG] ResourceLoader instantiated: org.apache.velocity.runtime.resource.loader.FileResourceLoader
[DEBUG] FileResourceLoader: adding path '.'
[DEBUG] initialized (class org.apache.velocity.runtime.resource.ResourceCacheImpl) with class java.util.Collections$SynchronizedMap cache map.
[DEBUG] Loaded System Directive: org.apache.velocity.runtime.directive.Stop
[DEBUG] Loaded System Directive: org.apache.velocity.runtime.directive.Define
[DEBUG] Loaded System Directive: org.apache.velocity.runtime.directive.Break
[DEBUG] Loaded System Directive: org.apache.velocity.runtime.directive.Evaluate
[DEBUG] Loaded System Directive: org.apache.velocity.runtime.directive.Macro
[DEBUG] Loaded System Directive: org.apache.velocity.runtime.directive.Parse
[DEBUG] Loaded System Directive: org.apache.velocity.runtime.directive.Include
[DEBUG] Loaded System Directive: org.apache.velocity.runtime.directive.Foreach
[DEBUG] Created '20' parsers.
[DEBUG] "velocimacro.library.path" is not set. Trying default library: velocimacros.vtl
[DEBUG] Default library velocimacros.vtl not found. Trying old default library: VM_global_library.vm
[DEBUG] Old default library VM_global_library.vm not found.
[DEBUG] allowInline = true: VMs can be defined inline in templates
[DEBUG] allowInlineToOverride = false: VMs defined inline may NOT replace previous VM definitions
[DEBUG] allowInlineLocal = false: VMs defined inline will be global in scope if allowed.
[DEBUG] autoload off: VM system will not automatically reload global library macros
[INFO] Writing report to: /Users/msl/Projects/dependency-check-issue/module-1/target/dependency-check-report.html
[DEBUG] added VM writeHtmlException: source=org.apache.velocity.Template@4ac19bc6
[WARNING] 

One or more dependencies were identified with known vulnerabilities in module-1:

log4j-core-2.15.0.jar (pkg:maven/org.apache.logging.log4j/log4j-core@2.15.0, cpe:2.3:a:apache:log4j:2.15.0:*:*:*:*:*:*:*) : CVE-2021-45046, CVE-2021-44832, CVE-2021-45105


See the dependency-check report for more details.


[DEBUG] Closing database
[DEBUG] Cache cleared
[DEBUG] Connection closed
[DEBUG] Resources released
[DEBUG] Begin deregister driver
[DEBUG] End deregister driver
[DEBUG] Deleting ALL temporary files from `/var/folders/18/5dfl6p1x6y5379vx26z65tvh0000gp/T/dctemp2467460e-2a4e-466b-af4b-6fe43d137026`
[INFO] ------------------------------------------------------------------------
[INFO] Reactor Summary for dependency-check-issue 1.0-SNAPSHOT:
[INFO] 
[INFO] parent ............................................. SUCCESS [  2.458 s]
[INFO] module-1 ........................................... FAILURE [  1.544 s]
[INFO] module-2 ........................................... SKIPPED
[INFO] dependency-check-issue ............................. SKIPPED
[INFO] ------------------------------------------------------------------------
[INFO] BUILD FAILURE
[INFO] ------------------------------------------------------------------------
[INFO] Total time:  4.074 s
[INFO] Finished at: 2022-08-29T10:40:33+10:00
[INFO] ------------------------------------------------------------------------
[ERROR] Failed to execute goal org.owasp:dependency-check-maven:7.1.2:check (default) on project module-1: 
[ERROR] 
[ERROR] One or more dependencies were identified with vulnerabilities: 
[ERROR] 
[ERROR] log4j-core-2.15.0.jar: CVE-2021-44832(6.6), CVE-2021-45105(5.9), CVE-2021-45046(9.0)
[ERROR] 
[ERROR] See the dependency-check report for more details.
[ERROR] -> [Help 1]
org.apache.maven.lifecycle.LifecycleExecutionException: Failed to execute goal org.owasp:dependency-check-maven:7.1.2:check (default) on project module-1: 

One or more dependencies were identified with vulnerabilities: 

log4j-core-2.15.0.jar: CVE-2021-44832(6.6), CVE-2021-45105(5.9), CVE-2021-45046(9.0)

See the dependency-check report for more details.


    at org.apache.maven.lifecycle.internal.MojoExecutor.doExecute2 (MojoExecutor.java:375)
    at org.apache.maven.lifecycle.internal.MojoExecutor.doExecute (MojoExecutor.java:351)
    at org.apache.maven.lifecycle.internal.MojoExecutor.execute (MojoExecutor.java:215)
    at org.apache.maven.lifecycle.internal.MojoExecutor.execute (MojoExecutor.java:171)
    at org.apache.maven.lifecycle.internal.MojoExecutor.execute (MojoExecutor.java:163)
    at org.apache.maven.lifecycle.internal.LifecycleModuleBuilder.buildProject (LifecycleModuleBuilder.java:117)
    at org.apache.maven.lifecycle.internal.LifecycleModuleBuilder.buildProject (LifecycleModuleBuilder.java:81)
    at org.apache.maven.lifecycle.internal.builder.singlethreaded.SingleThreadedBuilder.build (SingleThreadedBuilder.java:56)
    at org.apache.maven.lifecycle.internal.LifecycleStarter.execute (LifecycleStarter.java:128)
    at org.apache.maven.DefaultMaven.doExecute (DefaultMaven.java:294)
    at org.apache.maven.DefaultMaven.doExecute (DefaultMaven.java:192)
    at org.apache.maven.DefaultMaven.execute (DefaultMaven.java:105)
    at org.apache.maven.cli.MavenCli.execute (MavenCli.java:960)
    at org.apache.maven.cli.MavenCli.doMain (MavenCli.java:293)
    at org.apache.maven.cli.MavenCli.main (MavenCli.java:196)
    at jdk.internal.reflect.DirectMethodHandleAccessor.invoke (DirectMethodHandleAccessor.java:104)
    at java.lang.reflect.Method.invoke (Method.java:577)
    at org.codehaus.plexus.classworlds.launcher.Launcher.launchEnhanced (Launcher.java:282)
    at org.codehaus.plexus.classworlds.launcher.Launcher.launch (Launcher.java:225)
    at org.codehaus.plexus.classworlds.launcher.Launcher.mainWithExitCode (Launcher.java:406)
    at org.codehaus.plexus.classworlds.launcher.Launcher.main (Launcher.java:347)
Caused by: org.apache.maven.plugin.MojoFailureException: 

One or more dependencies were identified with vulnerabilities: 

log4j-core-2.15.0.jar: CVE-2021-44832(6.6), CVE-2021-45105(5.9), CVE-2021-45046(9.0)

See the dependency-check report for more details.


    at org.owasp.dependencycheck.maven.BaseDependencyCheckMojo.checkForFailure (BaseDependencyCheckMojo.java:2473)
    at org.owasp.dependencycheck.maven.BaseDependencyCheckMojo.runCheck (BaseDependencyCheckMojo.java:1845)
    at org.owasp.dependencycheck.maven.BaseDependencyCheckMojo.execute (BaseDependencyCheckMojo.java:1001)
    at org.apache.maven.plugin.DefaultBuildPluginManager.executeMojo (DefaultBuildPluginManager.java:137)
    at org.apache.maven.lifecycle.internal.MojoExecutor.doExecute2 (MojoExecutor.java:370)
    at org.apache.maven.lifecycle.internal.MojoExecutor.doExecute (MojoExecutor.java:351)
    at org.apache.maven.lifecycle.internal.MojoExecutor.execute (MojoExecutor.java:215)
    at org.apache.maven.lifecycle.internal.MojoExecutor.execute (MojoExecutor.java:171)
    at org.apache.maven.lifecycle.internal.MojoExecutor.execute (MojoExecutor.java:163)
    at org.apache.maven.lifecycle.internal.LifecycleModuleBuilder.buildProject (LifecycleModuleBuilder.java:117)
    at org.apache.maven.lifecycle.internal.LifecycleModuleBuilder.buildProject (LifecycleModuleBuilder.java:81)
    at org.apache.maven.lifecycle.internal.builder.singlethreaded.SingleThreadedBuilder.build (SingleThreadedBuilder.java:56)
    at org.apache.maven.lifecycle.internal.LifecycleStarter.execute (LifecycleStarter.java:128)
    at org.apache.maven.DefaultMaven.doExecute (DefaultMaven.java:294)
    at org.apache.maven.DefaultMaven.doExecute (DefaultMaven.java:192)
    at org.apache.maven.DefaultMaven.execute (DefaultMaven.java:105)
    at org.apache.maven.cli.MavenCli.execute (MavenCli.java:960)
    at org.apache.maven.cli.MavenCli.doMain (MavenCli.java:293)
    at org.apache.maven.cli.MavenCli.main (MavenCli.java:196)
    at jdk.internal.reflect.DirectMethodHandleAccessor.invoke (DirectMethodHandleAccessor.java:104)
    at java.lang.reflect.Method.invoke (Method.java:577)
    at org.codehaus.plexus.classworlds.launcher.Launcher.launchEnhanced (Launcher.java:282)
    at org.codehaus.plexus.classworlds.launcher.Launcher.launch (Launcher.java:225)
    at org.codehaus.plexus.classworlds.launcher.Launcher.mainWithExitCode (Launcher.java:406)
    at org.codehaus.plexus.classworlds.launcher.Launcher.main (Launcher.java:347)
[ERROR] 
[ERROR] 
[ERROR] For more information about the errors and possible solutions, please read the following articles:
[ERROR] [Help 1] http://cwiki.apache.org/confluence/display/MAVEN/MojoFailureException
[ERROR] 
[ERROR] After correcting the problems, you can resume the build with the command
[ERROR]   mvn <args> -rf :module-1
